07:04:12.025 [main                     ] DEBUG Logger               - Configured Logger
07:04:12.041 [main                     ] DEBUG GameApplication      - Logging settings
Title: Space Invaders
Version: 0.2
Width: 800
Height: 600
Fullscreen: false
Intro: false
Profiling: false
Single step:false
App Mode: DEVELOPER
Menu Key: ESCAPE
Stage Style: DECORATED
Scene Factory: class com.almasb.fxgl.app.scene.SceneFactory

07:04:12.330 [JavaFX Application Thread] DEBUG FXGLApplication      - Initializing FXGL
07:04:12.332 [JavaFX Application Thread] INFO  Engine               - FXGL-17.2 (20.08.2022 16.50) on WINDOWS (J:20.0.1 FX:20)
07:04:12.333 [JavaFX Application Thread] DEBUG Engine               - JRE Vendor Name: Oracle Corporation
07:04:12.333 [JavaFX Application Thread] DEBUG Engine               - Running on OS: Windows 11 version 10.0
07:04:12.333 [JavaFX Application Thread] DEBUG Engine               - Architecture: amd64
07:04:12.333 [JavaFX Application Thread] INFO  Engine               - Source code and latest versions at: https://github.com/AlmasB/FXGL
07:04:12.333 [JavaFX Application Thread] INFO  Engine               -       Ask questions and discuss at: https://github.com/AlmasB/FXGL/discussions
07:04:12.333 [JavaFX Application Thread] INFO  Engine               -              Join the FXGL chat at: https://gitter.im/AlmasB/FXGL
07:04:12.393 [JavaFX Application Thread] DEBUG PrimaryStageWindow   - Creating a JavaFX scene
07:04:12.424 [JavaFX Application Thread] DEBUG PrimaryStageWindow   - Target settings size: 800.0 x 600.0
07:04:12.424 [JavaFX Application Thread] DEBUG PrimaryStageWindow   - Scaled scene size:    800.0 x 600.0
07:04:12.425 [JavaFX Application Thread] DEBUG PrimaryStageWindow   - Scaled ratio: (1.0, 1.0)
07:04:12.426 [JavaFX Application Thread] DEBUG PrimaryStageWindow   - Set initial scene to FXGLStartupScene
07:04:12.427 [JavaFX Application Thread] DEBUG PrimaryStageWindow   - Opening main window
07:04:12.494 [JavaFX Application Thread] DEBUG PrimaryStageWindow   - Window border size: (16.0, 39.0)
07:04:12.495 [JavaFX Application Thread] DEBUG PrimaryStageWindow   - Scaled size: 800.0 x 600.0
07:04:12.495 [JavaFX Application Thread] DEBUG PrimaryStageWindow   - Scaled ratio: (1.0, 1.0)
07:04:12.495 [JavaFX Application Thread] DEBUG PrimaryStageWindow   - Scene size: 800.0 x 600.0
07:04:12.495 [JavaFX Application Thread] DEBUG PrimaryStageWindow   - Stage size: 816.0 x 639.0
07:04:12.501 [FXGL Background Thread 1 ] DEBUG Engine               - Initializing environment variables
07:04:12.534 [FXGL Background Thread 1 ] DEBUG FXGLAssetLoaderServi - User app class for loading assets: class game.spaceinvaders.SpaceInvadersApplication
07:04:12.534 [FXGL Background Thread 1 ] DEBUG GameApplicationServi - Applying CSS: fxgl_dark.css
07:04:12.534 [FXGL Background Thread 1 ] DEBUG FXGLAssetLoaderServi - Loading from file system: jar:file:///C:/Users/xdan1/.m2/repository/com/github/almasb/fxgl/17.2/fxgl-17.2.jar!/fxglassets/ui/css/fxgl_dark.css
07:04:12.567 [FXGL Background Thread 1 ] DEBUG GameApplicationServi - Initializing application scenes
07:04:12.590 [FXGL Background Thread 1 ] DEBUG GameWorld            - Game world initialized
07:04:12.634 [FXGL Background Thread 1 ] DEBUG PhysicsWorld         - Physics world initialized: appHeight=600, physics.ppm=50,0
07:04:12.634 [FXGL Background Thread 1 ] DEBUG PhysicsWorld         - Using strategy: BRUTE_FORCE
07:04:12.636 [FXGL Background Thread 1 ] DEBUG GameScene            - Game scene initialized: 800x600
07:04:12.644 [FXGL Background Thread 1 ] DEBUG FXGL.DefaultMenu     - createMenuBodyMainMenu()
07:04:12.653 [FXGL Background Thread 1 ] DEBUG FXGL.DefaultMenu     - createOptionsMenu()
07:04:12.659 [FXGL Background Thread 1 ] DEBUG FXGLAssetLoaderServi - Loading from file system: jar:file:///C:/Users/xdan1/.m2/repository/com/github/almasb/fxgl/17.2/fxgl-17.2.jar!/fxglassets/textures/particles/smoke.png
07:04:12.716 [FXGL Background Thread 1 ] DEBUG FXGLAssetLoaderServi - Loading from file system: jar:file:///C:/Users/xdan1/.m2/repository/com/github/almasb/fxgl/17.2/fxgl-17.2.jar!/fxglassets/textures/particles/trace_horizontal.png
07:04:12.736 [FXGL Background Thread 1 ] DEBUG FXGL.DefaultMenu     - createMenuBodyGameMenu()
07:04:12.736 [FXGL Background Thread 1 ] DEBUG FXGL.DefaultMenu     - createOptionsMenu()
07:04:12.745 [FXGL Background Thread 1 ] DEBUG GameApplicationServi - Application scenes initialized
07:04:12.753 [FXGL Background Thread 1 ] DEBUG SystemBundleService  - Loading FXGL system data
07:04:12.757 [FXGL Background Thread 1 ] DEBUG FileSystemAccess     - Reading from: C:\Users\xdan1\OneDrive\Documentos\IdeaProjects\SpaceInvaders\system\fxgl.bundle
07:04:12.763 [FXGL Background Thread 1 ] DEBUG SystemBundleService  - Bundle FXGL: {}
07:04:12.763 [FXGL Background Thread 1 ] DEBUG UpdaterService       - Checking for updates
07:04:12.765 [FXGL Background Thread 4 ] DEBUG FXGLApplication      - Loading fonts
07:04:12.766 [FXGL Background Thread 1 ] DEBUG FXGLApplication      - Loading default localization
07:04:12.766 [FXGL Background Thread 4 ] DEBUG FXGLAssetLoaderServi - Loading from file system: jar:file:///C:/Users/xdan1/.m2/repository/com/github/almasb/fxgl/17.2/fxgl-17.2.jar!/fxglassets/ui/fonts/VarelaRound-Regular.ttf
07:04:12.766 [FXGL Background Thread 1 ] DEBUG FXGLAssetLoaderServi - Loading from file system: jar:file:///C:/Users/xdan1/.m2/repository/com/github/almasb/fxgl/17.2/fxgl-17.2.jar!/fxglassets/languages/english.lang
07:04:12.779 [FXGL Background Thread 1 ] INFO  FXGLApplication      - FXGL initialization took: 0,278 sec
07:04:12.790 [JavaFX Application Thread] DEBUG Input                - Registered new binding: action0 - LMB
07:04:12.791 [JavaFX Application Thread] DEBUG Input                - Registered new binding: action1 - RMB
07:04:12.795 [JavaFX Application Thread] DEBUG Input                - Registered new binding: action2 - D
07:04:12.795 [JavaFX Application Thread] DEBUG Input                - Registered new binding: action3 - A
07:04:12.796 [JavaFX Application Thread] DEBUG Input                - Registered new binding: action4 - W
07:04:12.796 [JavaFX Application Thread] DEBUG Input                - Registered new binding: action5 - S
07:04:12.796 [JavaFX Application Thread] DEBUG Input                - Registered new binding: action6 - Space
07:04:12.796 [JavaFX Application Thread] DEBUG Input                - Registered new binding: Pause - Esc
07:04:12.797 [JavaFX Application Thread] DEBUG FXGLAssetLoaderServi - Loading from file system: file:/C:/Users/xdan1/OneDrive/Documentos/IdeaProjects/SpaceInvaders/target/classes/assets/textures/icons/logo.png
07:04:12.805 [FXGL Background Thread 4 ] DEBUG FXGLAssetLoaderServi - Loading from file system: jar:file:///C:/Users/xdan1/.m2/repository/com/github/almasb/fxgl/17.2/fxgl-17.2.jar!/fxglassets/ui/fonts/Abel-Regular.ttf
07:04:12.808 [JavaFX Application Thread] DEBUG FXGLAssetLoaderServi - Loading from file system: jar:file:///C:/Users/xdan1/.m2/repository/com/github/almasb/fxgl/17.2/fxgl-17.2.jar!/fxglassets/textures/fxgl_default_cursor.png
07:04:12.810 [JavaFX Application Thread] DEBUG Input                - Registered new binding: Screenshot - CTRL+8
07:04:12.811 [JavaFX Application Thread] DEBUG Input                - Registered new binding: System info dump - CTRL+9
07:04:12.811 [JavaFX Application Thread] DEBUG Input                - Registered new binding: Restart - CTRL+R
07:04:12.811 [JavaFX Application Thread] DEBUG Input                - Registered new binding: Toggle Debug Camera - CTRL+7
07:04:12.813 [FXGL Background Thread 4 ] DEBUG FXGLAssetLoaderServi - Loading from file system: jar:file:///C:/Users/xdan1/.m2/repository/com/github/almasb/fxgl/17.2/fxgl-17.2.jar!/fxglassets/ui/fonts/TerminalLandMono-Regular.otf
07:04:12.813 [JavaFX Application Thread] DEBUG LoopRunner           - Starting loop
07:04:12.813 [JavaFX Application Thread] DEBUG LoopRunner           - Initializing JavaFX AnimationTimerLoop
07:04:12.815 [JavaFX Application Thread] DEBUG Input                - Clearing active input actions
07:04:12.820 [FXGL Background Thread 4 ] DEBUG FXGLAssetLoaderServi - Loading from file system: jar:file:///C:/Users/xdan1/.m2/repository/com/github/almasb/fxgl/17.2/fxgl-17.2.jar!/fxglassets/ui/fonts/Courier-Prime.ttf
07:04:12.821 [JavaFX Application Thread] DEBUG GameApplicationServi - Removing overlay from FXGLStartupScene and adding to FXGLMainMenuDummyScene
07:04:12.822 [JavaFX Application Thread] DEBUG PrimaryStageWindow   - FXGLStartupScene -> FXGLMainMenuDummyScene
07:04:12.822 [JavaFX Application Thread] DEBUG PrimaryStageWindow   - Push state: FXGLDefaultMenu
07:04:12.825 [JavaFX Application Thread] DEBUG Input                - Clearing active input actions
07:04:12.831 [JavaFX Application Thread] DEBUG GameApplicationServi - Removing overlay from FXGLMainMenuDummyScene and adding to FXGLDefaultMenu
07:04:12.831 [JavaFX Application Thread] DEBUG PrimaryStageWindow   - FXGLMainMenuDummyScene -> FXGLDefaultMenu
07:04:12.883 [JavaFX Application Thread] DEBUG FXGLApplication      - Registering font factories with UI factory
07:04:13.067 [FXGL Background Thread 2 ] INFO  UpdaterService       - Your current version:  17.2
07:04:13.067 [FXGL Background Thread 2 ] INFO  UpdaterService       - Latest stable version: 17.3
07:04:13.375 [JavaFX Application Thread] DEBUG Menu                 - fireNewGame()
07:04:13.375 [JavaFX Application Thread] DEBUG GameApplicationServi - Starting new game
07:04:13.376 [JavaFX Application Thread] DEBUG PrimaryStageWindow   - Pop state: FXGLDefaultMenu
07:04:13.376 [JavaFX Application Thread] DEBUG Input                - Clearing active input actions
07:04:13.376 [JavaFX Application Thread] DEBUG GameApplicationServi - Removing overlay from FXGLDefaultMenu and adding to FXGLMainMenuDummyScene
07:04:13.377 [JavaFX Application Thread] DEBUG PrimaryStageWindow   - FXGLMainMenuDummyScene <- FXGLDefaultMenu
07:04:13.377 [JavaFX Application Thread] DEBUG Input                - Clearing active input actions
07:04:13.381 [JavaFX Application Thread] DEBUG GameApplicationServi - Removing overlay from FXGLMainMenuDummyScene and adding to FXGLLoadingScene
07:04:13.382 [JavaFX Application Thread] DEBUG PrimaryStageWindow   - FXGLMainMenuDummyScene -> FXGLLoadingScene
07:04:13.382 [JavaFX Application Thread] DEBUG GameApplicationServi - Clearing previous game
07:04:13.382 [JavaFX Application Thread] DEBUG GameScene            - Clearing game scene
07:04:13.382 [JavaFX Application Thread] DEBUG GameWorld            - Clearing game world
07:04:13.382 [JavaFX Application Thread] DEBUG PhysicsWorld         - Clearing physics world
07:04:13.383 [FXGL Background Thread 2 ] DEBUG FXGLApplication      - Initializing game
07:04:13.499 [FXGL Background Thread 2 ] INFO  FXGLApplication      - Game initialization took: 0,115 sec
07:04:13.499 [JavaFX Application Thread] DEBUG Input                - Clearing active input actions
07:04:13.503 [JavaFX Application Thread] DEBUG GameApplicationServi - Removing overlay from FXGLLoadingScene and adding to GameScene
07:04:13.503 [JavaFX Application Thread] DEBUG PrimaryStageWindow   - FXGLLoadingScene -> GameScene
07:04:14.213 [JavaFX Application Thread] DEBUG FXGLAssetLoaderServi - Loading from file system: file:/C:/Users/xdan1/OneDrive/Documentos/IdeaProjects/SpaceInvaders/target/classes/assets/textures/explosion.png
07:04:15.766 [FXGL Background Thread 3 ] DEBUG Engine               - Logging environment variables
07:04:15.766 [FXGL Background Thread 3 ] DEBUG Engine               - achievements: []
07:04:15.766 [FXGL Background Thread 3 ] DEBUG Engine               - actualHeight: 600.0
07:04:15.766 [FXGL Background Thread 3 ] DEBUG Engine               - actualHeightProperty: ReadOnlyDoubleProperty [value: 600.0]
07:04:15.766 [FXGL Background Thread 3 ] DEBUG Engine               - actualWidth: 800.0
07:04:15.766 [FXGL Background Thread 3 ] DEBUG Engine               - actualWidthProperty: ReadOnlyDoubleProperty [value: 800.0]
07:04:15.766 [FXGL Background Thread 3 ] DEBUG Engine               - appIcon: icons/logo.png
07:04:15.766 [FXGL Background Thread 3 ] DEBUG Engine               - applicationMode: DEVELOPER
07:04:15.766 [FXGL Background Thread 3 ] DEBUG Engine               - cSSList: [fxgl_dark.css]
07:04:15.766 [FXGL Background Thread 3 ] DEBUG Engine               - collisionDetectionStrategy: BRUTE_FORCE
07:04:15.766 [FXGL Background Thread 3 ] DEBUG Engine               - configClass: Optional.empty
07:04:15.766 [FXGL Background Thread 3 ] DEBUG Engine               - credits: []
07:04:15.766 [FXGL Background Thread 3 ] DEBUG Engine               - defaultCursor: CursorInfo(imageName=fxgl_default_cursor.png, hotspotX=7.0, hotspotY=6.0)
07:04:15.767 [FXGL Background Thread 3 ] DEBUG Engine               - devBBoxColorProperty: ObjectProperty [value: 0xff0000ff]
07:04:15.767 [FXGL Background Thread 3 ] DEBUG Engine               - devEnableDebugCameraProperty: BooleanProperty [value: false]
07:04:15.767 [FXGL Background Thread 3 ] DEBUG Engine               - devSensorColorProperty: ObjectProperty [value: 0xffff00ff]
07:04:15.767 [FXGL Background Thread 3 ] DEBUG Engine               - devShowBBoxProperty: BooleanProperty [value: false]
07:04:15.767 [FXGL Background Thread 3 ] DEBUG Engine               - devShowPositionProperty: BooleanProperty [value: false]
07:04:15.767 [FXGL Background Thread 3 ] DEBUG Engine               - enabledMenuItems: []
07:04:15.767 [FXGL Background Thread 3 ] DEBUG Engine               - engineServices: [class com.almasb.fxgl.app.services.FXGLAssetLoaderService, class com.almasb.fxgl.app.FXGLApplication$GameApplicationService, class com.almasb.fxgl.app.services.FXGLDialogService, class com.almasb.fxgl.app.services.IOTaskExecutorService, class com.almasb.fxgl.io.FileSystemService, class com.almasb.fxgl.localization.LocalizationService, class com.almasb.fxgl.app.services.SystemBundleService, class com.almasb.fxgl.profile.SaveLoadService, class com.almasb.fxgl.ui.FXGLUIFactoryServiceProvider, class com.almasb.fxgl.ui.FXGLDialogFactoryServiceProvider, class com.almasb.fxgl.audio.AudioPlayer, class com.almasb.fxgl.notification.impl.NotificationServiceProvider, class com.almasb.fxgl.achievement.AchievementService, class com.almasb.fxgl.cutscene.CutsceneService, class com.almasb.fxgl.minigames.MiniGameService, class com.almasb.fxgl.net.NetService, class com.almasb.fxgl.app.services.UpdaterService, class com.almasb.fxgl.dev.DevService]
07:04:15.767 [FXGL Background Thread 3 ] DEBUG Engine               - fontGame: Abel-Regular.ttf
07:04:15.767 [FXGL Background Thread 3 ] DEBUG Engine               - fontMono: TerminalLandMono-Regular.otf
07:04:15.767 [FXGL Background Thread 3 ] DEBUG Engine               - fontText: Courier-Prime.ttf
07:04:15.767 [FXGL Background Thread 3 ] DEBUG Engine               - fontUI: VarelaRound-Regular.ttf
07:04:15.767 [FXGL Background Thread 3 ] DEBUG Engine               - fullScreen: BooleanProperty [value: false]
07:04:15.767 [FXGL Background Thread 3 ] DEBUG Engine               - gameDifficulty: MEDIUM
07:04:15.767 [FXGL Background Thread 3 ] DEBUG Engine               - gameDifficultyProperty: ObjectProperty [value: MEDIUM]
07:04:15.767 [FXGL Background Thread 3 ] DEBUG Engine               - globalMusicVolume: 0.5
07:04:15.767 [FXGL Background Thread 3 ] DEBUG Engine               - globalMusicVolumeProperty: DoubleProperty [value: 0.5]
07:04:15.767 [FXGL Background Thread 3 ] DEBUG Engine               - globalSoundVolume: 0.5
07:04:15.767 [FXGL Background Thread 3 ] DEBUG Engine               - globalSoundVolumeProperty: DoubleProperty [value: 0.5]
07:04:15.767 [FXGL Background Thread 3 ] DEBUG Engine               - height: 600
07:04:15.767 [FXGL Background Thread 3 ] DEBUG Engine               - is3D: false
07:04:15.767 [FXGL Background Thread 3 ] DEBUG Engine               - isAndroid: false
07:04:15.767 [FXGL Background Thread 3 ] DEBUG Engine               - isBrowser: false
07:04:15.767 [FXGL Background Thread 3 ] DEBUG Engine               - isClickFeedbackEnabled: false
07:04:15.767 [FXGL Background Thread 3 ] DEBUG Engine               - isCloseConfirmation: false
07:04:15.767 [FXGL Background Thread 3 ] DEBUG Engine               - isDesktop: true
07:04:15.767 [FXGL Background Thread 3 ] DEBUG Engine               - isDeveloperMenuEnabled: false
07:04:15.767 [FXGL Background Thread 3 ] DEBUG Engine               - isEmbedded: false
07:04:15.767 [FXGL Background Thread 3 ] DEBUG Engine               - isEntityPreloadEnabled: true
07:04:15.767 [FXGL Background Thread 3 ] DEBUG Engine               - isExperimentalTiledLargeMap: false
07:04:15.767 [FXGL Background Thread 3 ] DEBUG Engine               - isFileSystemWriteAllowed: true
07:04:15.767 [FXGL Background Thread 3 ] DEBUG Engine               - isFullScreenAllowed: false
07:04:15.767 [FXGL Background Thread 3 ] DEBUG Engine               - isFullScreenFromStart: false
07:04:15.767 [FXGL Background Thread 3 ] DEBUG Engine               - isGameMenuEnabled: true
07:04:15.767 [FXGL Background Thread 3 ] DEBUG Engine               - isIOS: false
07:04:15.767 [FXGL Background Thread 3 ] DEBUG Engine               - isIntroEnabled: false
07:04:15.767 [FXGL Background Thread 3 ] DEBUG Engine               - isLinux: false
07:04:15.767 [FXGL Background Thread 3 ] DEBUG Engine               - isMac: false
07:04:15.767 [FXGL Background Thread 3 ] DEBUG Engine               - isMainMenuEnabled: true
07:04:15.767 [FXGL Background Thread 3 ] DEBUG Engine               - isManualResizeEnabled: false
07:04:15.768 [FXGL Background Thread 3 ] DEBUG Engine               - isMobile: false
07:04:15.768 [FXGL Background Thread 3 ] DEBUG Engine               - isNative: false
07:04:15.768 [FXGL Background Thread 3 ] DEBUG Engine               - isPauseMusicWhenMinimized: true
07:04:15.768 [FXGL Background Thread 3 ] DEBUG Engine               - isPreserveResizeRatio: false
07:04:15.768 [FXGL Background Thread 3 ] DEBUG Engine               - isProfilingEnabled: false
07:04:15.768 [FXGL Background Thread 3 ] DEBUG Engine               - isScaleAffectedOnResize: true
07:04:15.768 [FXGL Background Thread 3 ] DEBUG Engine               - isSingleStep: false
07:04:15.768 [FXGL Background Thread 3 ] DEBUG Engine               - isUserProfileEnabled: false
07:04:15.768 [FXGL Background Thread 3 ] DEBUG Engine               - isWindows: true
07:04:15.768 [FXGL Background Thread 3 ] DEBUG Engine               - language: ObjectProperty [value: ENGLISH]
07:04:15.768 [FXGL Background Thread 3 ] DEBUG Engine               - menuKey: ESCAPE
07:04:15.768 [FXGL Background Thread 3 ] DEBUG Engine               - mouseSensitivity: 0.2
07:04:15.768 [FXGL Background Thread 3 ] DEBUG Engine               - notificationViewClass: class com.almasb.fxgl.notification.view.XboxNotificationView
07:04:15.768 [FXGL Background Thread 3 ] DEBUG Engine               - pixelsPerMeter: 50.0
07:04:15.768 [FXGL Background Thread 3 ] DEBUG Engine               - platform: WINDOWS
07:04:15.768 [FXGL Background Thread 3 ] DEBUG Engine               - prefHeightProperty: ReadOnlyDoubleProperty [value: 600.0]
07:04:15.768 [FXGL Background Thread 3 ] DEBUG Engine               - prefWidthProperty: ReadOnlyDoubleProperty [value: 800.0]
07:04:15.768 [FXGL Background Thread 3 ] DEBUG Engine               - profileDir: profiles/
07:04:15.768 [FXGL Background Thread 3 ] DEBUG Engine               - profileName: StringProperty [value: DEFAULT]
07:04:15.768 [FXGL Background Thread 3 ] DEBUG Engine               - randomSeed: -1
07:04:15.768 [FXGL Background Thread 3 ] DEBUG Engine               - runtimeInfo: RuntimeInfo(platform=WINDOWS, version=17.2, build=20.08.2022 16.50)
07:04:15.768 [FXGL Background Thread 3 ] DEBUG Engine               - saveFileExt: sav
07:04:15.768 [FXGL Background Thread 3 ] DEBUG Engine               - scaledHeightProp$fxgl: DoubleProperty [bound, value: 600.0]
07:04:15.768 [FXGL Background Thread 3 ] DEBUG Engine               - scaledWidthProp$fxgl: DoubleProperty [bound, value: 800.0]
07:04:15.768 [FXGL Background Thread 3 ] DEBUG Engine               - sceneFactory: com.almasb.fxgl.app.scene.SceneFactory@71417b81
07:04:15.768 [FXGL Background Thread 3 ] DEBUG Engine               - secondsIn24h: 60
07:04:15.768 [FXGL Background Thread 3 ] DEBUG Engine               - soundMenuBack: menu/back.wav
07:04:15.768 [FXGL Background Thread 3 ] DEBUG Engine               - soundMenuPress: menu/press.wav
07:04:15.768 [FXGL Background Thread 3 ] DEBUG Engine               - soundMenuSelect: menu/select.wav
07:04:15.768 [FXGL Background Thread 3 ] DEBUG Engine               - soundNotification: core/notification.wav
07:04:15.768 [FXGL Background Thread 3 ] DEBUG Engine               - stageStyle: DECORATED
07:04:15.768 [FXGL Background Thread 3 ] DEBUG Engine               - supportedLanguages: [ENGLISH, FRENCH, GERMAN, HUNGARIAN, RUSSIAN]
07:04:15.768 [FXGL Background Thread 3 ] DEBUG Engine               - ticksPerSecond: -1
07:04:15.768 [FXGL Background Thread 3 ] DEBUG Engine               - title: Space Invaders
07:04:15.768 [FXGL Background Thread 3 ] DEBUG Engine               - urlGithub: https://github.com/AlmasB/FXGL
07:04:15.768 [FXGL Background Thread 3 ] DEBUG Engine               - urlLeaderboard: http://fxgl-top.herokuapp.com/
07:04:15.768 [FXGL Background Thread 3 ] DEBUG Engine               - urlPOM: https://raw.githubusercontent.com/AlmasB/FXGL/release/README.md
07:04:15.768 [FXGL Background Thread 3 ] DEBUG Engine               - userAppClass: class game.spaceinvaders.SpaceInvadersApplication
07:04:15.768 [FXGL Background Thread 3 ] DEBUG Engine               - version: 0.2
07:04:15.769 [FXGL Background Thread 3 ] DEBUG Engine               - versionCheckDays: 7
07:04:15.769 [FXGL Background Thread 3 ] DEBUG Engine               - width: 800
07:04:15.769 [FXGL Background Thread 3 ] DEBUG Engine               - Logging services
07:04:15.769 [FXGL Background Thread 3 ] DEBUG Engine               - class com.almasb.fxgl.app.services.FXGLAssetLoaderService
07:04:15.769 [FXGL Background Thread 3 ] DEBUG Engine               - class com.almasb.fxgl.app.FXGLApplication$GameApplicationService
07:04:15.769 [FXGL Background Thread 3 ] DEBUG Engine               - class com.almasb.fxgl.app.services.FXGLDialogService
07:04:15.769 [FXGL Background Thread 3 ] DEBUG Engine               - class com.almasb.fxgl.app.services.IOTaskExecutorService
07:04:15.769 [FXGL Background Thread 3 ] DEBUG Engine               - class com.almasb.fxgl.io.FileSystemService
07:04:15.769 [FXGL Background Thread 3 ] DEBUG Engine               - class com.almasb.fxgl.localization.LocalizationService
07:04:15.769 [FXGL Background Thread 3 ] DEBUG Engine               - class com.almasb.fxgl.app.services.SystemBundleService
07:04:15.769 [FXGL Background Thread 3 ] DEBUG Engine               - class com.almasb.fxgl.profile.SaveLoadService
07:04:15.769 [FXGL Background Thread 3 ] DEBUG Engine               - class com.almasb.fxgl.ui.FXGLUIFactoryServiceProvider
07:04:15.769 [FXGL Background Thread 3 ] DEBUG Engine               - class com.almasb.fxgl.ui.FXGLDialogFactoryServiceProvider
07:04:15.769 [FXGL Background Thread 3 ] DEBUG Engine               - class com.almasb.fxgl.audio.AudioPlayer
07:04:15.769 [FXGL Background Thread 3 ] DEBUG Engine               - class com.almasb.fxgl.notification.impl.NotificationServiceProvider
07:04:15.769 [FXGL Background Thread 3 ] DEBUG Engine               - class com.almasb.fxgl.achievement.AchievementService
07:04:15.769 [FXGL Background Thread 3 ] DEBUG Engine               - class com.almasb.fxgl.cutscene.CutsceneService
07:04:15.769 [FXGL Background Thread 3 ] DEBUG Engine               - class com.almasb.fxgl.minigames.MiniGameService
07:04:15.769 [FXGL Background Thread 3 ] DEBUG Engine               - class com.almasb.fxgl.net.NetService
07:04:15.769 [FXGL Background Thread 3 ] DEBUG Engine               - class com.almasb.fxgl.app.services.UpdaterService
07:04:15.769 [FXGL Background Thread 3 ] DEBUG Engine               - class com.almasb.fxgl.dev.DevService
07:05:18.889 [JavaFX Application Thread] DEBUG FXGLApplication      - Exiting FXGL
07:05:18.889 [JavaFX Application Thread] DEBUG LoopRunner           - Stopping loop
07:05:18.889 [JavaFX Application Thread] DEBUG SystemBundleService  - Saving FXGL system data
07:05:18.890 [JavaFX Application Thread] DEBUG FileSystemAccess     - Writing to: C:\Users\xdan1\OneDrive\Documentos\IdeaProjects\SpaceInvaders\system\fxgl.bundle
07:05:18.891 [JavaFX Application Thread] DEBUG Async                - Shutting down background threads
07:05:18.893 [JavaFX Application Thread] DEBUG PrimaryStageWindow   - Closing main window
07:05:18.902 [JavaFX Application Thread] DEBUG Logger               - Closing Logger
