07:50:43.098 [main                     ] DEBUG Logger               - Configured Logger
07:50:43.114 [main                     ] DEBUG GameApplication      - Logging settings
Title: Bounce
Version: 0.2
Width: 800
Height: 600
Fullscreen: false
Intro: false
Profiling: false
Single step:false
App Mode: DEVELOPER
Menu Key: ESCAPE
Stage Style: DECORATED
Scene Factory: class com.almasb.fxgl.app.scene.SceneFactory

07:50:43.386 [JavaFX Application Thread] DEBUG FXGLApplication      - Initializing FXGL
07:50:43.388 [JavaFX Application Thread] INFO  Engine               - FXGL-17.2 (20.08.2022 16.50) on WINDOWS (J:20.0.1 FX:20)
07:50:43.389 [JavaFX Application Thread] DEBUG Engine               - JRE Vendor Name: Oracle Corporation
07:50:43.389 [JavaFX Application Thread] DEBUG Engine               - Running on OS: Windows 11 version 10.0
07:50:43.389 [JavaFX Application Thread] DEBUG Engine               - Architecture: amd64
07:50:43.389 [JavaFX Application Thread] INFO  Engine               - Source code and latest versions at: https://github.com/AlmasB/FXGL
07:50:43.389 [JavaFX Application Thread] INFO  Engine               -       Ask questions and discuss at: https://github.com/AlmasB/FXGL/discussions
07:50:43.389 [JavaFX Application Thread] INFO  Engine               -              Join the FXGL chat at: https://gitter.im/AlmasB/FXGL
07:50:43.446 [JavaFX Application Thread] DEBUG PrimaryStageWindow   - Creating a JavaFX scene
07:50:43.478 [JavaFX Application Thread] DEBUG PrimaryStageWindow   - Target settings size: 800.0 x 600.0
07:50:43.478 [JavaFX Application Thread] DEBUG PrimaryStageWindow   - Scaled scene size:    800.0 x 600.0
07:50:43.478 [JavaFX Application Thread] DEBUG PrimaryStageWindow   - Scaled ratio: (1.0, 1.0)
07:50:43.479 [JavaFX Application Thread] DEBUG PrimaryStageWindow   - Set initial scene to FXGLStartupScene
07:50:43.481 [JavaFX Application Thread] DEBUG PrimaryStageWindow   - Opening main window
07:50:43.551 [JavaFX Application Thread] DEBUG PrimaryStageWindow   - Window border size: (16.0, 39.0)
07:50:43.552 [JavaFX Application Thread] DEBUG PrimaryStageWindow   - Scaled size: 800.0 x 600.0
07:50:43.552 [JavaFX Application Thread] DEBUG PrimaryStageWindow   - Scaled ratio: (1.0, 1.0)
07:50:43.552 [JavaFX Application Thread] DEBUG PrimaryStageWindow   - Scene size: 800.0 x 600.0
07:50:43.552 [JavaFX Application Thread] DEBUG PrimaryStageWindow   - Stage size: 816.0 x 639.0
07:50:43.556 [FXGL Background Thread 1 ] DEBUG Engine               - Initializing environment variables
07:50:43.590 [FXGL Background Thread 1 ] DEBUG FXGLAssetLoaderServi - User app class for loading assets: class game.spaceinvaders.SpaceInvadersApplication
07:50:43.590 [FXGL Background Thread 1 ] DEBUG GameApplicationServi - Applying CSS: fxgl_dark.css
07:50:43.591 [FXGL Background Thread 1 ] DEBUG FXGLAssetLoaderServi - Loading from file system: jar:file:///C:/Users/xdan1/.m2/repository/com/github/almasb/fxgl/17.2/fxgl-17.2.jar!/fxglassets/ui/css/fxgl_dark.css
07:50:43.619 [FXGL Background Thread 1 ] DEBUG GameApplicationServi - Initializing application scenes
07:50:43.638 [FXGL Background Thread 1 ] DEBUG GameWorld            - Game world initialized
07:50:43.680 [FXGL Background Thread 1 ] DEBUG PhysicsWorld         - Physics world initialized: appHeight=600, physics.ppm=50,0
07:50:43.681 [FXGL Background Thread 1 ] DEBUG PhysicsWorld         - Using strategy: BRUTE_FORCE
07:50:43.684 [FXGL Background Thread 1 ] DEBUG GameScene            - Game scene initialized: 800x600
07:50:43.690 [FXGL Background Thread 1 ] DEBUG FXGL.DefaultMenu     - createMenuBodyMainMenu()
07:50:43.697 [FXGL Background Thread 1 ] DEBUG FXGL.DefaultMenu     - createOptionsMenu()
07:50:43.704 [FXGL Background Thread 1 ] DEBUG FXGLAssetLoaderServi - Loading from file system: jar:file:///C:/Users/xdan1/.m2/repository/com/github/almasb/fxgl/17.2/fxgl-17.2.jar!/fxglassets/textures/particles/smoke.png
07:50:43.756 [FXGL Background Thread 1 ] DEBUG FXGLAssetLoaderServi - Loading from file system: jar:file:///C:/Users/xdan1/.m2/repository/com/github/almasb/fxgl/17.2/fxgl-17.2.jar!/fxglassets/textures/particles/trace_horizontal.png
07:50:43.777 [FXGL Background Thread 1 ] DEBUG FXGL.DefaultMenu     - createMenuBodyGameMenu()
07:50:43.777 [FXGL Background Thread 1 ] DEBUG FXGL.DefaultMenu     - createOptionsMenu()
07:50:43.786 [FXGL Background Thread 1 ] DEBUG GameApplicationServi - Application scenes initialized
07:50:43.795 [FXGL Background Thread 1 ] DEBUG SystemBundleService  - Loading FXGL system data
07:50:43.798 [FXGL Background Thread 1 ] DEBUG FileSystemAccess     - Reading from: C:\Users\xdan1\Documents\IdeaProjects\SpaceInvaders\system\fxgl.bundle
07:50:43.803 [FXGL Background Thread 1 ] DEBUG SystemBundleService  - Bundle FXGL: {}
07:50:43.803 [FXGL Background Thread 1 ] DEBUG UpdaterService       - Checking for updates
07:50:43.805 [FXGL Background Thread 4 ] DEBUG FXGLApplication      - Loading fonts
07:50:43.806 [FXGL Background Thread 1 ] DEBUG FXGLApplication      - Loading default localization
07:50:43.806 [FXGL Background Thread 4 ] DEBUG FXGLAssetLoaderServi - Loading from file system: jar:file:///C:/Users/xdan1/.m2/repository/com/github/almasb/fxgl/17.2/fxgl-17.2.jar!/fxglassets/ui/fonts/VarelaRound-Regular.ttf
07:50:43.806 [FXGL Background Thread 1 ] DEBUG FXGLAssetLoaderServi - Loading from file system: jar:file:///C:/Users/xdan1/.m2/repository/com/github/almasb/fxgl/17.2/fxgl-17.2.jar!/fxglassets/languages/english.lang
07:50:43.819 [FXGL Background Thread 1 ] INFO  FXGLApplication      - FXGL initialization took: 0,264 sec
07:50:43.823 [JavaFX Application Thread] DEBUG Input                - Registered new binding: action0 - LMB
07:50:43.829 [JavaFX Application Thread] DEBUG Input                - Registered new binding: action1 - D
07:50:43.829 [JavaFX Application Thread] DEBUG Input                - Registered new binding: action2 - A
07:50:43.829 [JavaFX Application Thread] DEBUG Input                - Registered new binding: action3 - W
07:50:43.829 [JavaFX Application Thread] DEBUG Input                - Registered new binding: action4 - S
07:50:43.831 [JavaFX Application Thread] DEBUG Input                - Registered new binding: action5 - Esc
07:50:43.831 [JavaFX Application Thread] WARN  FXGLAssetLoaderServi - Asset "/assets/textures/logo.png" was not found!
07:50:43.831 [JavaFX Application Thread] WARN  FXGLAssetLoaderServi - Failed to load IMAGE
07:50:43.837 [JavaFX Application Thread] DEBUG FXGLAssetLoaderServi - Loading from file system: jar:file:///C:/Users/xdan1/.m2/repository/com/github/almasb/fxgl/17.2/fxgl-17.2.jar!/fxglassets/textures/fxgl_default_cursor.png
07:50:43.839 [JavaFX Application Thread] DEBUG Input                - Registered new binding: Screenshot - CTRL+8
07:50:43.839 [JavaFX Application Thread] DEBUG Input                - Registered new binding: System info dump - CTRL+9
07:50:43.840 [JavaFX Application Thread] DEBUG Input                - Registered new binding: Restart - CTRL+R
07:50:43.840 [JavaFX Application Thread] DEBUG Input                - Registered new binding: Toggle Debug Camera - CTRL+7
07:50:43.841 [JavaFX Application Thread] DEBUG LoopRunner           - Starting loop
07:50:43.841 [JavaFX Application Thread] DEBUG LoopRunner           - Initializing JavaFX AnimationTimerLoop
07:50:43.843 [JavaFX Application Thread] DEBUG Input                - Clearing active input actions
07:50:43.846 [FXGL Background Thread 4 ] DEBUG FXGLAssetLoaderServi - Loading from file system: jar:file:///C:/Users/xdan1/.m2/repository/com/github/almasb/fxgl/17.2/fxgl-17.2.jar!/fxglassets/ui/fonts/Abel-Regular.ttf
07:50:43.848 [JavaFX Application Thread] DEBUG GameApplicationServi - Removing overlay from FXGLStartupScene and adding to FXGLMainMenuDummyScene
07:50:43.849 [JavaFX Application Thread] DEBUG PrimaryStageWindow   - FXGLStartupScene -> FXGLMainMenuDummyScene
07:50:43.849 [JavaFX Application Thread] DEBUG PrimaryStageWindow   - Push state: FXGLDefaultMenu
07:50:43.852 [JavaFX Application Thread] DEBUG Input                - Clearing active input actions
07:50:43.852 [FXGL Background Thread 4 ] DEBUG FXGLAssetLoaderServi - Loading from file system: jar:file:///C:/Users/xdan1/.m2/repository/com/github/almasb/fxgl/17.2/fxgl-17.2.jar!/fxglassets/ui/fonts/TerminalLandMono-Regular.otf
07:50:43.857 [JavaFX Application Thread] DEBUG GameApplicationServi - Removing overlay from FXGLMainMenuDummyScene and adding to FXGLDefaultMenu
07:50:43.858 [JavaFX Application Thread] DEBUG PrimaryStageWindow   - FXGLMainMenuDummyScene -> FXGLDefaultMenu
07:50:43.859 [FXGL Background Thread 4 ] DEBUG FXGLAssetLoaderServi - Loading from file system: jar:file:///C:/Users/xdan1/.m2/repository/com/github/almasb/fxgl/17.2/fxgl-17.2.jar!/fxglassets/ui/fonts/Courier-Prime.ttf
07:50:43.912 [JavaFX Application Thread] DEBUG FXGLApplication      - Registering font factories with UI factory
07:50:44.113 [FXGL Background Thread 2 ] INFO  UpdaterService       - Your current version:  17.2
07:50:44.113 [FXGL Background Thread 2 ] INFO  UpdaterService       - Latest stable version: 17.3
07:50:44.808 [JavaFX Application Thread] DEBUG Menu                 - fireNewGame()
07:50:44.808 [JavaFX Application Thread] DEBUG GameApplicationServi - Starting new game
07:50:44.810 [JavaFX Application Thread] DEBUG PrimaryStageWindow   - Pop state: FXGLDefaultMenu
07:50:44.810 [JavaFX Application Thread] DEBUG Input                - Clearing active input actions
07:50:44.811 [JavaFX Application Thread] DEBUG GameApplicationServi - Removing overlay from FXGLDefaultMenu and adding to FXGLMainMenuDummyScene
07:50:44.811 [JavaFX Application Thread] DEBUG PrimaryStageWindow   - FXGLMainMenuDummyScene <- FXGLDefaultMenu
07:50:44.812 [JavaFX Application Thread] DEBUG Input                - Clearing active input actions
07:50:44.817 [JavaFX Application Thread] DEBUG GameApplicationServi - Removing overlay from FXGLMainMenuDummyScene and adding to FXGLLoadingScene
07:50:44.817 [JavaFX Application Thread] DEBUG PrimaryStageWindow   - FXGLMainMenuDummyScene -> FXGLLoadingScene
07:50:44.818 [JavaFX Application Thread] DEBUG GameApplicationServi - Clearing previous game
07:50:44.818 [JavaFX Application Thread] DEBUG GameScene            - Clearing game scene
07:50:44.818 [JavaFX Application Thread] DEBUG GameWorld            - Clearing game world
07:50:44.818 [JavaFX Application Thread] DEBUG PhysicsWorld         - Clearing physics world
07:50:44.819 [FXGL Background Thread 2 ] DEBUG FXGLApplication      - Initializing game
07:50:44.845 [FXGL Background Thread 2 ] INFO  FXGLApplication      - Game initialization took: 0,025 sec
07:50:44.845 [JavaFX Application Thread] DEBUG Input                - Clearing active input actions
07:50:44.849 [JavaFX Application Thread] DEBUG GameApplicationServi - Removing overlay from FXGLLoadingScene and adding to GameScene
07:50:44.849 [JavaFX Application Thread] DEBUG PrimaryStageWindow   - FXGLLoadingScene -> GameScene
07:50:45.979 [JavaFX Application Thread] DEBUG FXGLApplication      - Exiting FXGL
07:50:45.979 [JavaFX Application Thread] DEBUG LoopRunner           - Stopping loop
07:50:45.979 [JavaFX Application Thread] DEBUG SystemBundleService  - Saving FXGL system data
07:50:45.981 [JavaFX Application Thread] DEBUG FileSystemAccess     - Writing to: C:\Users\xdan1\Documents\IdeaProjects\SpaceInvaders\system\fxgl.bundle
07:50:45.982 [JavaFX Application Thread] DEBUG Async                - Shutting down background threads
07:50:45.983 [JavaFX Application Thread] DEBUG PrimaryStageWindow   - Closing main window
07:50:45.993 [JavaFX Application Thread] DEBUG Logger               - Closing Logger
