04:51:04.258 [main                     ] DEBUG Logger               - Configured Logger
04:51:04.273 [main                     ] DEBUG GameApplication      - Logging settings
Title: Space Invaders
Version: 0.2
Width: 800
Height: 600
Fullscreen: false
Intro: false
Profiling: false
Single step:false
App Mode: DEVELOPER
Menu Key: ESCAPE
Stage Style: DECORATED
Scene Factory: class com.almasb.fxgl.app.scene.SceneFactory

04:51:04.566 [JavaFX Application Thread] DEBUG FXGLApplication      - Initializing FXGL
04:51:04.568 [JavaFX Application Thread] INFO  Engine               - FXGL-17.2 (20.08.2022 16.50) on WINDOWS (J:20.0.1 FX:20)
04:51:04.569 [JavaFX Application Thread] DEBUG Engine               - JRE Vendor Name: Oracle Corporation
04:51:04.569 [JavaFX Application Thread] DEBUG Engine               - Running on OS: Windows 11 version 10.0
04:51:04.569 [JavaFX Application Thread] DEBUG Engine               - Architecture: amd64
04:51:04.569 [JavaFX Application Thread] INFO  Engine               - Source code and latest versions at: https://github.com/AlmasB/FXGL
04:51:04.570 [JavaFX Application Thread] INFO  Engine               -       Ask questions and discuss at: https://github.com/AlmasB/FXGL/discussions
04:51:04.570 [JavaFX Application Thread] INFO  Engine               -              Join the FXGL chat at: https://gitter.im/AlmasB/FXGL
04:51:04.628 [JavaFX Application Thread] DEBUG PrimaryStageWindow   - Creating a JavaFX scene
04:51:04.658 [JavaFX Application Thread] DEBUG PrimaryStageWindow   - Target settings size: 800.0 x 600.0
04:51:04.659 [JavaFX Application Thread] DEBUG PrimaryStageWindow   - Scaled scene size:    800.0 x 600.0
04:51:04.659 [JavaFX Application Thread] DEBUG PrimaryStageWindow   - Scaled ratio: (1.0, 1.0)
04:51:04.660 [JavaFX Application Thread] DEBUG PrimaryStageWindow   - Set initial scene to FXGLStartupScene
04:51:04.662 [JavaFX Application Thread] DEBUG PrimaryStageWindow   - Opening main window
04:51:04.732 [JavaFX Application Thread] DEBUG PrimaryStageWindow   - Window border size: (16.0, 39.0)
04:51:04.732 [JavaFX Application Thread] DEBUG PrimaryStageWindow   - Scaled size: 800.0 x 600.0
04:51:04.733 [JavaFX Application Thread] DEBUG PrimaryStageWindow   - Scaled ratio: (1.0, 1.0)
04:51:04.733 [JavaFX Application Thread] DEBUG PrimaryStageWindow   - Scene size: 800.0 x 600.0
04:51:04.733 [JavaFX Application Thread] DEBUG PrimaryStageWindow   - Stage size: 816.0 x 639.0
04:51:04.738 [FXGL Background Thread 1 ] DEBUG Engine               - Initializing environment variables
04:51:04.768 [FXGL Background Thread 1 ] DEBUG FXGLAssetLoaderServi - User app class for loading assets: class game.spaceinvaders.SpaceInvadersApplication
04:51:04.768 [FXGL Background Thread 1 ] DEBUG GameApplicationServi - Applying CSS: fxgl_dark.css
04:51:04.769 [FXGL Background Thread 1 ] DEBUG FXGLAssetLoaderServi - Loading from file system: jar:file:///C:/Users/xdan1/.m2/repository/com/github/almasb/fxgl/17.2/fxgl-17.2.jar!/fxglassets/ui/css/fxgl_dark.css
04:51:04.798 [FXGL Background Thread 1 ] DEBUG GameApplicationServi - Initializing application scenes
04:51:04.817 [FXGL Background Thread 1 ] DEBUG GameWorld            - Game world initialized
04:51:04.859 [FXGL Background Thread 1 ] DEBUG PhysicsWorld         - Physics world initialized: appHeight=600, physics.ppm=50,0
04:51:04.859 [FXGL Background Thread 1 ] DEBUG PhysicsWorld         - Using strategy: BRUTE_FORCE
04:51:04.862 [FXGL Background Thread 1 ] DEBUG GameScene            - Game scene initialized: 800x600
04:51:04.868 [FXGL Background Thread 1 ] DEBUG FXGL.DefaultMenu     - createMenuBodyMainMenu()
04:51:04.876 [FXGL Background Thread 1 ] DEBUG FXGL.DefaultMenu     - createOptionsMenu()
04:51:04.882 [FXGL Background Thread 1 ] DEBUG FXGLAssetLoaderServi - Loading from file system: jar:file:///C:/Users/xdan1/.m2/repository/com/github/almasb/fxgl/17.2/fxgl-17.2.jar!/fxglassets/textures/particles/smoke.png
04:51:04.939 [FXGL Background Thread 1 ] DEBUG FXGLAssetLoaderServi - Loading from file system: jar:file:///C:/Users/xdan1/.m2/repository/com/github/almasb/fxgl/17.2/fxgl-17.2.jar!/fxglassets/textures/particles/trace_horizontal.png
04:51:04.961 [FXGL Background Thread 1 ] DEBUG FXGL.DefaultMenu     - createMenuBodyGameMenu()
04:51:04.961 [FXGL Background Thread 1 ] DEBUG FXGL.DefaultMenu     - createOptionsMenu()
04:51:04.972 [FXGL Background Thread 1 ] DEBUG GameApplicationServi - Application scenes initialized
04:51:04.980 [FXGL Background Thread 1 ] DEBUG SystemBundleService  - Loading FXGL system data
04:51:04.982 [FXGL Background Thread 1 ] DEBUG FileSystemAccess     - Reading from: C:\Users\xdan1\Documents\IdeaProjects\SpaceInvaders\system\fxgl.bundle
04:51:04.987 [FXGL Background Thread 1 ] DEBUG SystemBundleService  - Bundle FXGL: {}
04:51:04.988 [FXGL Background Thread 1 ] DEBUG UpdaterService       - Checking for updates
04:51:04.990 [FXGL Background Thread 4 ] DEBUG FXGLApplication      - Loading fonts
04:51:04.990 [FXGL Background Thread 1 ] DEBUG FXGLApplication      - Loading default localization
04:51:04.991 [FXGL Background Thread 4 ] DEBUG FXGLAssetLoaderServi - Loading from file system: jar:file:///C:/Users/xdan1/.m2/repository/com/github/almasb/fxgl/17.2/fxgl-17.2.jar!/fxglassets/ui/fonts/VarelaRound-Regular.ttf
04:51:04.991 [FXGL Background Thread 1 ] DEBUG FXGLAssetLoaderServi - Loading from file system: jar:file:///C:/Users/xdan1/.m2/repository/com/github/almasb/fxgl/17.2/fxgl-17.2.jar!/fxglassets/languages/english.lang
04:51:05.003 [FXGL Background Thread 1 ] INFO  FXGLApplication      - FXGL initialization took: 0,265 sec
04:51:05.012 [JavaFX Application Thread] DEBUG Input                - Registered new binding: action0 - LMB
04:51:05.019 [JavaFX Application Thread] DEBUG Input                - Registered new binding: action1 - D
04:51:05.019 [JavaFX Application Thread] DEBUG Input                - Registered new binding: action2 - A
04:51:05.019 [JavaFX Application Thread] DEBUG Input                - Registered new binding: action3 - W
04:51:05.020 [JavaFX Application Thread] DEBUG Input                - Registered new binding: action4 - S
04:51:05.020 [JavaFX Application Thread] DEBUG Input                - Registered new binding: Pause - Esc
04:51:05.020 [JavaFX Application Thread] WARN  FXGLAssetLoaderServi - Asset "/assets/textures/icons/logo.png" was not found!
04:51:05.020 [JavaFX Application Thread] WARN  FXGLAssetLoaderServi - Failed to load IMAGE
04:51:05.027 [JavaFX Application Thread] DEBUG FXGLAssetLoaderServi - Loading from file system: jar:file:///C:/Users/xdan1/.m2/repository/com/github/almasb/fxgl/17.2/fxgl-17.2.jar!/fxglassets/textures/fxgl_default_cursor.png
04:51:05.029 [FXGL Background Thread 4 ] DEBUG FXGLAssetLoaderServi - Loading from file system: jar:file:///C:/Users/xdan1/.m2/repository/com/github/almasb/fxgl/17.2/fxgl-17.2.jar!/fxglassets/ui/fonts/Abel-Regular.ttf
04:51:05.029 [JavaFX Application Thread] DEBUG Input                - Registered new binding: Screenshot - CTRL+8
04:51:05.029 [JavaFX Application Thread] DEBUG Input                - Registered new binding: System info dump - CTRL+9
04:51:05.030 [JavaFX Application Thread] DEBUG Input                - Registered new binding: Restart - CTRL+R
04:51:05.030 [JavaFX Application Thread] DEBUG Input                - Registered new binding: Toggle Debug Camera - CTRL+7
04:51:05.032 [JavaFX Application Thread] DEBUG LoopRunner           - Starting loop
04:51:05.032 [JavaFX Application Thread] DEBUG LoopRunner           - Initializing JavaFX AnimationTimerLoop
04:51:05.034 [JavaFX Application Thread] DEBUG Input                - Clearing active input actions
04:51:05.035 [FXGL Background Thread 4 ] DEBUG FXGLAssetLoaderServi - Loading from file system: jar:file:///C:/Users/xdan1/.m2/repository/com/github/almasb/fxgl/17.2/fxgl-17.2.jar!/fxglassets/ui/fonts/TerminalLandMono-Regular.otf
04:51:05.039 [JavaFX Application Thread] DEBUG GameApplicationServi - Removing overlay from FXGLStartupScene and adding to FXGLMainMenuDummyScene
04:51:05.039 [JavaFX Application Thread] DEBUG PrimaryStageWindow   - FXGLStartupScene -> FXGLMainMenuDummyScene
04:51:05.040 [JavaFX Application Thread] DEBUG PrimaryStageWindow   - Push state: FXGLDefaultMenu
04:51:05.042 [FXGL Background Thread 4 ] DEBUG FXGLAssetLoaderServi - Loading from file system: jar:file:///C:/Users/xdan1/.m2/repository/com/github/almasb/fxgl/17.2/fxgl-17.2.jar!/fxglassets/ui/fonts/Courier-Prime.ttf
04:51:05.045 [JavaFX Application Thread] DEBUG Input                - Clearing active input actions
04:51:05.051 [JavaFX Application Thread] DEBUG GameApplicationServi - Removing overlay from FXGLMainMenuDummyScene and adding to FXGLDefaultMenu
04:51:05.051 [JavaFX Application Thread] DEBUG PrimaryStageWindow   - FXGLMainMenuDummyScene -> FXGLDefaultMenu
04:51:05.113 [JavaFX Application Thread] DEBUG FXGLApplication      - Registering font factories with UI factory
04:51:05.303 [FXGL Background Thread 2 ] INFO  UpdaterService       - Your current version:  17.2
04:51:05.303 [FXGL Background Thread 2 ] INFO  UpdaterService       - Latest stable version: 17.3
04:51:06.014 [JavaFX Application Thread] DEBUG Menu                 - fireNewGame()
04:51:06.014 [JavaFX Application Thread] DEBUG GameApplicationServi - Starting new game
04:51:06.015 [JavaFX Application Thread] DEBUG PrimaryStageWindow   - Pop state: FXGLDefaultMenu
04:51:06.015 [JavaFX Application Thread] DEBUG Input                - Clearing active input actions
04:51:06.016 [JavaFX Application Thread] DEBUG GameApplicationServi - Removing overlay from FXGLDefaultMenu and adding to FXGLMainMenuDummyScene
04:51:06.016 [JavaFX Application Thread] DEBUG PrimaryStageWindow   - FXGLMainMenuDummyScene <- FXGLDefaultMenu
04:51:06.016 [JavaFX Application Thread] DEBUG Input                - Clearing active input actions
04:51:06.022 [JavaFX Application Thread] DEBUG GameApplicationServi - Removing overlay from FXGLMainMenuDummyScene and adding to FXGLLoadingScene
04:51:06.022 [JavaFX Application Thread] DEBUG PrimaryStageWindow   - FXGLMainMenuDummyScene -> FXGLLoadingScene
04:51:06.022 [JavaFX Application Thread] DEBUG GameApplicationServi - Clearing previous game
04:51:06.022 [JavaFX Application Thread] DEBUG GameScene            - Clearing game scene
04:51:06.022 [JavaFX Application Thread] DEBUG GameWorld            - Clearing game world
04:51:06.022 [JavaFX Application Thread] DEBUG PhysicsWorld         - Clearing physics world
04:51:06.023 [FXGL Background Thread 2 ] DEBUG FXGLApplication      - Initializing game
04:51:06.141 [FXGL Background Thread 2 ] INFO  FXGLApplication      - Game initialization took: 0,117 sec
04:51:06.141 [JavaFX Application Thread] DEBUG Input                - Clearing active input actions
04:51:06.145 [JavaFX Application Thread] DEBUG GameApplicationServi - Removing overlay from FXGLLoadingScene and adding to GameScene
04:51:06.145 [JavaFX Application Thread] DEBUG PrimaryStageWindow   - FXGLLoadingScene -> GameScene
04:51:06.495 [JavaFX Application Thread] DEBUG PrimaryStageWindow   - Push state: FXGLDefaultMenu
04:51:06.496 [JavaFX Application Thread] DEBUG Input                - Clearing active input actions
04:51:06.496 [JavaFX Application Thread] DEBUG GameApplicationServi - Removing overlay from GameScene and adding to FXGLDefaultMenu
04:51:06.497 [JavaFX Application Thread] DEBUG PrimaryStageWindow   - GameScene -> FXGLDefaultMenu
04:51:07.023 [JavaFX Application Thread] DEBUG PrimaryStageWindow   - Pop state: FXGLDefaultMenu
04:51:07.023 [JavaFX Application Thread] DEBUG Input                - Clearing active input actions
04:51:07.023 [JavaFX Application Thread] DEBUG GameApplicationServi - Removing overlay from FXGLDefaultMenu and adding to GameScene
04:51:07.023 [JavaFX Application Thread] DEBUG PrimaryStageWindow   - GameScene <- FXGLDefaultMenu
04:51:07.526 [JavaFX Application Thread] DEBUG PrimaryStageWindow   - Push state: FXGLDefaultMenu
04:51:07.526 [JavaFX Application Thread] DEBUG Input                - Clearing active input actions
04:51:07.527 [JavaFX Application Thread] DEBUG GameApplicationServi - Removing overlay from GameScene and adding to FXGLDefaultMenu
04:51:07.527 [JavaFX Application Thread] DEBUG PrimaryStageWindow   - GameScene -> FXGLDefaultMenu
04:51:07.830 [JavaFX Application Thread] DEBUG PrimaryStageWindow   - Pop state: FXGLDefaultMenu
04:51:07.831 [JavaFX Application Thread] DEBUG Input                - Clearing active input actions
04:51:07.831 [JavaFX Application Thread] DEBUG GameApplicationServi - Removing overlay from FXGLDefaultMenu and adding to GameScene
04:51:07.831 [JavaFX Application Thread] DEBUG PrimaryStageWindow   - GameScene <- FXGLDefaultMenu
04:51:07.990 [FXGL Background Thread 3 ] DEBUG Engine               - Logging environment variables
04:51:07.990 [FXGL Background Thread 3 ] DEBUG Engine               - achievements: []
04:51:07.990 [FXGL Background Thread 3 ] DEBUG Engine               - actualHeight: 600.0
04:51:07.990 [FXGL Background Thread 3 ] DEBUG Engine               - actualHeightProperty: ReadOnlyDoubleProperty [value: 600.0]
04:51:07.990 [FXGL Background Thread 3 ] DEBUG Engine               - actualWidth: 800.0
04:51:07.990 [FXGL Background Thread 3 ] DEBUG Engine               - actualWidthProperty: ReadOnlyDoubleProperty [value: 800.0]
04:51:07.990 [FXGL Background Thread 3 ] DEBUG Engine               - appIcon: icons/logo.png
04:51:07.990 [FXGL Background Thread 3 ] DEBUG Engine               - applicationMode: DEVELOPER
04:51:07.990 [FXGL Background Thread 3 ] DEBUG Engine               - cSSList: [fxgl_dark.css]
04:51:07.991 [FXGL Background Thread 3 ] DEBUG Engine               - collisionDetectionStrategy: BRUTE_FORCE
04:51:07.991 [FXGL Background Thread 3 ] DEBUG Engine               - configClass: Optional.empty
04:51:07.991 [FXGL Background Thread 3 ] DEBUG Engine               - credits: []
04:51:07.991 [FXGL Background Thread 3 ] DEBUG Engine               - defaultCursor: CursorInfo(imageName=fxgl_default_cursor.png, hotspotX=7.0, hotspotY=6.0)
04:51:07.991 [FXGL Background Thread 3 ] DEBUG Engine               - devBBoxColorProperty: ObjectProperty [value: 0xff0000ff]
04:51:07.991 [FXGL Background Thread 3 ] DEBUG Engine               - devEnableDebugCameraProperty: BooleanProperty [value: false]
04:51:07.991 [FXGL Background Thread 3 ] DEBUG Engine               - devSensorColorProperty: ObjectProperty [value: 0xffff00ff]
04:51:07.991 [FXGL Background Thread 3 ] DEBUG Engine               - devShowBBoxProperty: BooleanProperty [value: false]
04:51:07.991 [FXGL Background Thread 3 ] DEBUG Engine               - devShowPositionProperty: BooleanProperty [value: false]
04:51:07.991 [FXGL Background Thread 3 ] DEBUG Engine               - enabledMenuItems: []
04:51:07.991 [FXGL Background Thread 3 ] DEBUG Engine               - engineServices: [class com.almasb.fxgl.app.services.FXGLAssetLoaderService, class com.almasb.fxgl.app.FXGLApplication$GameApplicationService, class com.almasb.fxgl.app.services.FXGLDialogService, class com.almasb.fxgl.app.services.IOTaskExecutorService, class com.almasb.fxgl.io.FileSystemService, class com.almasb.fxgl.localization.LocalizationService, class com.almasb.fxgl.app.services.SystemBundleService, class com.almasb.fxgl.profile.SaveLoadService, class com.almasb.fxgl.ui.FXGLUIFactoryServiceProvider, class com.almasb.fxgl.ui.FXGLDialogFactoryServiceProvider, class com.almasb.fxgl.audio.AudioPlayer, class com.almasb.fxgl.notification.impl.NotificationServiceProvider, class com.almasb.fxgl.achievement.AchievementService, class com.almasb.fxgl.cutscene.CutsceneService, class com.almasb.fxgl.minigames.MiniGameService, class com.almasb.fxgl.net.NetService, class com.almasb.fxgl.app.services.UpdaterService, class com.almasb.fxgl.dev.DevService]
04:51:07.991 [FXGL Background Thread 3 ] DEBUG Engine               - fontGame: Abel-Regular.ttf
04:51:07.991 [FXGL Background Thread 3 ] DEBUG Engine               - fontMono: TerminalLandMono-Regular.otf
04:51:07.991 [FXGL Background Thread 3 ] DEBUG Engine               - fontText: Courier-Prime.ttf
04:51:07.991 [FXGL Background Thread 3 ] DEBUG Engine               - fontUI: VarelaRound-Regular.ttf
04:51:07.991 [FXGL Background Thread 3 ] DEBUG Engine               - fullScreen: BooleanProperty [value: false]
04:51:07.991 [FXGL Background Thread 3 ] DEBUG Engine               - gameDifficulty: MEDIUM
04:51:07.991 [FXGL Background Thread 3 ] DEBUG Engine               - gameDifficultyProperty: ObjectProperty [value: MEDIUM]
04:51:07.991 [FXGL Background Thread 3 ] DEBUG Engine               - globalMusicVolume: 0.5
04:51:07.991 [FXGL Background Thread 3 ] DEBUG Engine               - globalMusicVolumeProperty: DoubleProperty [value: 0.5]
04:51:07.991 [FXGL Background Thread 3 ] DEBUG Engine               - globalSoundVolume: 0.5
04:51:07.991 [FXGL Background Thread 3 ] DEBUG Engine               - globalSoundVolumeProperty: DoubleProperty [value: 0.5]
04:51:07.991 [FXGL Background Thread 3 ] DEBUG Engine               - height: 600
04:51:07.991 [FXGL Background Thread 3 ] DEBUG Engine               - is3D: false
04:51:07.991 [FXGL Background Thread 3 ] DEBUG Engine               - isAndroid: false
04:51:07.991 [FXGL Background Thread 3 ] DEBUG Engine               - isBrowser: false
04:51:07.992 [FXGL Background Thread 3 ] DEBUG Engine               - isClickFeedbackEnabled: false
04:51:07.992 [FXGL Background Thread 3 ] DEBUG Engine               - isCloseConfirmation: false
04:51:07.992 [FXGL Background Thread 3 ] DEBUG Engine               - isDesktop: true
04:51:07.992 [FXGL Background Thread 3 ] DEBUG Engine               - isDeveloperMenuEnabled: false
04:51:07.992 [FXGL Background Thread 3 ] DEBUG Engine               - isEmbedded: false
04:51:07.992 [FXGL Background Thread 3 ] DEBUG Engine               - isEntityPreloadEnabled: true
04:51:07.992 [FXGL Background Thread 3 ] DEBUG Engine               - isExperimentalTiledLargeMap: false
04:51:07.992 [FXGL Background Thread 3 ] DEBUG Engine               - isFileSystemWriteAllowed: true
04:51:07.992 [FXGL Background Thread 3 ] DEBUG Engine               - isFullScreenAllowed: false
04:51:07.992 [FXGL Background Thread 3 ] DEBUG Engine               - isFullScreenFromStart: false
04:51:07.992 [FXGL Background Thread 3 ] DEBUG Engine               - isGameMenuEnabled: true
04:51:07.992 [FXGL Background Thread 3 ] DEBUG Engine               - isIOS: false
04:51:07.992 [FXGL Background Thread 3 ] DEBUG Engine               - isIntroEnabled: false
04:51:07.992 [FXGL Background Thread 3 ] DEBUG Engine               - isLinux: false
04:51:07.992 [FXGL Background Thread 3 ] DEBUG Engine               - isMac: false
04:51:07.992 [FXGL Background Thread 3 ] DEBUG Engine               - isMainMenuEnabled: true
04:51:07.992 [FXGL Background Thread 3 ] DEBUG Engine               - isManualResizeEnabled: false
04:51:07.992 [FXGL Background Thread 3 ] DEBUG Engine               - isMobile: false
04:51:07.992 [FXGL Background Thread 3 ] DEBUG Engine               - isNative: false
04:51:07.992 [FXGL Background Thread 3 ] DEBUG Engine               - isPauseMusicWhenMinimized: true
04:51:07.992 [FXGL Background Thread 3 ] DEBUG Engine               - isPreserveResizeRatio: false
04:51:07.992 [FXGL Background Thread 3 ] DEBUG Engine               - isProfilingEnabled: false
04:51:07.992 [FXGL Background Thread 3 ] DEBUG Engine               - isScaleAffectedOnResize: true
04:51:07.992 [FXGL Background Thread 3 ] DEBUG Engine               - isSingleStep: false
04:51:07.992 [FXGL Background Thread 3 ] DEBUG Engine               - isUserProfileEnabled: false
04:51:07.992 [FXGL Background Thread 3 ] DEBUG Engine               - isWindows: true
04:51:07.992 [FXGL Background Thread 3 ] DEBUG Engine               - language: ObjectProperty [value: ENGLISH]
04:51:07.992 [FXGL Background Thread 3 ] DEBUG Engine               - menuKey: ESCAPE
04:51:07.992 [FXGL Background Thread 3 ] DEBUG Engine               - mouseSensitivity: 0.2
04:51:07.992 [FXGL Background Thread 3 ] DEBUG Engine               - notificationViewClass: class com.almasb.fxgl.notification.view.XboxNotificationView
04:51:07.992 [FXGL Background Thread 3 ] DEBUG Engine               - pixelsPerMeter: 50.0
04:51:07.992 [FXGL Background Thread 3 ] DEBUG Engine               - platform: WINDOWS
04:51:07.992 [FXGL Background Thread 3 ] DEBUG Engine               - prefHeightProperty: ReadOnlyDoubleProperty [value: 600.0]
04:51:07.992 [FXGL Background Thread 3 ] DEBUG Engine               - prefWidthProperty: ReadOnlyDoubleProperty [value: 800.0]
04:51:07.992 [FXGL Background Thread 3 ] DEBUG Engine               - profileDir: profiles/
04:51:07.992 [FXGL Background Thread 3 ] DEBUG Engine               - profileName: StringProperty [value: DEFAULT]
04:51:07.992 [FXGL Background Thread 3 ] DEBUG Engine               - randomSeed: -1
04:51:07.992 [FXGL Background Thread 3 ] DEBUG Engine               - runtimeInfo: RuntimeInfo(platform=WINDOWS, version=17.2, build=20.08.2022 16.50)
04:51:07.993 [FXGL Background Thread 3 ] DEBUG Engine               - saveFileExt: sav
04:51:07.993 [FXGL Background Thread 3 ] DEBUG Engine               - scaledHeightProp$fxgl: DoubleProperty [bound, value: 600.0]
04:51:07.993 [FXGL Background Thread 3 ] DEBUG Engine               - scaledWidthProp$fxgl: DoubleProperty [bound, value: 800.0]
04:51:07.993 [FXGL Background Thread 3 ] DEBUG Engine               - sceneFactory: com.almasb.fxgl.app.scene.SceneFactory@1dc34ef9
04:51:07.993 [FXGL Background Thread 3 ] DEBUG Engine               - secondsIn24h: 60
04:51:07.993 [FXGL Background Thread 3 ] DEBUG Engine               - soundMenuBack: menu/back.wav
04:51:07.993 [FXGL Background Thread 3 ] DEBUG Engine               - soundMenuPress: menu/press.wav
04:51:07.993 [FXGL Background Thread 3 ] DEBUG Engine               - soundMenuSelect: menu/select.wav
04:51:07.993 [FXGL Background Thread 3 ] DEBUG Engine               - soundNotification: core/notification.wav
04:51:07.993 [FXGL Background Thread 3 ] DEBUG Engine               - stageStyle: DECORATED
04:51:07.993 [FXGL Background Thread 3 ] DEBUG Engine               - supportedLanguages: [ENGLISH, FRENCH, GERMAN, HUNGARIAN, RUSSIAN]
04:51:07.993 [FXGL Background Thread 3 ] DEBUG Engine               - ticksPerSecond: -1
04:51:07.993 [FXGL Background Thread 3 ] DEBUG Engine               - title: Space Invaders
04:51:07.993 [FXGL Background Thread 3 ] DEBUG Engine               - urlGithub: https://github.com/AlmasB/FXGL
04:51:07.993 [FXGL Background Thread 3 ] DEBUG Engine               - urlLeaderboard: http://fxgl-top.herokuapp.com/
04:51:07.993 [FXGL Background Thread 3 ] DEBUG Engine               - urlPOM: https://raw.githubusercontent.com/AlmasB/FXGL/release/README.md
04:51:07.993 [FXGL Background Thread 3 ] DEBUG Engine               - userAppClass: class game.spaceinvaders.SpaceInvadersApplication
04:51:07.993 [FXGL Background Thread 3 ] DEBUG Engine               - version: 0.2
04:51:07.993 [FXGL Background Thread 3 ] DEBUG Engine               - versionCheckDays: 7
04:51:07.993 [FXGL Background Thread 3 ] DEBUG Engine               - width: 800
04:51:07.993 [FXGL Background Thread 3 ] DEBUG Engine               - Logging services
04:51:07.993 [FXGL Background Thread 3 ] DEBUG Engine               - class com.almasb.fxgl.app.services.FXGLAssetLoaderService
04:51:07.993 [FXGL Background Thread 3 ] DEBUG Engine               - class com.almasb.fxgl.app.FXGLApplication$GameApplicationService
04:51:07.993 [FXGL Background Thread 3 ] DEBUG Engine               - class com.almasb.fxgl.app.services.FXGLDialogService
04:51:07.993 [FXGL Background Thread 3 ] DEBUG Engine               - class com.almasb.fxgl.app.services.IOTaskExecutorService
04:51:07.993 [FXGL Background Thread 3 ] DEBUG Engine               - class com.almasb.fxgl.io.FileSystemService
04:51:07.993 [FXGL Background Thread 3 ] DEBUG Engine               - class com.almasb.fxgl.localization.LocalizationService
04:51:07.993 [FXGL Background Thread 3 ] DEBUG Engine               - class com.almasb.fxgl.app.services.SystemBundleService
04:51:07.993 [FXGL Background Thread 3 ] DEBUG Engine               - class com.almasb.fxgl.profile.SaveLoadService
04:51:07.993 [FXGL Background Thread 3 ] DEBUG Engine               - class com.almasb.fxgl.ui.FXGLUIFactoryServiceProvider
04:51:07.993 [FXGL Background Thread 3 ] DEBUG Engine               - class com.almasb.fxgl.ui.FXGLDialogFactoryServiceProvider
04:51:07.993 [FXGL Background Thread 3 ] DEBUG Engine               - class com.almasb.fxgl.audio.AudioPlayer
04:51:07.993 [FXGL Background Thread 3 ] DEBUG Engine               - class com.almasb.fxgl.notification.impl.NotificationServiceProvider
04:51:07.993 [FXGL Background Thread 3 ] DEBUG Engine               - class com.almasb.fxgl.achievement.AchievementService
04:51:07.993 [FXGL Background Thread 3 ] DEBUG Engine               - class com.almasb.fxgl.cutscene.CutsceneService
04:51:07.993 [FXGL Background Thread 3 ] DEBUG Engine               - class com.almasb.fxgl.minigames.MiniGameService
04:51:07.993 [FXGL Background Thread 3 ] DEBUG Engine               - class com.almasb.fxgl.net.NetService
04:51:07.993 [FXGL Background Thread 3 ] DEBUG Engine               - class com.almasb.fxgl.app.services.UpdaterService
04:51:07.993 [FXGL Background Thread 3 ] DEBUG Engine               - class com.almasb.fxgl.dev.DevService
04:51:08.282 [JavaFX Application Thread] DEBUG Input                - Registered new binding: action5 - Space
04:51:08.288 [JavaFX Application Thread] DEBUG LoopRunner           - Stopping loop
04:51:08.289 [JavaFX Application Thread] FATAL FXGLApplication      - Uncaught Exception:
java.lang.IllegalArgumentException: Trigger is already bound: Space
	at com.almasb.fxgl.core@17.2/com.almasb.fxgl.input.Input.addBinding(Input.kt:512)
	at com.almasb.fxgl.core@17.2/com.almasb.fxgl.input.Input.addAction(Input.kt:507)
	at com.almasb.fxgl.core@17.2/com.almasb.fxgl.input.Input.addAction$default(Input.kt:504)
	at com.almasb.fxgl.all@17.2/com.almasb.fxgl.dsl.FXGL$Companion.onKey(FXGL.kt:498)
	at com.almasb.fxgl.all@17.2/com.almasb.fxgl.dsl.FXGL$Companion.onKey(FXGL.kt:494)
	at com.almasb.fxgl.all@17.2/com.almasb.fxgl.dsl.FXGL.onKey(FXGL.kt)
	at game.spaceinvaders/game.spaceinvaders.Player.dashMove(Player.java:56)
	at game.spaceinvaders/game.spaceinvaders.Player.lambda$inputs$1(Player.java:29)
	at com.almasb.fxgl.all@17.2/com.almasb.fxgl.dsl.FXGL$Companion$onKey$1.onAction(FXGL.kt:500)
	at com.almasb.fxgl.core@17.2/com.almasb.fxgl.input.UserAction.action$fxgl_core(UserAction.kt:38)
	at com.almasb.fxgl.core@17.2/com.almasb.fxgl.input.Input.update(Input.kt:288)
	at com.almasb.fxgl.scene@17.2/com.almasb.fxgl.scene.Scene.update(Scene.kt:103)
	at com.almasb.fxgl.all@17.2/com.almasb.fxgl.app.MainWindow$update$1.invoke(MainWindow.kt:115)
	at com.almasb.fxgl.all@17.2/com.almasb.fxgl.app.MainWindow$update$1.invoke(MainWindow.kt:115)
	at com.almasb.fxgl.core@17.2/com.almasb.fxgl.core.fsm.StateMachine.runOnActiveStates(StateMachine.kt:69)
	at com.almasb.fxgl.all@17.2/com.almasb.fxgl.app.MainWindow.update(MainWindow.kt:115)
	at com.almasb.fxgl.all@17.2/com.almasb.fxgl.app.FXGLApplication$GameApplicationService.onUpdate(FXGLApplication.kt:426)
	at com.almasb.fxgl.all@17.2/com.almasb.fxgl.app.Engine.loop(Engine.kt:134)
	at com.almasb.fxgl.all@17.2/com.almasb.fxgl.app.Engine.access$loop(Engine.kt:24)
	at com.almasb.fxgl.all@17.2/com.almasb.fxgl.app.Engine$loop$1.invoke(Engine.kt:28)
	at com.almasb.fxgl.all@17.2/com.almasb.fxgl.app.Engine$loop$1.invoke(Engine.kt:28)
	at com.almasb.fxgl.all@17.2/com.almasb.fxgl.app.LoopRunner.frame(LoopRunner.kt:103)
	at com.almasb.fxgl.all@17.2/com.almasb.fxgl.app.LoopRunner.access$frame(LoopRunner.kt:23)
	at com.almasb.fxgl.all@17.2/com.almasb.fxgl.app.LoopRunner$impl$2$1.onTick(LoopRunner.kt:57)
	at com.almasb.fxgl.all@17.2/com.almasb.fxgl.app.AnimationTimerLoop$timer$1.handle(LoopRunner.kt:137)
	at javafx.graphics@20/javafx.animation.AnimationTimer$AnimationTimerReceiver.lambda$handle$0(AnimationTimer.java:58)
	at java.base/java.security.AccessController.doPrivileged(AccessController.java:400)
	at javafx.graphics@20/javafx.animation.AnimationTimer$AnimationTimerReceiver.handle(AnimationTimer.java:57)
	at javafx.graphics@20/com.sun.scenario.animation.AbstractPrimaryTimer.timePulseImpl(AbstractPrimaryTimer.java:356)
	at javafx.graphics@20/com.sun.scenario.animation.AbstractPrimaryTimer$MainLoop.run(AbstractPrimaryTimer.java:266)
	at javafx.graphics@20/com.sun.javafx.tk.quantum.QuantumToolkit.pulse(QuantumToolkit.java:588)
	at javafx.graphics@20/com.sun.javafx.tk.quantum.QuantumToolkit.pulse(QuantumToolkit.java:572)
	at javafx.graphics@20/com.sun.javafx.tk.quantum.QuantumToolkit.pulseFromQueue(QuantumToolkit.java:565)
	at javafx.graphics@20/com.sun.javafx.tk.quantum.QuantumToolkit.lambda$runToolkit$11(QuantumToolkit.java:352)
	at javafx.graphics@20/com.sun.glass.ui.InvokeLaterDispatcher$Future.run(InvokeLaterDispatcher.java:95)
	at javafx.graphics@20/com.sun.glass.ui.win.WinApplication._runLoop(Native Method)
	at javafx.graphics@20/com.sun.glass.ui.win.WinApplication.lambda$runLoop$3(WinApplication.java:185)
	at java.base/java.lang.Thread.run(Thread.java:1623)

04:51:08.289 [JavaFX Application Thread] FATAL FXGLApplication      - Application will now exit
04:51:08.299 [JavaFX Application Thread] DEBUG PrimaryStageWindow   - Push state: ErrorSubScene
04:51:08.299 [JavaFX Application Thread] DEBUG Input                - Clearing active input actions
04:51:08.302 [JavaFX Application Thread] DEBUG GameApplicationServi - Removing overlay from GameScene and adding to ErrorSubScene
04:51:08.302 [JavaFX Application Thread] DEBUG PrimaryStageWindow   - GameScene -> ErrorSubScene
04:51:13.466 [JavaFX Application Thread] DEBUG FXGLApplication      - Exiting FXGL
04:51:13.466 [JavaFX Application Thread] DEBUG Async                - Shutting down background threads
04:51:13.466 [JavaFX Application Thread] DEBUG PrimaryStageWindow   - Closing main window
04:51:13.477 [JavaFX Application Thread] DEBUG Logger               - Closing Logger
