00:06:45.206 [main                     ] DEBUG Logger               - Configured Logger
00:06:45.230 [main                     ] DEBUG GameApplication      - Logging settings
Title: Space Invaders
Version: 0.2
Width: 800
Height: 600
Fullscreen: false
Intro: false
Profiling: false
Single step:false
App Mode: DEVELOPER
Menu Key: ESCAPE
Stage Style: DECORATED
Scene Factory: class com.almasb.fxgl.app.scene.SceneFactory

00:06:45.690 [JavaFX Application Thread] DEBUG FXGLApplication      - Initializing FXGL
00:06:45.694 [JavaFX Application Thread] INFO  Engine               - FXGL-17.2 (20.08.2022 16.50) on WINDOWS (J:20.0.1 FX:20)
00:06:45.694 [JavaFX Application Thread] DEBUG Engine               - JRE Vendor Name: Oracle Corporation
00:06:45.694 [JavaFX Application Thread] DEBUG Engine               - Running on OS: Windows 11 version 10.0
00:06:45.695 [JavaFX Application Thread] DEBUG Engine               - Architecture: amd64
00:06:45.695 [JavaFX Application Thread] INFO  Engine               - Source code and latest versions at: https://github.com/AlmasB/FXGL
00:06:45.695 [JavaFX Application Thread] INFO  Engine               -       Ask questions and discuss at: https://github.com/AlmasB/FXGL/discussions
00:06:45.695 [JavaFX Application Thread] INFO  Engine               -              Join the FXGL chat at: https://gitter.im/AlmasB/FXGL
00:06:45.774 [JavaFX Application Thread] DEBUG PrimaryStageWindow   - Creating a JavaFX scene
00:06:45.839 [JavaFX Application Thread] DEBUG PrimaryStageWindow   - Target settings size: 800.0 x 600.0
00:06:45.839 [JavaFX Application Thread] DEBUG PrimaryStageWindow   - Scaled scene size:    800.0 x 600.0
00:06:45.840 [JavaFX Application Thread] DEBUG PrimaryStageWindow   - Scaled ratio: (1.0, 1.0)
00:06:45.840 [JavaFX Application Thread] DEBUG PrimaryStageWindow   - Set initial scene to FXGLStartupScene
00:06:45.842 [JavaFX Application Thread] DEBUG PrimaryStageWindow   - Opening main window
00:06:45.913 [JavaFX Application Thread] DEBUG PrimaryStageWindow   - Window border size: (16.0, 39.0)
00:06:45.913 [JavaFX Application Thread] DEBUG PrimaryStageWindow   - Scaled size: 800.0 x 600.0
00:06:45.913 [JavaFX Application Thread] DEBUG PrimaryStageWindow   - Scaled ratio: (1.0, 1.0)
00:06:45.913 [JavaFX Application Thread] DEBUG PrimaryStageWindow   - Scene size: 800.0 x 600.0
00:06:45.913 [JavaFX Application Thread] DEBUG PrimaryStageWindow   - Stage size: 816.0 x 639.0
00:06:45.920 [FXGL Background Thread 1 ] DEBUG Engine               - Initializing environment variables
00:06:45.959 [FXGL Background Thread 1 ] DEBUG FXGLAssetLoaderServi - User app class for loading assets: class game.spaceinvaders.SpaceInvadersApplication
00:06:45.960 [FXGL Background Thread 1 ] DEBUG GameApplicationServi - Applying CSS: fxgl_dark.css
00:06:45.960 [FXGL Background Thread 1 ] DEBUG FXGLAssetLoaderServi - Loading from file system: jar:file:///C:/Users/xdan1/.m2/repository/com/github/almasb/fxgl/17.2/fxgl-17.2.jar!/fxglassets/ui/css/fxgl_dark.css
00:06:45.999 [FXGL Background Thread 1 ] DEBUG GameApplicationServi - Initializing application scenes
00:06:46.036 [FXGL Background Thread 1 ] DEBUG GameWorld            - Game world initialized
00:06:46.095 [FXGL Background Thread 1 ] DEBUG PhysicsWorld         - Physics world initialized: appHeight=600, physics.ppm=50,0
00:06:46.095 [FXGL Background Thread 1 ] DEBUG PhysicsWorld         - Using strategy: BRUTE_FORCE
00:06:46.099 [FXGL Background Thread 1 ] DEBUG GameScene            - Game scene initialized: 800x600
00:06:46.109 [FXGL Background Thread 1 ] DEBUG FXGL.DefaultMenu     - createMenuBodyMainMenu()
00:06:46.118 [FXGL Background Thread 1 ] DEBUG FXGL.DefaultMenu     - createOptionsMenu()
00:06:46.127 [FXGL Background Thread 1 ] DEBUG FXGLAssetLoaderServi - Loading from file system: jar:file:///C:/Users/xdan1/.m2/repository/com/github/almasb/fxgl/17.2/fxgl-17.2.jar!/fxglassets/textures/particles/smoke.png
00:06:46.198 [FXGL Background Thread 1 ] DEBUG FXGLAssetLoaderServi - Loading from file system: jar:file:///C:/Users/xdan1/.m2/repository/com/github/almasb/fxgl/17.2/fxgl-17.2.jar!/fxglassets/textures/particles/trace_horizontal.png
00:06:46.222 [FXGL Background Thread 1 ] DEBUG FXGL.DefaultMenu     - createMenuBodyGameMenu()
00:06:46.223 [FXGL Background Thread 1 ] DEBUG FXGL.DefaultMenu     - createOptionsMenu()
00:06:46.235 [FXGL Background Thread 1 ] DEBUG GameApplicationServi - Application scenes initialized
00:06:46.244 [FXGL Background Thread 1 ] DEBUG SystemBundleService  - Loading FXGL system data
00:06:46.249 [FXGL Background Thread 1 ] DEBUG FileSystemAccess     - Reading from: C:\Users\xdan1\Documents\IdeaProjects\SpaceInvaders\system\fxgl.bundle
00:06:46.257 [FXGL Background Thread 1 ] DEBUG SystemBundleService  - Bundle FXGL: {}
00:06:46.257 [FXGL Background Thread 1 ] DEBUG UpdaterService       - Checking for updates
00:06:46.261 [FXGL Background Thread 4 ] DEBUG FXGLApplication      - Loading fonts
00:06:46.262 [FXGL Background Thread 1 ] DEBUG FXGLApplication      - Loading default localization
00:06:46.263 [FXGL Background Thread 4 ] DEBUG FXGLAssetLoaderServi - Loading from file system: jar:file:///C:/Users/xdan1/.m2/repository/com/github/almasb/fxgl/17.2/fxgl-17.2.jar!/fxglassets/ui/fonts/VarelaRound-Regular.ttf
00:06:46.263 [FXGL Background Thread 1 ] DEBUG FXGLAssetLoaderServi - Loading from file system: jar:file:///C:/Users/xdan1/.m2/repository/com/github/almasb/fxgl/17.2/fxgl-17.2.jar!/fxglassets/languages/english.lang
00:06:46.279 [FXGL Background Thread 1 ] INFO  FXGLApplication      - FXGL initialization took: 0,359 sec
00:06:46.293 [JavaFX Application Thread] DEBUG Input                - Registered new binding: action0 - LMB
00:06:46.299 [JavaFX Application Thread] DEBUG Input                - Registered new binding: action1 - D
00:06:46.300 [JavaFX Application Thread] DEBUG Input                - Registered new binding: action2 - A
00:06:46.300 [JavaFX Application Thread] DEBUG Input                - Registered new binding: action3 - W
00:06:46.300 [JavaFX Application Thread] DEBUG Input                - Registered new binding: action4 - S
00:06:46.300 [JavaFX Application Thread] DEBUG Input                - Registered new binding: Pause - Esc
00:06:46.301 [JavaFX Application Thread] DEBUG Input                - Registered new binding: action5 - Space
00:06:46.301 [JavaFX Application Thread] WARN  FXGLAssetLoaderServi - Asset "/assets/textures/icons/logo.png" was not found!
00:06:46.301 [JavaFX Application Thread] WARN  FXGLAssetLoaderServi - Failed to load IMAGE
00:06:46.310 [JavaFX Application Thread] DEBUG FXGLAssetLoaderServi - Loading from file system: jar:file:///C:/Users/xdan1/.m2/repository/com/github/almasb/fxgl/17.2/fxgl-17.2.jar!/fxglassets/textures/fxgl_default_cursor.png
00:06:46.313 [JavaFX Application Thread] DEBUG Input                - Registered new binding: Screenshot - CTRL+8
00:06:46.313 [JavaFX Application Thread] DEBUG Input                - Registered new binding: System info dump - CTRL+9
00:06:46.313 [JavaFX Application Thread] DEBUG Input                - Registered new binding: Restart - CTRL+R
00:06:46.314 [JavaFX Application Thread] DEBUG Input                - Registered new binding: Toggle Debug Camera - CTRL+7
00:06:46.316 [JavaFX Application Thread] DEBUG LoopRunner           - Starting loop
00:06:46.316 [JavaFX Application Thread] DEBUG LoopRunner           - Initializing JavaFX AnimationTimerLoop
00:06:46.316 [FXGL Background Thread 4 ] DEBUG FXGLAssetLoaderServi - Loading from file system: jar:file:///C:/Users/xdan1/.m2/repository/com/github/almasb/fxgl/17.2/fxgl-17.2.jar!/fxglassets/ui/fonts/Abel-Regular.ttf
00:06:46.318 [JavaFX Application Thread] DEBUG Input                - Clearing active input actions
00:06:46.326 [JavaFX Application Thread] DEBUG GameApplicationServi - Removing overlay from FXGLStartupScene and adding to FXGLMainMenuDummyScene
00:06:46.327 [JavaFX Application Thread] DEBUG PrimaryStageWindow   - FXGLStartupScene -> FXGLMainMenuDummyScene
00:06:46.327 [JavaFX Application Thread] DEBUG PrimaryStageWindow   - Push state: FXGLDefaultMenu
00:06:46.328 [FXGL Background Thread 4 ] DEBUG FXGLAssetLoaderServi - Loading from file system: jar:file:///C:/Users/xdan1/.m2/repository/com/github/almasb/fxgl/17.2/fxgl-17.2.jar!/fxglassets/ui/fonts/TerminalLandMono-Regular.otf
00:06:46.331 [JavaFX Application Thread] DEBUG Input                - Clearing active input actions
00:06:46.337 [FXGL Background Thread 4 ] DEBUG FXGLAssetLoaderServi - Loading from file system: jar:file:///C:/Users/xdan1/.m2/repository/com/github/almasb/fxgl/17.2/fxgl-17.2.jar!/fxglassets/ui/fonts/Courier-Prime.ttf
00:06:46.338 [JavaFX Application Thread] DEBUG GameApplicationServi - Removing overlay from FXGLMainMenuDummyScene and adding to FXGLDefaultMenu
00:06:46.338 [JavaFX Application Thread] DEBUG PrimaryStageWindow   - FXGLMainMenuDummyScene -> FXGLDefaultMenu
00:06:46.393 [JavaFX Application Thread] DEBUG FXGLApplication      - Registering font factories with UI factory
00:06:47.034 [FXGL Background Thread 2 ] INFO  UpdaterService       - Your current version:  17.2
00:06:47.035 [FXGL Background Thread 2 ] INFO  UpdaterService       - Latest stable version: 17.3
00:06:49.262 [FXGL Background Thread 3 ] DEBUG Engine               - Logging environment variables
00:06:49.262 [FXGL Background Thread 3 ] DEBUG Engine               - achievements: []
00:06:49.262 [FXGL Background Thread 3 ] DEBUG Engine               - actualHeight: 600.0
00:06:49.262 [FXGL Background Thread 3 ] DEBUG Engine               - actualHeightProperty: ReadOnlyDoubleProperty [value: 600.0]
00:06:49.262 [FXGL Background Thread 3 ] DEBUG Engine               - actualWidth: 800.0
00:06:49.262 [FXGL Background Thread 3 ] DEBUG Engine               - actualWidthProperty: ReadOnlyDoubleProperty [value: 800.0]
00:06:49.263 [FXGL Background Thread 3 ] DEBUG Engine               - appIcon: icons/logo.png
00:06:49.263 [FXGL Background Thread 3 ] DEBUG Engine               - applicationMode: DEVELOPER
00:06:49.263 [FXGL Background Thread 3 ] DEBUG Engine               - cSSList: [fxgl_dark.css]
00:06:49.263 [FXGL Background Thread 3 ] DEBUG Engine               - collisionDetectionStrategy: BRUTE_FORCE
00:06:49.263 [FXGL Background Thread 3 ] DEBUG Engine               - configClass: Optional.empty
00:06:49.263 [FXGL Background Thread 3 ] DEBUG Engine               - credits: []
00:06:49.263 [FXGL Background Thread 3 ] DEBUG Engine               - defaultCursor: CursorInfo(imageName=fxgl_default_cursor.png, hotspotX=7.0, hotspotY=6.0)
00:06:49.263 [FXGL Background Thread 3 ] DEBUG Engine               - devBBoxColorProperty: ObjectProperty [value: 0xff0000ff]
00:06:49.263 [FXGL Background Thread 3 ] DEBUG Engine               - devEnableDebugCameraProperty: BooleanProperty [value: false]
00:06:49.263 [FXGL Background Thread 3 ] DEBUG Engine               - devSensorColorProperty: ObjectProperty [value: 0xffff00ff]
00:06:49.263 [FXGL Background Thread 3 ] DEBUG Engine               - devShowBBoxProperty: BooleanProperty [value: false]
00:06:49.263 [FXGL Background Thread 3 ] DEBUG Engine               - devShowPositionProperty: BooleanProperty [value: false]
00:06:49.263 [FXGL Background Thread 3 ] DEBUG Engine               - enabledMenuItems: []
00:06:49.263 [FXGL Background Thread 3 ] DEBUG Engine               - engineServices: [class com.almasb.fxgl.app.services.FXGLAssetLoaderService, class com.almasb.fxgl.app.FXGLApplication$GameApplicationService, class com.almasb.fxgl.app.services.FXGLDialogService, class com.almasb.fxgl.app.services.IOTaskExecutorService, class com.almasb.fxgl.io.FileSystemService, class com.almasb.fxgl.localization.LocalizationService, class com.almasb.fxgl.app.services.SystemBundleService, class com.almasb.fxgl.profile.SaveLoadService, class com.almasb.fxgl.ui.FXGLUIFactoryServiceProvider, class com.almasb.fxgl.ui.FXGLDialogFactoryServiceProvider, class com.almasb.fxgl.audio.AudioPlayer, class com.almasb.fxgl.notification.impl.NotificationServiceProvider, class com.almasb.fxgl.achievement.AchievementService, class com.almasb.fxgl.cutscene.CutsceneService, class com.almasb.fxgl.minigames.MiniGameService, class com.almasb.fxgl.net.NetService, class com.almasb.fxgl.app.services.UpdaterService, class com.almasb.fxgl.dev.DevService]
00:06:49.263 [FXGL Background Thread 3 ] DEBUG Engine               - fontGame: Abel-Regular.ttf
00:06:49.263 [FXGL Background Thread 3 ] DEBUG Engine               - fontMono: TerminalLandMono-Regular.otf
00:06:49.263 [FXGL Background Thread 3 ] DEBUG Engine               - fontText: Courier-Prime.ttf
00:06:49.263 [FXGL Background Thread 3 ] DEBUG Engine               - fontUI: VarelaRound-Regular.ttf
00:06:49.263 [FXGL Background Thread 3 ] DEBUG Engine               - fullScreen: BooleanProperty [value: false]
00:06:49.263 [FXGL Background Thread 3 ] DEBUG Engine               - gameDifficulty: MEDIUM
00:06:49.263 [FXGL Background Thread 3 ] DEBUG Engine               - gameDifficultyProperty: ObjectProperty [value: MEDIUM]
00:06:49.264 [FXGL Background Thread 3 ] DEBUG Engine               - globalMusicVolume: 0.5
00:06:49.264 [FXGL Background Thread 3 ] DEBUG Engine               - globalMusicVolumeProperty: DoubleProperty [value: 0.5]
00:06:49.264 [FXGL Background Thread 3 ] DEBUG Engine               - globalSoundVolume: 0.5
00:06:49.264 [FXGL Background Thread 3 ] DEBUG Engine               - globalSoundVolumeProperty: DoubleProperty [value: 0.5]
00:06:49.264 [FXGL Background Thread 3 ] DEBUG Engine               - height: 600
00:06:49.264 [FXGL Background Thread 3 ] DEBUG Engine               - is3D: false
00:06:49.264 [FXGL Background Thread 3 ] DEBUG Engine               - isAndroid: false
00:06:49.264 [FXGL Background Thread 3 ] DEBUG Engine               - isBrowser: false
00:06:49.264 [FXGL Background Thread 3 ] DEBUG Engine               - isClickFeedbackEnabled: false
00:06:49.264 [FXGL Background Thread 3 ] DEBUG Engine               - isCloseConfirmation: false
00:06:49.264 [FXGL Background Thread 3 ] DEBUG Engine               - isDesktop: true
00:06:49.264 [FXGL Background Thread 3 ] DEBUG Engine               - isDeveloperMenuEnabled: false
00:06:49.264 [FXGL Background Thread 3 ] DEBUG Engine               - isEmbedded: false
00:06:49.264 [FXGL Background Thread 3 ] DEBUG Engine               - isEntityPreloadEnabled: true
00:06:49.264 [FXGL Background Thread 3 ] DEBUG Engine               - isExperimentalTiledLargeMap: false
00:06:49.264 [FXGL Background Thread 3 ] DEBUG Engine               - isFileSystemWriteAllowed: true
00:06:49.264 [FXGL Background Thread 3 ] DEBUG Engine               - isFullScreenAllowed: false
00:06:49.264 [FXGL Background Thread 3 ] DEBUG Engine               - isFullScreenFromStart: false
00:06:49.264 [FXGL Background Thread 3 ] DEBUG Engine               - isGameMenuEnabled: true
00:06:49.264 [FXGL Background Thread 3 ] DEBUG Engine               - isIOS: false
00:06:49.264 [FXGL Background Thread 3 ] DEBUG Engine               - isIntroEnabled: false
00:06:49.264 [FXGL Background Thread 3 ] DEBUG Engine               - isLinux: false
00:06:49.264 [FXGL Background Thread 3 ] DEBUG Engine               - isMac: false
00:06:49.264 [FXGL Background Thread 3 ] DEBUG Engine               - isMainMenuEnabled: true
00:06:49.264 [FXGL Background Thread 3 ] DEBUG Engine               - isManualResizeEnabled: false
00:06:49.264 [FXGL Background Thread 3 ] DEBUG Engine               - isMobile: false
00:06:49.264 [FXGL Background Thread 3 ] DEBUG Engine               - isNative: false
00:06:49.264 [FXGL Background Thread 3 ] DEBUG Engine               - isPauseMusicWhenMinimized: true
00:06:49.264 [FXGL Background Thread 3 ] DEBUG Engine               - isPreserveResizeRatio: false
00:06:49.264 [FXGL Background Thread 3 ] DEBUG Engine               - isProfilingEnabled: false
00:06:49.264 [FXGL Background Thread 3 ] DEBUG Engine               - isScaleAffectedOnResize: true
00:06:49.264 [FXGL Background Thread 3 ] DEBUG Engine               - isSingleStep: false
00:06:49.264 [FXGL Background Thread 3 ] DEBUG Engine               - isUserProfileEnabled: false
00:06:49.264 [FXGL Background Thread 3 ] DEBUG Engine               - isWindows: true
00:06:49.264 [FXGL Background Thread 3 ] DEBUG Engine               - language: ObjectProperty [value: ENGLISH]
00:06:49.264 [FXGL Background Thread 3 ] DEBUG Engine               - menuKey: ESCAPE
00:06:49.264 [FXGL Background Thread 3 ] DEBUG Engine               - mouseSensitivity: 0.2
00:06:49.264 [FXGL Background Thread 3 ] DEBUG Engine               - notificationViewClass: class com.almasb.fxgl.notification.view.XboxNotificationView
00:06:49.264 [FXGL Background Thread 3 ] DEBUG Engine               - pixelsPerMeter: 50.0
00:06:49.264 [FXGL Background Thread 3 ] DEBUG Engine               - platform: WINDOWS
00:06:49.264 [FXGL Background Thread 3 ] DEBUG Engine               - prefHeightProperty: ReadOnlyDoubleProperty [value: 600.0]
00:06:49.264 [FXGL Background Thread 3 ] DEBUG Engine               - prefWidthProperty: ReadOnlyDoubleProperty [value: 800.0]
00:06:49.264 [FXGL Background Thread 3 ] DEBUG Engine               - profileDir: profiles/
00:06:49.264 [FXGL Background Thread 3 ] DEBUG Engine               - profileName: StringProperty [value: DEFAULT]
00:06:49.264 [FXGL Background Thread 3 ] DEBUG Engine               - randomSeed: -1
00:06:49.265 [FXGL Background Thread 3 ] DEBUG Engine               - runtimeInfo: RuntimeInfo(platform=WINDOWS, version=17.2, build=20.08.2022 16.50)
00:06:49.265 [FXGL Background Thread 3 ] DEBUG Engine               - saveFileExt: sav
00:06:49.265 [FXGL Background Thread 3 ] DEBUG Engine               - scaledHeightProp$fxgl: DoubleProperty [bound, value: 600.0]
00:06:49.265 [FXGL Background Thread 3 ] DEBUG Engine               - scaledWidthProp$fxgl: DoubleProperty [bound, value: 800.0]
00:06:49.265 [FXGL Background Thread 3 ] DEBUG Engine               - sceneFactory: com.almasb.fxgl.app.scene.SceneFactory@4d5be495
00:06:49.265 [FXGL Background Thread 3 ] DEBUG Engine               - secondsIn24h: 60
00:06:49.265 [FXGL Background Thread 3 ] DEBUG Engine               - soundMenuBack: menu/back.wav
00:06:49.265 [FXGL Background Thread 3 ] DEBUG Engine               - soundMenuPress: menu/press.wav
00:06:49.265 [FXGL Background Thread 3 ] DEBUG Engine               - soundMenuSelect: menu/select.wav
00:06:49.265 [FXGL Background Thread 3 ] DEBUG Engine               - soundNotification: core/notification.wav
00:06:49.265 [FXGL Background Thread 3 ] DEBUG Engine               - stageStyle: DECORATED
00:06:49.265 [FXGL Background Thread 3 ] DEBUG Engine               - supportedLanguages: [ENGLISH, FRENCH, GERMAN, HUNGARIAN, RUSSIAN]
00:06:49.265 [FXGL Background Thread 3 ] DEBUG Engine               - ticksPerSecond: -1
00:06:49.265 [FXGL Background Thread 3 ] DEBUG Engine               - title: Space Invaders
00:06:49.265 [FXGL Background Thread 3 ] DEBUG Engine               - urlGithub: https://github.com/AlmasB/FXGL
00:06:49.265 [FXGL Background Thread 3 ] DEBUG Engine               - urlLeaderboard: http://fxgl-top.herokuapp.com/
00:06:49.265 [FXGL Background Thread 3 ] DEBUG Engine               - urlPOM: https://raw.githubusercontent.com/AlmasB/FXGL/release/README.md
00:06:49.265 [FXGL Background Thread 3 ] DEBUG Engine               - userAppClass: class game.spaceinvaders.SpaceInvadersApplication
00:06:49.266 [FXGL Background Thread 3 ] DEBUG Engine               - version: 0.2
00:06:49.266 [FXGL Background Thread 3 ] DEBUG Engine               - versionCheckDays: 7
00:06:49.266 [FXGL Background Thread 3 ] DEBUG Engine               - width: 800
00:06:49.266 [FXGL Background Thread 3 ] DEBUG Engine               - Logging services
00:06:49.266 [FXGL Background Thread 3 ] DEBUG Engine               - class com.almasb.fxgl.app.services.FXGLAssetLoaderService
00:06:49.266 [FXGL Background Thread 3 ] DEBUG Engine               - class com.almasb.fxgl.app.FXGLApplication$GameApplicationService
00:06:49.266 [FXGL Background Thread 3 ] DEBUG Engine               - class com.almasb.fxgl.app.services.FXGLDialogService
00:06:49.266 [FXGL Background Thread 3 ] DEBUG Engine               - class com.almasb.fxgl.app.services.IOTaskExecutorService
00:06:49.266 [FXGL Background Thread 3 ] DEBUG Engine               - class com.almasb.fxgl.io.FileSystemService
00:06:49.266 [FXGL Background Thread 3 ] DEBUG Engine               - class com.almasb.fxgl.localization.LocalizationService
00:06:49.266 [FXGL Background Thread 3 ] DEBUG Engine               - class com.almasb.fxgl.app.services.SystemBundleService
00:06:49.266 [FXGL Background Thread 3 ] DEBUG Engine               - class com.almasb.fxgl.profile.SaveLoadService
00:06:49.266 [FXGL Background Thread 3 ] DEBUG Engine               - class com.almasb.fxgl.ui.FXGLUIFactoryServiceProvider
00:06:49.266 [FXGL Background Thread 3 ] DEBUG Engine               - class com.almasb.fxgl.ui.FXGLDialogFactoryServiceProvider
00:06:49.266 [FXGL Background Thread 3 ] DEBUG Engine               - class com.almasb.fxgl.audio.AudioPlayer
00:06:49.266 [FXGL Background Thread 3 ] DEBUG Engine               - class com.almasb.fxgl.notification.impl.NotificationServiceProvider
00:06:49.266 [FXGL Background Thread 3 ] DEBUG Engine               - class com.almasb.fxgl.achievement.AchievementService
00:06:49.266 [FXGL Background Thread 3 ] DEBUG Engine               - class com.almasb.fxgl.cutscene.CutsceneService
00:06:49.266 [FXGL Background Thread 3 ] DEBUG Engine               - class com.almasb.fxgl.minigames.MiniGameService
00:06:49.266 [FXGL Background Thread 3 ] DEBUG Engine               - class com.almasb.fxgl.net.NetService
00:06:49.266 [FXGL Background Thread 3 ] DEBUG Engine               - class com.almasb.fxgl.app.services.UpdaterService
00:06:49.266 [FXGL Background Thread 3 ] DEBUG Engine               - class com.almasb.fxgl.dev.DevService
00:06:57.416 [JavaFX Application Thread] DEBUG Menu                 - fireNewGame()
00:06:57.416 [JavaFX Application Thread] DEBUG GameApplicationServi - Starting new game
00:06:57.417 [JavaFX Application Thread] DEBUG PrimaryStageWindow   - Pop state: FXGLDefaultMenu
00:06:57.417 [JavaFX Application Thread] DEBUG Input                - Clearing active input actions
00:06:57.418 [JavaFX Application Thread] DEBUG GameApplicationServi - Removing overlay from FXGLDefaultMenu and adding to FXGLMainMenuDummyScene
00:06:57.418 [JavaFX Application Thread] DEBUG PrimaryStageWindow   - FXGLMainMenuDummyScene <- FXGLDefaultMenu
00:06:57.418 [JavaFX Application Thread] DEBUG Input                - Clearing active input actions
00:06:57.425 [JavaFX Application Thread] DEBUG GameApplicationServi - Removing overlay from FXGLMainMenuDummyScene and adding to FXGLLoadingScene
00:06:57.426 [JavaFX Application Thread] DEBUG PrimaryStageWindow   - FXGLMainMenuDummyScene -> FXGLLoadingScene
00:06:57.426 [JavaFX Application Thread] DEBUG GameApplicationServi - Clearing previous game
00:06:57.426 [JavaFX Application Thread] DEBUG GameScene            - Clearing game scene
00:06:57.426 [JavaFX Application Thread] DEBUG GameWorld            - Clearing game world
00:06:57.427 [JavaFX Application Thread] DEBUG PhysicsWorld         - Clearing physics world
00:06:57.428 [FXGL Background Thread 2 ] DEBUG FXGLApplication      - Initializing game
00:06:57.551 [FXGL Background Thread 2 ] INFO  FXGLApplication      - Game initialization took: 0,123 sec
00:06:57.555 [JavaFX Application Thread] DEBUG Input                - Clearing active input actions
00:06:57.559 [JavaFX Application Thread] DEBUG GameApplicationServi - Removing overlay from FXGLLoadingScene and adding to GameScene
00:06:57.559 [JavaFX Application Thread] DEBUG PrimaryStageWindow   - FXGLLoadingScene -> GameScene
00:07:05.808 [JavaFX Application Thread] DEBUG PrimaryStageWindow   - Push state: DialogSubScene
00:07:05.809 [JavaFX Application Thread] DEBUG Input                - Clearing active input actions
00:07:05.809 [JavaFX Application Thread] DEBUG GameApplicationServi - Removing overlay from GameScene and adding to DialogSubScene
00:07:05.809 [JavaFX Application Thread] DEBUG PrimaryStageWindow   - GameScene -> DialogSubScene
00:07:07.186 [JavaFX Application Thread] DEBUG FXGLApplication      - Exiting FXGL
00:07:07.186 [JavaFX Application Thread] DEBUG LoopRunner           - Stopping loop
00:07:07.186 [JavaFX Application Thread] DEBUG SystemBundleService  - Saving FXGL system data
00:07:07.188 [JavaFX Application Thread] DEBUG FileSystemAccess     - Writing to: C:\Users\xdan1\Documents\IdeaProjects\SpaceInvaders\system\fxgl.bundle
00:07:07.189 [JavaFX Application Thread] DEBUG Async                - Shutting down background threads
00:07:07.189 [JavaFX Application Thread] DEBUG PrimaryStageWindow   - Closing main window
00:07:07.201 [JavaFX Application Thread] DEBUG Logger               - Closing Logger
