08:31:42.938 [main                     ] DEBUG Logger               - Configured Logger
08:31:42.952 [main                     ] DEBUG GameApplication      - Logging settings
Title: Space Invaders
Version: 0.2
Width: 800
Height: 600
Fullscreen: false
Intro: false
Profiling: false
Single step:false
App Mode: DEVELOPER
Menu Key: ESCAPE
Stage Style: DECORATED
Scene Factory: class com.almasb.fxgl.app.scene.SceneFactory

08:31:43.243 [JavaFX Application Thread] DEBUG FXGLApplication      - Initializing FXGL
08:31:43.246 [JavaFX Application Thread] INFO  Engine               - FXGL-17.2 (20.08.2022 16.50) on WINDOWS (J:20.0.1 FX:20)
08:31:43.246 [JavaFX Application Thread] DEBUG Engine               - JRE Vendor Name: Oracle Corporation
08:31:43.246 [JavaFX Application Thread] DEBUG Engine               - Running on OS: Windows 11 version 10.0
08:31:43.246 [JavaFX Application Thread] DEBUG Engine               - Architecture: amd64
08:31:43.246 [JavaFX Application Thread] INFO  Engine               - Source code and latest versions at: https://github.com/AlmasB/FXGL
08:31:43.246 [JavaFX Application Thread] INFO  Engine               -       Ask questions and discuss at: https://github.com/AlmasB/FXGL/discussions
08:31:43.246 [JavaFX Application Thread] INFO  Engine               -              Join the FXGL chat at: https://gitter.im/AlmasB/FXGL
08:31:43.303 [JavaFX Application Thread] DEBUG PrimaryStageWindow   - Creating a JavaFX scene
08:31:43.332 [JavaFX Application Thread] DEBUG PrimaryStageWindow   - Target settings size: 800.0 x 600.0
08:31:43.332 [JavaFX Application Thread] DEBUG PrimaryStageWindow   - Scaled scene size:    800.0 x 600.0
08:31:43.332 [JavaFX Application Thread] DEBUG PrimaryStageWindow   - Scaled ratio: (1.0, 1.0)
08:31:43.332 [JavaFX Application Thread] DEBUG PrimaryStageWindow   - Set initial scene to FXGLStartupScene
08:31:43.334 [JavaFX Application Thread] DEBUG PrimaryStageWindow   - Opening main window
08:31:43.397 [JavaFX Application Thread] DEBUG PrimaryStageWindow   - Window border size: (16.0, 39.0)
08:31:43.397 [JavaFX Application Thread] DEBUG PrimaryStageWindow   - Scaled size: 800.0 x 600.0
08:31:43.397 [JavaFX Application Thread] DEBUG PrimaryStageWindow   - Scaled ratio: (1.0, 1.0)
08:31:43.397 [JavaFX Application Thread] DEBUG PrimaryStageWindow   - Scene size: 800.0 x 600.0
08:31:43.397 [JavaFX Application Thread] DEBUG PrimaryStageWindow   - Stage size: 816.0 x 639.0
08:31:43.401 [FXGL Background Thread 1 ] DEBUG Engine               - Initializing environment variables
08:31:43.429 [FXGL Background Thread 1 ] DEBUG FXGLAssetLoaderServi - User app class for loading assets: class game.spaceinvaders.SpaceInvadersApplication
08:31:43.429 [FXGL Background Thread 1 ] DEBUG GameApplicationServi - Applying CSS: fxgl_dark.css
08:31:43.429 [FXGL Background Thread 1 ] DEBUG FXGLAssetLoaderServi - Loading from file system: jar:file:///C:/Users/xdan1/.m2/repository/com/github/almasb/fxgl/17.2/fxgl-17.2.jar!/fxglassets/ui/css/fxgl_dark.css
08:31:43.456 [FXGL Background Thread 1 ] DEBUG GameApplicationServi - Initializing application scenes
08:31:43.475 [FXGL Background Thread 1 ] DEBUG GameWorld            - Game world initialized
08:31:43.517 [FXGL Background Thread 1 ] DEBUG PhysicsWorld         - Physics world initialized: appHeight=600, physics.ppm=50,0
08:31:43.517 [FXGL Background Thread 1 ] DEBUG PhysicsWorld         - Using strategy: BRUTE_FORCE
08:31:43.519 [FXGL Background Thread 1 ] DEBUG GameScene            - Game scene initialized: 800x600
08:31:43.527 [FXGL Background Thread 1 ] DEBUG FXGL.DefaultMenu     - createMenuBodyMainMenu()
08:31:43.535 [FXGL Background Thread 1 ] DEBUG FXGL.DefaultMenu     - createOptionsMenu()
08:31:43.541 [FXGL Background Thread 1 ] DEBUG FXGLAssetLoaderServi - Loading from file system: jar:file:///C:/Users/xdan1/.m2/repository/com/github/almasb/fxgl/17.2/fxgl-17.2.jar!/fxglassets/textures/particles/smoke.png
08:31:43.595 [FXGL Background Thread 1 ] DEBUG FXGLAssetLoaderServi - Loading from file system: jar:file:///C:/Users/xdan1/.m2/repository/com/github/almasb/fxgl/17.2/fxgl-17.2.jar!/fxglassets/textures/particles/trace_horizontal.png
08:31:43.618 [FXGL Background Thread 1 ] DEBUG FXGL.DefaultMenu     - createMenuBodyGameMenu()
08:31:43.618 [FXGL Background Thread 1 ] DEBUG FXGL.DefaultMenu     - createOptionsMenu()
08:31:43.627 [FXGL Background Thread 1 ] DEBUG GameApplicationServi - Application scenes initialized
08:31:43.635 [FXGL Background Thread 1 ] DEBUG SystemBundleService  - Loading FXGL system data
08:31:43.638 [FXGL Background Thread 1 ] DEBUG FileSystemAccess     - Reading from: C:\Users\xdan1\Documents\IdeaProjects\SpaceInvaders\system\fxgl.bundle
08:31:43.644 [FXGL Background Thread 1 ] DEBUG SystemBundleService  - Bundle FXGL: {}
08:31:43.644 [FXGL Background Thread 1 ] DEBUG UpdaterService       - Checking for updates
08:31:43.647 [FXGL Background Thread 4 ] DEBUG FXGLApplication      - Loading fonts
08:31:43.647 [FXGL Background Thread 1 ] DEBUG FXGLApplication      - Loading default localization
08:31:43.647 [FXGL Background Thread 4 ] DEBUG FXGLAssetLoaderServi - Loading from file system: jar:file:///C:/Users/xdan1/.m2/repository/com/github/almasb/fxgl/17.2/fxgl-17.2.jar!/fxglassets/ui/fonts/VarelaRound-Regular.ttf
08:31:43.647 [FXGL Background Thread 1 ] DEBUG FXGLAssetLoaderServi - Loading from file system: jar:file:///C:/Users/xdan1/.m2/repository/com/github/almasb/fxgl/17.2/fxgl-17.2.jar!/fxglassets/languages/english.lang
08:31:43.659 [FXGL Background Thread 1 ] INFO  FXGLApplication      - FXGL initialization took: 0,258 sec
08:31:43.663 [JavaFX Application Thread] DEBUG Input                - Registered new binding: action0 - LMB
08:31:43.668 [JavaFX Application Thread] DEBUG Input                - Registered new binding: action1 - D
08:31:43.669 [JavaFX Application Thread] DEBUG Input                - Registered new binding: action2 - A
08:31:43.669 [JavaFX Application Thread] DEBUG Input                - Registered new binding: action3 - W
08:31:43.669 [JavaFX Application Thread] DEBUG Input                - Registered new binding: action4 - S
08:31:43.669 [JavaFX Application Thread] DEBUG Input                - Registered new binding: action5 - Esc
08:31:43.669 [JavaFX Application Thread] WARN  FXGLAssetLoaderServi - Asset "/assets/textures/logo.png" was not found!
08:31:43.669 [JavaFX Application Thread] WARN  FXGLAssetLoaderServi - Failed to load IMAGE
08:31:43.675 [JavaFX Application Thread] DEBUG FXGLAssetLoaderServi - Loading from file system: jar:file:///C:/Users/xdan1/.m2/repository/com/github/almasb/fxgl/17.2/fxgl-17.2.jar!/fxglassets/textures/fxgl_default_cursor.png
08:31:43.677 [JavaFX Application Thread] DEBUG Input                - Registered new binding: Screenshot - CTRL+8
08:31:43.677 [JavaFX Application Thread] DEBUG Input                - Registered new binding: System info dump - CTRL+9
08:31:43.677 [JavaFX Application Thread] DEBUG Input                - Registered new binding: Restart - CTRL+R
08:31:43.677 [JavaFX Application Thread] DEBUG Input                - Registered new binding: Toggle Debug Camera - CTRL+7
08:31:43.679 [JavaFX Application Thread] DEBUG LoopRunner           - Starting loop
08:31:43.679 [JavaFX Application Thread] DEBUG LoopRunner           - Initializing JavaFX AnimationTimerLoop
08:31:43.680 [JavaFX Application Thread] DEBUG Input                - Clearing active input actions
08:31:43.683 [FXGL Background Thread 4 ] DEBUG FXGLAssetLoaderServi - Loading from file system: jar:file:///C:/Users/xdan1/.m2/repository/com/github/almasb/fxgl/17.2/fxgl-17.2.jar!/fxglassets/ui/fonts/Abel-Regular.ttf
08:31:43.684 [JavaFX Application Thread] DEBUG GameApplicationServi - Removing overlay from FXGLStartupScene and adding to FXGLMainMenuDummyScene
08:31:43.685 [JavaFX Application Thread] DEBUG PrimaryStageWindow   - FXGLStartupScene -> FXGLMainMenuDummyScene
08:31:43.685 [JavaFX Application Thread] DEBUG PrimaryStageWindow   - Push state: FXGLDefaultMenu
08:31:43.689 [FXGL Background Thread 4 ] DEBUG FXGLAssetLoaderServi - Loading from file system: jar:file:///C:/Users/xdan1/.m2/repository/com/github/almasb/fxgl/17.2/fxgl-17.2.jar!/fxglassets/ui/fonts/TerminalLandMono-Regular.otf
08:31:43.689 [JavaFX Application Thread] DEBUG Input                - Clearing active input actions
08:31:43.694 [FXGL Background Thread 4 ] DEBUG FXGLAssetLoaderServi - Loading from file system: jar:file:///C:/Users/xdan1/.m2/repository/com/github/almasb/fxgl/17.2/fxgl-17.2.jar!/fxglassets/ui/fonts/Courier-Prime.ttf
08:31:43.695 [JavaFX Application Thread] DEBUG GameApplicationServi - Removing overlay from FXGLMainMenuDummyScene and adding to FXGLDefaultMenu
08:31:43.696 [JavaFX Application Thread] DEBUG PrimaryStageWindow   - FXGLMainMenuDummyScene -> FXGLDefaultMenu
08:31:43.741 [JavaFX Application Thread] DEBUG FXGLApplication      - Registering font factories with UI factory
08:31:44.167 [FXGL Background Thread 2 ] INFO  UpdaterService       - Your current version:  17.2
08:31:44.167 [FXGL Background Thread 2 ] INFO  UpdaterService       - Latest stable version: 17.3
08:31:46.647 [FXGL Background Thread 3 ] DEBUG Engine               - Logging environment variables
08:31:46.647 [FXGL Background Thread 3 ] DEBUG Engine               - achievements: []
08:31:46.647 [FXGL Background Thread 3 ] DEBUG Engine               - actualHeight: 600.0
08:31:46.647 [FXGL Background Thread 3 ] DEBUG Engine               - actualHeightProperty: ReadOnlyDoubleProperty [value: 600.0]
08:31:46.647 [FXGL Background Thread 3 ] DEBUG Engine               - actualWidth: 800.0
08:31:46.647 [FXGL Background Thread 3 ] DEBUG Engine               - actualWidthProperty: ReadOnlyDoubleProperty [value: 800.0]
08:31:46.648 [FXGL Background Thread 3 ] DEBUG Engine               - appIcon: logo.png
08:31:46.648 [FXGL Background Thread 3 ] DEBUG Engine               - applicationMode: DEVELOPER
08:31:46.648 [FXGL Background Thread 3 ] DEBUG Engine               - cSSList: [fxgl_dark.css]
08:31:46.648 [FXGL Background Thread 3 ] DEBUG Engine               - collisionDetectionStrategy: BRUTE_FORCE
08:31:46.648 [FXGL Background Thread 3 ] DEBUG Engine               - configClass: Optional.empty
08:31:46.648 [FXGL Background Thread 3 ] DEBUG Engine               - credits: []
08:31:46.648 [FXGL Background Thread 3 ] DEBUG Engine               - defaultCursor: CursorInfo(imageName=fxgl_default_cursor.png, hotspotX=7.0, hotspotY=6.0)
08:31:46.648 [FXGL Background Thread 3 ] DEBUG Engine               - devBBoxColorProperty: ObjectProperty [value: 0xff0000ff]
08:31:46.648 [FXGL Background Thread 3 ] DEBUG Engine               - devEnableDebugCameraProperty: BooleanProperty [value: false]
08:31:46.648 [FXGL Background Thread 3 ] DEBUG Engine               - devSensorColorProperty: ObjectProperty [value: 0xffff00ff]
08:31:46.648 [FXGL Background Thread 3 ] DEBUG Engine               - devShowBBoxProperty: BooleanProperty [value: false]
08:31:46.648 [FXGL Background Thread 3 ] DEBUG Engine               - devShowPositionProperty: BooleanProperty [value: false]
08:31:46.648 [FXGL Background Thread 3 ] DEBUG Engine               - enabledMenuItems: []
08:31:46.648 [FXGL Background Thread 3 ] DEBUG Engine               - engineServices: [class com.almasb.fxgl.app.services.FXGLAssetLoaderService, class com.almasb.fxgl.app.FXGLApplication$GameApplicationService, class com.almasb.fxgl.app.services.FXGLDialogService, class com.almasb.fxgl.app.services.IOTaskExecutorService, class com.almasb.fxgl.io.FileSystemService, class com.almasb.fxgl.localization.LocalizationService, class com.almasb.fxgl.app.services.SystemBundleService, class com.almasb.fxgl.profile.SaveLoadService, class com.almasb.fxgl.ui.FXGLUIFactoryServiceProvider, class com.almasb.fxgl.ui.FXGLDialogFactoryServiceProvider, class com.almasb.fxgl.audio.AudioPlayer, class com.almasb.fxgl.notification.impl.NotificationServiceProvider, class com.almasb.fxgl.achievement.AchievementService, class com.almasb.fxgl.cutscene.CutsceneService, class com.almasb.fxgl.minigames.MiniGameService, class com.almasb.fxgl.net.NetService, class com.almasb.fxgl.app.services.UpdaterService, class com.almasb.fxgl.dev.DevService]
08:31:46.648 [FXGL Background Thread 3 ] DEBUG Engine               - fontGame: Abel-Regular.ttf
08:31:46.648 [FXGL Background Thread 3 ] DEBUG Engine               - fontMono: TerminalLandMono-Regular.otf
08:31:46.648 [FXGL Background Thread 3 ] DEBUG Engine               - fontText: Courier-Prime.ttf
08:31:46.648 [FXGL Background Thread 3 ] DEBUG Engine               - fontUI: VarelaRound-Regular.ttf
08:31:46.648 [FXGL Background Thread 3 ] DEBUG Engine               - fullScreen: BooleanProperty [value: false]
08:31:46.649 [FXGL Background Thread 3 ] DEBUG Engine               - gameDifficulty: MEDIUM
08:31:46.649 [FXGL Background Thread 3 ] DEBUG Engine               - gameDifficultyProperty: ObjectProperty [value: MEDIUM]
08:31:46.649 [FXGL Background Thread 3 ] DEBUG Engine               - globalMusicVolume: 0.5
08:31:46.649 [FXGL Background Thread 3 ] DEBUG Engine               - globalMusicVolumeProperty: DoubleProperty [value: 0.5]
08:31:46.649 [FXGL Background Thread 3 ] DEBUG Engine               - globalSoundVolume: 0.5
08:31:46.649 [FXGL Background Thread 3 ] DEBUG Engine               - globalSoundVolumeProperty: DoubleProperty [value: 0.5]
08:31:46.649 [FXGL Background Thread 3 ] DEBUG Engine               - height: 600
08:31:46.649 [FXGL Background Thread 3 ] DEBUG Engine               - is3D: false
08:31:46.649 [FXGL Background Thread 3 ] DEBUG Engine               - isAndroid: false
08:31:46.649 [FXGL Background Thread 3 ] DEBUG Engine               - isBrowser: false
08:31:46.649 [FXGL Background Thread 3 ] DEBUG Engine               - isClickFeedbackEnabled: false
08:31:46.649 [FXGL Background Thread 3 ] DEBUG Engine               - isCloseConfirmation: false
08:31:46.649 [FXGL Background Thread 3 ] DEBUG Engine               - isDesktop: true
08:31:46.649 [FXGL Background Thread 3 ] DEBUG Engine               - isDeveloperMenuEnabled: false
08:31:46.649 [FXGL Background Thread 3 ] DEBUG Engine               - isEmbedded: false
08:31:46.649 [FXGL Background Thread 3 ] DEBUG Engine               - isEntityPreloadEnabled: true
08:31:46.649 [FXGL Background Thread 3 ] DEBUG Engine               - isExperimentalTiledLargeMap: false
08:31:46.649 [FXGL Background Thread 3 ] DEBUG Engine               - isFileSystemWriteAllowed: true
08:31:46.649 [FXGL Background Thread 3 ] DEBUG Engine               - isFullScreenAllowed: false
08:31:46.649 [FXGL Background Thread 3 ] DEBUG Engine               - isFullScreenFromStart: false
08:31:46.649 [FXGL Background Thread 3 ] DEBUG Engine               - isGameMenuEnabled: true
08:31:46.649 [FXGL Background Thread 3 ] DEBUG Engine               - isIOS: false
08:31:46.649 [FXGL Background Thread 3 ] DEBUG Engine               - isIntroEnabled: false
08:31:46.649 [FXGL Background Thread 3 ] DEBUG Engine               - isLinux: false
08:31:46.649 [FXGL Background Thread 3 ] DEBUG Engine               - isMac: false
08:31:46.649 [FXGL Background Thread 3 ] DEBUG Engine               - isMainMenuEnabled: true
08:31:46.649 [FXGL Background Thread 3 ] DEBUG Engine               - isManualResizeEnabled: false
08:31:46.649 [FXGL Background Thread 3 ] DEBUG Engine               - isMobile: false
08:31:46.649 [FXGL Background Thread 3 ] DEBUG Engine               - isNative: false
08:31:46.649 [FXGL Background Thread 3 ] DEBUG Engine               - isPauseMusicWhenMinimized: true
08:31:46.649 [FXGL Background Thread 3 ] DEBUG Engine               - isPreserveResizeRatio: false
08:31:46.649 [FXGL Background Thread 3 ] DEBUG Engine               - isProfilingEnabled: false
08:31:46.649 [FXGL Background Thread 3 ] DEBUG Engine               - isScaleAffectedOnResize: true
08:31:46.649 [FXGL Background Thread 3 ] DEBUG Engine               - isSingleStep: false
08:31:46.649 [FXGL Background Thread 3 ] DEBUG Engine               - isUserProfileEnabled: false
08:31:46.649 [FXGL Background Thread 3 ] DEBUG Engine               - isWindows: true
08:31:46.649 [FXGL Background Thread 3 ] DEBUG Engine               - language: ObjectProperty [value: ENGLISH]
08:31:46.649 [FXGL Background Thread 3 ] DEBUG Engine               - menuKey: ESCAPE
08:31:46.649 [FXGL Background Thread 3 ] DEBUG Engine               - mouseSensitivity: 0.2
08:31:46.649 [FXGL Background Thread 3 ] DEBUG Engine               - notificationViewClass: class com.almasb.fxgl.notification.view.XboxNotificationView
08:31:46.649 [FXGL Background Thread 3 ] DEBUG Engine               - pixelsPerMeter: 50.0
08:31:46.649 [FXGL Background Thread 3 ] DEBUG Engine               - platform: WINDOWS
08:31:46.649 [FXGL Background Thread 3 ] DEBUG Engine               - prefHeightProperty: ReadOnlyDoubleProperty [value: 600.0]
08:31:46.649 [FXGL Background Thread 3 ] DEBUG Engine               - prefWidthProperty: ReadOnlyDoubleProperty [value: 800.0]
08:31:46.651 [FXGL Background Thread 3 ] DEBUG Engine               - profileDir: profiles/
08:31:46.651 [FXGL Background Thread 3 ] DEBUG Engine               - profileName: StringProperty [value: DEFAULT]
08:31:46.651 [FXGL Background Thread 3 ] DEBUG Engine               - randomSeed: -1
08:31:46.651 [FXGL Background Thread 3 ] DEBUG Engine               - runtimeInfo: RuntimeInfo(platform=WINDOWS, version=17.2, build=20.08.2022 16.50)
08:31:46.651 [FXGL Background Thread 3 ] DEBUG Engine               - saveFileExt: sav
08:31:46.651 [FXGL Background Thread 3 ] DEBUG Engine               - scaledHeightProp$fxgl: DoubleProperty [bound, value: 600.0]
08:31:46.651 [FXGL Background Thread 3 ] DEBUG Engine               - scaledWidthProp$fxgl: DoubleProperty [bound, value: 800.0]
08:31:46.651 [FXGL Background Thread 3 ] DEBUG Engine               - sceneFactory: com.almasb.fxgl.app.scene.SceneFactory@12647b32
08:31:46.651 [FXGL Background Thread 3 ] DEBUG Engine               - secondsIn24h: 60
08:31:46.651 [FXGL Background Thread 3 ] DEBUG Engine               - soundMenuBack: menu/back.wav
08:31:46.651 [FXGL Background Thread 3 ] DEBUG Engine               - soundMenuPress: menu/press.wav
08:31:46.651 [FXGL Background Thread 3 ] DEBUG Engine               - soundMenuSelect: menu/select.wav
08:31:46.651 [FXGL Background Thread 3 ] DEBUG Engine               - soundNotification: core/notification.wav
08:31:46.651 [FXGL Background Thread 3 ] DEBUG Engine               - stageStyle: DECORATED
08:31:46.651 [FXGL Background Thread 3 ] DEBUG Engine               - supportedLanguages: [ENGLISH, FRENCH, GERMAN, HUNGARIAN, RUSSIAN]
08:31:46.651 [FXGL Background Thread 3 ] DEBUG Engine               - ticksPerSecond: -1
08:31:46.651 [FXGL Background Thread 3 ] DEBUG Engine               - title: Space Invaders
08:31:46.651 [FXGL Background Thread 3 ] DEBUG Engine               - urlGithub: https://github.com/AlmasB/FXGL
08:31:46.651 [FXGL Background Thread 3 ] DEBUG Engine               - urlLeaderboard: http://fxgl-top.herokuapp.com/
08:31:46.651 [FXGL Background Thread 3 ] DEBUG Engine               - urlPOM: https://raw.githubusercontent.com/AlmasB/FXGL/release/README.md
08:31:46.651 [FXGL Background Thread 3 ] DEBUG Engine               - userAppClass: class game.spaceinvaders.SpaceInvadersApplication
08:31:46.651 [FXGL Background Thread 3 ] DEBUG Engine               - version: 0.2
08:31:46.651 [FXGL Background Thread 3 ] DEBUG Engine               - versionCheckDays: 7
08:31:46.651 [FXGL Background Thread 3 ] DEBUG Engine               - width: 800
08:31:46.651 [FXGL Background Thread 3 ] DEBUG Engine               - Logging services
08:31:46.651 [FXGL Background Thread 3 ] DEBUG Engine               - class com.almasb.fxgl.app.services.FXGLAssetLoaderService
08:31:46.651 [FXGL Background Thread 3 ] DEBUG Engine               - class com.almasb.fxgl.app.FXGLApplication$GameApplicationService
08:31:46.651 [FXGL Background Thread 3 ] DEBUG Engine               - class com.almasb.fxgl.app.services.FXGLDialogService
08:31:46.651 [FXGL Background Thread 3 ] DEBUG Engine               - class com.almasb.fxgl.app.services.IOTaskExecutorService
08:31:46.652 [FXGL Background Thread 3 ] DEBUG Engine               - class com.almasb.fxgl.io.FileSystemService
08:31:46.652 [FXGL Background Thread 3 ] DEBUG Engine               - class com.almasb.fxgl.localization.LocalizationService
08:31:46.652 [FXGL Background Thread 3 ] DEBUG Engine               - class com.almasb.fxgl.app.services.SystemBundleService
08:31:46.652 [FXGL Background Thread 3 ] DEBUG Engine               - class com.almasb.fxgl.profile.SaveLoadService
08:31:46.652 [FXGL Background Thread 3 ] DEBUG Engine               - class com.almasb.fxgl.ui.FXGLUIFactoryServiceProvider
08:31:46.652 [FXGL Background Thread 3 ] DEBUG Engine               - class com.almasb.fxgl.ui.FXGLDialogFactoryServiceProvider
08:31:46.652 [FXGL Background Thread 3 ] DEBUG Engine               - class com.almasb.fxgl.audio.AudioPlayer
08:31:46.652 [FXGL Background Thread 3 ] DEBUG Engine               - class com.almasb.fxgl.notification.impl.NotificationServiceProvider
08:31:46.652 [FXGL Background Thread 3 ] DEBUG Engine               - class com.almasb.fxgl.achievement.AchievementService
08:31:46.652 [FXGL Background Thread 3 ] DEBUG Engine               - class com.almasb.fxgl.cutscene.CutsceneService
08:31:46.652 [FXGL Background Thread 3 ] DEBUG Engine               - class com.almasb.fxgl.minigames.MiniGameService
08:31:46.652 [FXGL Background Thread 3 ] DEBUG Engine               - class com.almasb.fxgl.net.NetService
08:31:46.652 [FXGL Background Thread 3 ] DEBUG Engine               - class com.almasb.fxgl.app.services.UpdaterService
08:31:46.652 [FXGL Background Thread 3 ] DEBUG Engine               - class com.almasb.fxgl.dev.DevService
08:31:46.849 [JavaFX Application Thread] DEBUG FXGLApplication      - Exiting FXGL
08:31:46.849 [JavaFX Application Thread] DEBUG LoopRunner           - Stopping loop
08:31:46.849 [JavaFX Application Thread] DEBUG SystemBundleService  - Saving FXGL system data
08:31:46.851 [JavaFX Application Thread] DEBUG FileSystemAccess     - Writing to: C:\Users\xdan1\Documents\IdeaProjects\SpaceInvaders\system\fxgl.bundle
08:31:46.852 [JavaFX Application Thread] DEBUG Async                - Shutting down background threads
08:31:46.852 [JavaFX Application Thread] DEBUG PrimaryStageWindow   - Closing main window
08:31:46.863 [JavaFX Application Thread] DEBUG Logger               - Closing Logger
