07:50:30.685 [main                     ] DEBUG Logger               - Configured Logger
07:50:30.699 [main                     ] DEBUG GameApplication      - Logging settings
Title: Bounce
Version: 0.2
Width: 800
Height: 600
Fullscreen: false
Intro: false
Profiling: false
Single step:false
App Mode: DEVELOPER
Menu Key: ESCAPE
Stage Style: DECORATED
Scene Factory: class com.almasb.fxgl.app.scene.SceneFactory

07:50:30.982 [JavaFX Application Thread] DEBUG FXGLApplication      - Initializing FXGL
07:50:30.985 [JavaFX Application Thread] INFO  Engine               - FXGL-17.2 (20.08.2022 16.50) on WINDOWS (J:20.0.1 FX:20)
07:50:30.985 [JavaFX Application Thread] DEBUG Engine               - JRE Vendor Name: Oracle Corporation
07:50:30.986 [JavaFX Application Thread] DEBUG Engine               - Running on OS: Windows 11 version 10.0
07:50:30.986 [JavaFX Application Thread] DEBUG Engine               - Architecture: amd64
07:50:30.986 [JavaFX Application Thread] INFO  Engine               - Source code and latest versions at: https://github.com/AlmasB/FXGL
07:50:30.986 [JavaFX Application Thread] INFO  Engine               -       Ask questions and discuss at: https://github.com/AlmasB/FXGL/discussions
07:50:30.986 [JavaFX Application Thread] INFO  Engine               -              Join the FXGL chat at: https://gitter.im/AlmasB/FXGL
07:50:31.050 [JavaFX Application Thread] DEBUG PrimaryStageWindow   - Creating a JavaFX scene
07:50:31.080 [JavaFX Application Thread] DEBUG PrimaryStageWindow   - Target settings size: 800.0 x 600.0
07:50:31.080 [JavaFX Application Thread] DEBUG PrimaryStageWindow   - Scaled scene size:    800.0 x 600.0
07:50:31.080 [JavaFX Application Thread] DEBUG PrimaryStageWindow   - Scaled ratio: (1.0, 1.0)
07:50:31.081 [JavaFX Application Thread] DEBUG PrimaryStageWindow   - Set initial scene to FXGLStartupScene
07:50:31.082 [JavaFX Application Thread] DEBUG PrimaryStageWindow   - Opening main window
07:50:31.143 [JavaFX Application Thread] DEBUG PrimaryStageWindow   - Window border size: (16.0, 39.0)
07:50:31.143 [JavaFX Application Thread] DEBUG PrimaryStageWindow   - Scaled size: 800.0 x 600.0
07:50:31.143 [JavaFX Application Thread] DEBUG PrimaryStageWindow   - Scaled ratio: (1.0, 1.0)
07:50:31.144 [JavaFX Application Thread] DEBUG PrimaryStageWindow   - Scene size: 800.0 x 600.0
07:50:31.144 [JavaFX Application Thread] DEBUG PrimaryStageWindow   - Stage size: 816.0 x 639.0
07:50:31.148 [FXGL Background Thread 1 ] DEBUG Engine               - Initializing environment variables
07:50:31.176 [FXGL Background Thread 1 ] DEBUG FXGLAssetLoaderServi - User app class for loading assets: class game.spaceinvaders.SpaceInvadersApplication
07:50:31.176 [FXGL Background Thread 1 ] DEBUG GameApplicationServi - Applying CSS: fxgl_dark.css
07:50:31.177 [FXGL Background Thread 1 ] DEBUG FXGLAssetLoaderServi - Loading from file system: jar:file:///C:/Users/xdan1/.m2/repository/com/github/almasb/fxgl/17.2/fxgl-17.2.jar!/fxglassets/ui/css/fxgl_dark.css
07:50:31.204 [FXGL Background Thread 1 ] DEBUG GameApplicationServi - Initializing application scenes
07:50:31.222 [FXGL Background Thread 1 ] DEBUG GameWorld            - Game world initialized
07:50:31.265 [FXGL Background Thread 1 ] DEBUG PhysicsWorld         - Physics world initialized: appHeight=600, physics.ppm=50,0
07:50:31.265 [FXGL Background Thread 1 ] DEBUG PhysicsWorld         - Using strategy: BRUTE_FORCE
07:50:31.268 [FXGL Background Thread 1 ] DEBUG GameScene            - Game scene initialized: 800x600
07:50:31.275 [FXGL Background Thread 1 ] DEBUG FXGL.DefaultMenu     - createMenuBodyMainMenu()
07:50:31.284 [FXGL Background Thread 1 ] DEBUG FXGL.DefaultMenu     - createOptionsMenu()
07:50:31.290 [FXGL Background Thread 1 ] DEBUG FXGLAssetLoaderServi - Loading from file system: jar:file:///C:/Users/xdan1/.m2/repository/com/github/almasb/fxgl/17.2/fxgl-17.2.jar!/fxglassets/textures/particles/smoke.png
07:50:31.343 [FXGL Background Thread 1 ] DEBUG FXGLAssetLoaderServi - Loading from file system: jar:file:///C:/Users/xdan1/.m2/repository/com/github/almasb/fxgl/17.2/fxgl-17.2.jar!/fxglassets/textures/particles/trace_horizontal.png
07:50:31.364 [FXGL Background Thread 1 ] DEBUG FXGL.DefaultMenu     - createMenuBodyGameMenu()
07:50:31.365 [FXGL Background Thread 1 ] DEBUG FXGL.DefaultMenu     - createOptionsMenu()
07:50:31.374 [FXGL Background Thread 1 ] DEBUG GameApplicationServi - Application scenes initialized
07:50:31.382 [FXGL Background Thread 1 ] DEBUG SystemBundleService  - Loading FXGL system data
07:50:31.384 [FXGL Background Thread 1 ] DEBUG FileSystemAccess     - Reading from: C:\Users\xdan1\Documents\IdeaProjects\SpaceInvaders\system\fxgl.bundle
07:50:31.391 [FXGL Background Thread 1 ] DEBUG SystemBundleService  - Bundle FXGL: {}
07:50:31.391 [FXGL Background Thread 1 ] DEBUG UpdaterService       - Checking for updates
07:50:31.393 [FXGL Background Thread 4 ] DEBUG FXGLApplication      - Loading fonts
07:50:31.394 [FXGL Background Thread 1 ] DEBUG FXGLApplication      - Loading default localization
07:50:31.394 [FXGL Background Thread 4 ] DEBUG FXGLAssetLoaderServi - Loading from file system: jar:file:///C:/Users/xdan1/.m2/repository/com/github/almasb/fxgl/17.2/fxgl-17.2.jar!/fxglassets/ui/fonts/VarelaRound-Regular.ttf
07:50:31.394 [FXGL Background Thread 1 ] DEBUG FXGLAssetLoaderServi - Loading from file system: jar:file:///C:/Users/xdan1/.m2/repository/com/github/almasb/fxgl/17.2/fxgl-17.2.jar!/fxglassets/languages/english.lang
07:50:31.406 [FXGL Background Thread 1 ] INFO  FXGLApplication      - FXGL initialization took: 0,258 sec
07:50:31.409 [JavaFX Application Thread] DEBUG Input                - Registered new binding: action0 - LMB
07:50:31.416 [JavaFX Application Thread] DEBUG Input                - Registered new binding: action1 - D
07:50:31.416 [JavaFX Application Thread] DEBUG Input                - Registered new binding: action2 - A
07:50:31.416 [JavaFX Application Thread] DEBUG Input                - Registered new binding: action3 - W
07:50:31.417 [JavaFX Application Thread] DEBUG Input                - Registered new binding: action4 - S
07:50:31.417 [JavaFX Application Thread] DEBUG Input                - Registered new binding: action5 - Esc
07:50:31.417 [JavaFX Application Thread] WARN  FXGLAssetLoaderServi - Asset "/assets/textures/logo.png" was not found!
07:50:31.417 [JavaFX Application Thread] WARN  FXGLAssetLoaderServi - Failed to load IMAGE
07:50:31.423 [JavaFX Application Thread] DEBUG FXGLAssetLoaderServi - Loading from file system: jar:file:///C:/Users/xdan1/.m2/repository/com/github/almasb/fxgl/17.2/fxgl-17.2.jar!/fxglassets/textures/fxgl_default_cursor.png
07:50:31.425 [JavaFX Application Thread] DEBUG Input                - Registered new binding: Screenshot - CTRL+8
07:50:31.426 [JavaFX Application Thread] DEBUG Input                - Registered new binding: System info dump - CTRL+9
07:50:31.426 [JavaFX Application Thread] DEBUG Input                - Registered new binding: Restart - CTRL+R
07:50:31.426 [JavaFX Application Thread] DEBUG Input                - Registered new binding: Toggle Debug Camera - CTRL+7
07:50:31.427 [JavaFX Application Thread] DEBUG LoopRunner           - Starting loop
07:50:31.427 [JavaFX Application Thread] DEBUG LoopRunner           - Initializing JavaFX AnimationTimerLoop
07:50:31.428 [FXGL Background Thread 4 ] DEBUG FXGLAssetLoaderServi - Loading from file system: jar:file:///C:/Users/xdan1/.m2/repository/com/github/almasb/fxgl/17.2/fxgl-17.2.jar!/fxglassets/ui/fonts/Abel-Regular.ttf
07:50:31.429 [JavaFX Application Thread] DEBUG Input                - Clearing active input actions
07:50:31.434 [JavaFX Application Thread] DEBUG GameApplicationServi - Removing overlay from FXGLStartupScene and adding to FXGLMainMenuDummyScene
07:50:31.434 [JavaFX Application Thread] DEBUG PrimaryStageWindow   - FXGLStartupScene -> FXGLMainMenuDummyScene
07:50:31.434 [JavaFX Application Thread] DEBUG PrimaryStageWindow   - Push state: FXGLDefaultMenu
07:50:31.435 [FXGL Background Thread 4 ] DEBUG FXGLAssetLoaderServi - Loading from file system: jar:file:///C:/Users/xdan1/.m2/repository/com/github/almasb/fxgl/17.2/fxgl-17.2.jar!/fxglassets/ui/fonts/TerminalLandMono-Regular.otf
07:50:31.438 [JavaFX Application Thread] DEBUG Input                - Clearing active input actions
07:50:31.442 [FXGL Background Thread 4 ] DEBUG FXGLAssetLoaderServi - Loading from file system: jar:file:///C:/Users/xdan1/.m2/repository/com/github/almasb/fxgl/17.2/fxgl-17.2.jar!/fxglassets/ui/fonts/Courier-Prime.ttf
07:50:31.445 [JavaFX Application Thread] DEBUG GameApplicationServi - Removing overlay from FXGLMainMenuDummyScene and adding to FXGLDefaultMenu
07:50:31.445 [JavaFX Application Thread] DEBUG PrimaryStageWindow   - FXGLMainMenuDummyScene -> FXGLDefaultMenu
07:50:31.493 [JavaFX Application Thread] DEBUG FXGLApplication      - Registering font factories with UI factory
07:50:31.685 [FXGL Background Thread 2 ] INFO  UpdaterService       - Your current version:  17.2
07:50:31.685 [FXGL Background Thread 2 ] INFO  UpdaterService       - Latest stable version: 17.3
07:50:32.970 [JavaFX Application Thread] DEBUG Menu                 - fireNewGame()
07:50:32.970 [JavaFX Application Thread] DEBUG GameApplicationServi - Starting new game
07:50:32.971 [JavaFX Application Thread] DEBUG PrimaryStageWindow   - Pop state: FXGLDefaultMenu
07:50:32.971 [JavaFX Application Thread] DEBUG Input                - Clearing active input actions
07:50:32.972 [JavaFX Application Thread] DEBUG GameApplicationServi - Removing overlay from FXGLDefaultMenu and adding to FXGLMainMenuDummyScene
07:50:32.972 [JavaFX Application Thread] DEBUG PrimaryStageWindow   - FXGLMainMenuDummyScene <- FXGLDefaultMenu
07:50:32.972 [JavaFX Application Thread] DEBUG Input                - Clearing active input actions
07:50:32.978 [JavaFX Application Thread] DEBUG GameApplicationServi - Removing overlay from FXGLMainMenuDummyScene and adding to FXGLLoadingScene
07:50:32.978 [JavaFX Application Thread] DEBUG PrimaryStageWindow   - FXGLMainMenuDummyScene -> FXGLLoadingScene
07:50:32.978 [JavaFX Application Thread] DEBUG GameApplicationServi - Clearing previous game
07:50:32.978 [JavaFX Application Thread] DEBUG GameScene            - Clearing game scene
07:50:32.978 [JavaFX Application Thread] DEBUG GameWorld            - Clearing game world
07:50:32.978 [JavaFX Application Thread] DEBUG PhysicsWorld         - Clearing physics world
07:50:32.979 [FXGL Background Thread 2 ] DEBUG FXGLApplication      - Initializing game
07:50:32.999 [FXGL Background Thread 2 ] INFO  FXGLApplication      - Game initialization took: 0,019 sec
07:50:32.999 [JavaFX Application Thread] DEBUG Input                - Clearing active input actions
07:50:33.005 [JavaFX Application Thread] DEBUG GameApplicationServi - Removing overlay from FXGLLoadingScene and adding to GameScene
07:50:33.005 [JavaFX Application Thread] DEBUG PrimaryStageWindow   - FXGLLoadingScene -> GameScene
07:50:34.395 [FXGL Background Thread 3 ] DEBUG Engine               - Logging environment variables
07:50:34.395 [FXGL Background Thread 3 ] DEBUG Engine               - achievements: []
07:50:34.395 [FXGL Background Thread 3 ] DEBUG Engine               - actualHeight: 600.0
07:50:34.395 [FXGL Background Thread 3 ] DEBUG Engine               - actualHeightProperty: ReadOnlyDoubleProperty [value: 600.0]
07:50:34.395 [FXGL Background Thread 3 ] DEBUG Engine               - actualWidth: 800.0
07:50:34.395 [FXGL Background Thread 3 ] DEBUG Engine               - actualWidthProperty: ReadOnlyDoubleProperty [value: 800.0]
07:50:34.395 [FXGL Background Thread 3 ] DEBUG Engine               - appIcon: logo.png
07:50:34.395 [FXGL Background Thread 3 ] DEBUG Engine               - applicationMode: DEVELOPER
07:50:34.395 [FXGL Background Thread 3 ] DEBUG Engine               - cSSList: [fxgl_dark.css]
07:50:34.395 [FXGL Background Thread 3 ] DEBUG Engine               - collisionDetectionStrategy: BRUTE_FORCE
07:50:34.395 [FXGL Background Thread 3 ] DEBUG Engine               - configClass: Optional.empty
07:50:34.395 [FXGL Background Thread 3 ] DEBUG Engine               - credits: []
07:50:34.396 [FXGL Background Thread 3 ] DEBUG Engine               - defaultCursor: CursorInfo(imageName=fxgl_default_cursor.png, hotspotX=7.0, hotspotY=6.0)
07:50:34.396 [FXGL Background Thread 3 ] DEBUG Engine               - devBBoxColorProperty: ObjectProperty [value: 0xff0000ff]
07:50:34.396 [FXGL Background Thread 3 ] DEBUG Engine               - devEnableDebugCameraProperty: BooleanProperty [value: false]
07:50:34.396 [FXGL Background Thread 3 ] DEBUG Engine               - devSensorColorProperty: ObjectProperty [value: 0xffff00ff]
07:50:34.396 [FXGL Background Thread 3 ] DEBUG Engine               - devShowBBoxProperty: BooleanProperty [value: false]
07:50:34.396 [FXGL Background Thread 3 ] DEBUG Engine               - devShowPositionProperty: BooleanProperty [value: false]
07:50:34.396 [FXGL Background Thread 3 ] DEBUG Engine               - enabledMenuItems: []
07:50:34.396 [FXGL Background Thread 3 ] DEBUG Engine               - engineServices: [class com.almasb.fxgl.app.services.FXGLAssetLoaderService, class com.almasb.fxgl.app.FXGLApplication$GameApplicationService, class com.almasb.fxgl.app.services.FXGLDialogService, class com.almasb.fxgl.app.services.IOTaskExecutorService, class com.almasb.fxgl.io.FileSystemService, class com.almasb.fxgl.localization.LocalizationService, class com.almasb.fxgl.app.services.SystemBundleService, class com.almasb.fxgl.profile.SaveLoadService, class com.almasb.fxgl.ui.FXGLUIFactoryServiceProvider, class com.almasb.fxgl.ui.FXGLDialogFactoryServiceProvider, class com.almasb.fxgl.audio.AudioPlayer, class com.almasb.fxgl.notification.impl.NotificationServiceProvider, class com.almasb.fxgl.achievement.AchievementService, class com.almasb.fxgl.cutscene.CutsceneService, class com.almasb.fxgl.minigames.MiniGameService, class com.almasb.fxgl.net.NetService, class com.almasb.fxgl.app.services.UpdaterService, class com.almasb.fxgl.dev.DevService]
07:50:34.396 [FXGL Background Thread 3 ] DEBUG Engine               - fontGame: Abel-Regular.ttf
07:50:34.396 [FXGL Background Thread 3 ] DEBUG Engine               - fontMono: TerminalLandMono-Regular.otf
07:50:34.396 [FXGL Background Thread 3 ] DEBUG Engine               - fontText: Courier-Prime.ttf
07:50:34.396 [FXGL Background Thread 3 ] DEBUG Engine               - fontUI: VarelaRound-Regular.ttf
07:50:34.396 [FXGL Background Thread 3 ] DEBUG Engine               - fullScreen: BooleanProperty [value: false]
07:50:34.396 [FXGL Background Thread 3 ] DEBUG Engine               - gameDifficulty: MEDIUM
07:50:34.396 [FXGL Background Thread 3 ] DEBUG Engine               - gameDifficultyProperty: ObjectProperty [value: MEDIUM]
07:50:34.396 [FXGL Background Thread 3 ] DEBUG Engine               - globalMusicVolume: 0.5
07:50:34.396 [FXGL Background Thread 3 ] DEBUG Engine               - globalMusicVolumeProperty: DoubleProperty [value: 0.5]
07:50:34.396 [FXGL Background Thread 3 ] DEBUG Engine               - globalSoundVolume: 0.5
07:50:34.396 [FXGL Background Thread 3 ] DEBUG Engine               - globalSoundVolumeProperty: DoubleProperty [value: 0.5]
07:50:34.396 [FXGL Background Thread 3 ] DEBUG Engine               - height: 600
07:50:34.396 [FXGL Background Thread 3 ] DEBUG Engine               - is3D: false
07:50:34.396 [FXGL Background Thread 3 ] DEBUG Engine               - isAndroid: false
07:50:34.397 [FXGL Background Thread 3 ] DEBUG Engine               - isBrowser: false
07:50:34.397 [FXGL Background Thread 3 ] DEBUG Engine               - isClickFeedbackEnabled: false
07:50:34.397 [FXGL Background Thread 3 ] DEBUG Engine               - isCloseConfirmation: false
07:50:34.397 [FXGL Background Thread 3 ] DEBUG Engine               - isDesktop: true
07:50:34.397 [FXGL Background Thread 3 ] DEBUG Engine               - isDeveloperMenuEnabled: false
07:50:34.397 [FXGL Background Thread 3 ] DEBUG Engine               - isEmbedded: false
07:50:34.397 [FXGL Background Thread 3 ] DEBUG Engine               - isEntityPreloadEnabled: true
07:50:34.397 [FXGL Background Thread 3 ] DEBUG Engine               - isExperimentalTiledLargeMap: false
07:50:34.397 [FXGL Background Thread 3 ] DEBUG Engine               - isFileSystemWriteAllowed: true
07:50:34.397 [FXGL Background Thread 3 ] DEBUG Engine               - isFullScreenAllowed: false
07:50:34.397 [FXGL Background Thread 3 ] DEBUG Engine               - isFullScreenFromStart: false
07:50:34.397 [FXGL Background Thread 3 ] DEBUG Engine               - isGameMenuEnabled: true
07:50:34.397 [FXGL Background Thread 3 ] DEBUG Engine               - isIOS: false
07:50:34.397 [FXGL Background Thread 3 ] DEBUG Engine               - isIntroEnabled: false
07:50:34.397 [FXGL Background Thread 3 ] DEBUG Engine               - isLinux: false
07:50:34.397 [FXGL Background Thread 3 ] DEBUG Engine               - isMac: false
07:50:34.397 [FXGL Background Thread 3 ] DEBUG Engine               - isMainMenuEnabled: true
07:50:34.397 [FXGL Background Thread 3 ] DEBUG Engine               - isManualResizeEnabled: false
07:50:34.397 [FXGL Background Thread 3 ] DEBUG Engine               - isMobile: false
07:50:34.397 [FXGL Background Thread 3 ] DEBUG Engine               - isNative: false
07:50:34.397 [FXGL Background Thread 3 ] DEBUG Engine               - isPauseMusicWhenMinimized: true
07:50:34.397 [FXGL Background Thread 3 ] DEBUG Engine               - isPreserveResizeRatio: false
07:50:34.397 [FXGL Background Thread 3 ] DEBUG Engine               - isProfilingEnabled: false
07:50:34.397 [FXGL Background Thread 3 ] DEBUG Engine               - isScaleAffectedOnResize: true
07:50:34.397 [FXGL Background Thread 3 ] DEBUG Engine               - isSingleStep: false
07:50:34.397 [FXGL Background Thread 3 ] DEBUG Engine               - isUserProfileEnabled: false
07:50:34.397 [FXGL Background Thread 3 ] DEBUG Engine               - isWindows: true
07:50:34.397 [FXGL Background Thread 3 ] DEBUG Engine               - language: ObjectProperty [value: ENGLISH]
07:50:34.397 [FXGL Background Thread 3 ] DEBUG Engine               - menuKey: ESCAPE
07:50:34.397 [FXGL Background Thread 3 ] DEBUG Engine               - mouseSensitivity: 0.2
07:50:34.397 [FXGL Background Thread 3 ] DEBUG Engine               - notificationViewClass: class com.almasb.fxgl.notification.view.XboxNotificationView
07:50:34.397 [FXGL Background Thread 3 ] DEBUG Engine               - pixelsPerMeter: 50.0
07:50:34.397 [FXGL Background Thread 3 ] DEBUG Engine               - platform: WINDOWS
07:50:34.398 [FXGL Background Thread 3 ] DEBUG Engine               - prefHeightProperty: ReadOnlyDoubleProperty [value: 600.0]
07:50:34.398 [FXGL Background Thread 3 ] DEBUG Engine               - prefWidthProperty: ReadOnlyDoubleProperty [value: 800.0]
07:50:34.398 [FXGL Background Thread 3 ] DEBUG Engine               - profileDir: profiles/
07:50:34.398 [FXGL Background Thread 3 ] DEBUG Engine               - profileName: StringProperty [value: DEFAULT]
07:50:34.398 [FXGL Background Thread 3 ] DEBUG Engine               - randomSeed: -1
07:50:34.398 [FXGL Background Thread 3 ] DEBUG Engine               - runtimeInfo: RuntimeInfo(platform=WINDOWS, version=17.2, build=20.08.2022 16.50)
07:50:34.398 [FXGL Background Thread 3 ] DEBUG Engine               - saveFileExt: sav
07:50:34.398 [FXGL Background Thread 3 ] DEBUG Engine               - scaledHeightProp$fxgl: DoubleProperty [bound, value: 600.0]
07:50:34.398 [FXGL Background Thread 3 ] DEBUG Engine               - scaledWidthProp$fxgl: DoubleProperty [bound, value: 800.0]
07:50:34.398 [FXGL Background Thread 3 ] DEBUG Engine               - sceneFactory: com.almasb.fxgl.app.scene.SceneFactory@14e75366
07:50:34.398 [FXGL Background Thread 3 ] DEBUG Engine               - secondsIn24h: 60
07:50:34.398 [FXGL Background Thread 3 ] DEBUG Engine               - soundMenuBack: menu/back.wav
07:50:34.398 [FXGL Background Thread 3 ] DEBUG Engine               - soundMenuPress: menu/press.wav
07:50:34.398 [FXGL Background Thread 3 ] DEBUG Engine               - soundMenuSelect: menu/select.wav
07:50:34.398 [FXGL Background Thread 3 ] DEBUG Engine               - soundNotification: core/notification.wav
07:50:34.398 [FXGL Background Thread 3 ] DEBUG Engine               - stageStyle: DECORATED
07:50:34.398 [FXGL Background Thread 3 ] DEBUG Engine               - supportedLanguages: [ENGLISH, FRENCH, GERMAN, HUNGARIAN, RUSSIAN]
07:50:34.398 [FXGL Background Thread 3 ] DEBUG Engine               - ticksPerSecond: -1
07:50:34.398 [FXGL Background Thread 3 ] DEBUG Engine               - title: Bounce
07:50:34.398 [FXGL Background Thread 3 ] DEBUG Engine               - urlGithub: https://github.com/AlmasB/FXGL
07:50:34.398 [FXGL Background Thread 3 ] DEBUG Engine               - urlLeaderboard: http://fxgl-top.herokuapp.com/
07:50:34.398 [FXGL Background Thread 3 ] DEBUG Engine               - urlPOM: https://raw.githubusercontent.com/AlmasB/FXGL/release/README.md
07:50:34.398 [FXGL Background Thread 3 ] DEBUG Engine               - userAppClass: class game.spaceinvaders.SpaceInvadersApplication
07:50:34.398 [FXGL Background Thread 3 ] DEBUG Engine               - version: 0.2
07:50:34.398 [FXGL Background Thread 3 ] DEBUG Engine               - versionCheckDays: 7
07:50:34.398 [FXGL Background Thread 3 ] DEBUG Engine               - width: 800
07:50:34.398 [FXGL Background Thread 3 ] DEBUG Engine               - Logging services
07:50:34.399 [FXGL Background Thread 3 ] DEBUG Engine               - class com.almasb.fxgl.app.services.FXGLAssetLoaderService
07:50:34.399 [FXGL Background Thread 3 ] DEBUG Engine               - class com.almasb.fxgl.app.FXGLApplication$GameApplicationService
07:50:34.399 [FXGL Background Thread 3 ] DEBUG Engine               - class com.almasb.fxgl.app.services.FXGLDialogService
07:50:34.399 [FXGL Background Thread 3 ] DEBUG Engine               - class com.almasb.fxgl.app.services.IOTaskExecutorService
07:50:34.399 [FXGL Background Thread 3 ] DEBUG Engine               - class com.almasb.fxgl.io.FileSystemService
07:50:34.399 [FXGL Background Thread 3 ] DEBUG Engine               - class com.almasb.fxgl.localization.LocalizationService
07:50:34.399 [FXGL Background Thread 3 ] DEBUG Engine               - class com.almasb.fxgl.app.services.SystemBundleService
07:50:34.399 [FXGL Background Thread 3 ] DEBUG Engine               - class com.almasb.fxgl.profile.SaveLoadService
07:50:34.399 [FXGL Background Thread 3 ] DEBUG Engine               - class com.almasb.fxgl.ui.FXGLUIFactoryServiceProvider
07:50:34.399 [FXGL Background Thread 3 ] DEBUG Engine               - class com.almasb.fxgl.ui.FXGLDialogFactoryServiceProvider
07:50:34.399 [FXGL Background Thread 3 ] DEBUG Engine               - class com.almasb.fxgl.audio.AudioPlayer
07:50:34.399 [FXGL Background Thread 3 ] DEBUG Engine               - class com.almasb.fxgl.notification.impl.NotificationServiceProvider
07:50:34.399 [FXGL Background Thread 3 ] DEBUG Engine               - class com.almasb.fxgl.achievement.AchievementService
07:50:34.399 [FXGL Background Thread 3 ] DEBUG Engine               - class com.almasb.fxgl.cutscene.CutsceneService
07:50:34.399 [FXGL Background Thread 3 ] DEBUG Engine               - class com.almasb.fxgl.minigames.MiniGameService
07:50:34.399 [FXGL Background Thread 3 ] DEBUG Engine               - class com.almasb.fxgl.net.NetService
07:50:34.399 [FXGL Background Thread 3 ] DEBUG Engine               - class com.almasb.fxgl.app.services.UpdaterService
07:50:34.399 [FXGL Background Thread 3 ] DEBUG Engine               - class com.almasb.fxgl.dev.DevService
07:50:38.802 [JavaFX Application Thread] DEBUG FXGLApplication      - Exiting FXGL
07:50:38.802 [JavaFX Application Thread] DEBUG LoopRunner           - Stopping loop
07:50:38.802 [JavaFX Application Thread] DEBUG SystemBundleService  - Saving FXGL system data
07:50:38.804 [JavaFX Application Thread] DEBUG FileSystemAccess     - Writing to: C:\Users\xdan1\Documents\IdeaProjects\SpaceInvaders\system\fxgl.bundle
07:50:38.805 [JavaFX Application Thread] DEBUG Async                - Shutting down background threads
07:50:38.805 [JavaFX Application Thread] DEBUG PrimaryStageWindow   - Closing main window
07:50:38.815 [JavaFX Application Thread] DEBUG Logger               - Closing Logger
