04:37:31.272 [main                     ] DEBUG Logger               - Configured Logger
04:37:31.287 [main                     ] DEBUG GameApplication      - Logging settings
Title: Space Invaders
Version: 0.2
Width: 800
Height: 600
Fullscreen: false
Intro: false
Profiling: false
Single step:false
App Mode: DEVELOPER
Menu Key: ESCAPE
Stage Style: DECORATED
Scene Factory: class com.almasb.fxgl.app.scene.SceneFactory

04:37:31.565 [JavaFX Application Thread] DEBUG FXGLApplication      - Initializing FXGL
04:37:31.568 [JavaFX Application Thread] INFO  Engine               - FXGL-17.2 (20.08.2022 16.50) on WINDOWS (J:20.0.1 FX:20)
04:37:31.569 [JavaFX Application Thread] DEBUG Engine               - JRE Vendor Name: Oracle Corporation
04:37:31.569 [JavaFX Application Thread] DEBUG Engine               - Running on OS: Windows 11 version 10.0
04:37:31.569 [JavaFX Application Thread] DEBUG Engine               - Architecture: amd64
04:37:31.569 [JavaFX Application Thread] INFO  Engine               - Source code and latest versions at: https://github.com/AlmasB/FXGL
04:37:31.569 [JavaFX Application Thread] INFO  Engine               -       Ask questions and discuss at: https://github.com/AlmasB/FXGL/discussions
04:37:31.569 [JavaFX Application Thread] INFO  Engine               -              Join the FXGL chat at: https://gitter.im/AlmasB/FXGL
04:37:31.624 [JavaFX Application Thread] DEBUG PrimaryStageWindow   - Creating a JavaFX scene
04:37:31.654 [JavaFX Application Thread] DEBUG PrimaryStageWindow   - Target settings size: 800.0 x 600.0
04:37:31.655 [JavaFX Application Thread] DEBUG PrimaryStageWindow   - Scaled scene size:    800.0 x 600.0
04:37:31.655 [JavaFX Application Thread] DEBUG PrimaryStageWindow   - Scaled ratio: (1.0, 1.0)
04:37:31.656 [JavaFX Application Thread] DEBUG PrimaryStageWindow   - Set initial scene to FXGLStartupScene
04:37:31.657 [JavaFX Application Thread] DEBUG PrimaryStageWindow   - Opening main window
04:37:31.728 [JavaFX Application Thread] DEBUG PrimaryStageWindow   - Window border size: (16.0, 39.0)
04:37:31.728 [JavaFX Application Thread] DEBUG PrimaryStageWindow   - Scaled size: 800.0 x 600.0
04:37:31.728 [JavaFX Application Thread] DEBUG PrimaryStageWindow   - Scaled ratio: (1.0, 1.0)
04:37:31.728 [JavaFX Application Thread] DEBUG PrimaryStageWindow   - Scene size: 800.0 x 600.0
04:37:31.728 [JavaFX Application Thread] DEBUG PrimaryStageWindow   - Stage size: 816.0 x 639.0
04:37:31.733 [FXGL Background Thread 1 ] DEBUG Engine               - Initializing environment variables
04:37:31.765 [FXGL Background Thread 1 ] DEBUG FXGLAssetLoaderServi - User app class for loading assets: class game.spaceinvaders.SpaceInvadersApplication
04:37:31.765 [FXGL Background Thread 1 ] DEBUG GameApplicationServi - Applying CSS: fxgl_dark.css
04:37:31.766 [FXGL Background Thread 1 ] DEBUG FXGLAssetLoaderServi - Loading from file system: jar:file:///C:/Users/xdan1/.m2/repository/com/github/almasb/fxgl/17.2/fxgl-17.2.jar!/fxglassets/ui/css/fxgl_dark.css
04:37:31.794 [FXGL Background Thread 1 ] DEBUG GameApplicationServi - Initializing application scenes
04:37:31.813 [FXGL Background Thread 1 ] DEBUG GameWorld            - Game world initialized
04:37:31.855 [FXGL Background Thread 1 ] DEBUG PhysicsWorld         - Physics world initialized: appHeight=600, physics.ppm=50,0
04:37:31.855 [FXGL Background Thread 1 ] DEBUG PhysicsWorld         - Using strategy: BRUTE_FORCE
04:37:31.858 [FXGL Background Thread 1 ] DEBUG GameScene            - Game scene initialized: 800x600
04:37:31.866 [FXGL Background Thread 1 ] DEBUG FXGL.DefaultMenu     - createMenuBodyMainMenu()
04:37:31.875 [FXGL Background Thread 1 ] DEBUG FXGL.DefaultMenu     - createOptionsMenu()
04:37:31.880 [FXGL Background Thread 1 ] DEBUG FXGLAssetLoaderServi - Loading from file system: jar:file:///C:/Users/xdan1/.m2/repository/com/github/almasb/fxgl/17.2/fxgl-17.2.jar!/fxglassets/textures/particles/smoke.png
04:37:31.937 [FXGL Background Thread 1 ] DEBUG FXGLAssetLoaderServi - Loading from file system: jar:file:///C:/Users/xdan1/.m2/repository/com/github/almasb/fxgl/17.2/fxgl-17.2.jar!/fxglassets/textures/particles/trace_horizontal.png
04:37:31.974 [FXGL Background Thread 1 ] DEBUG FXGL.DefaultMenu     - createMenuBodyGameMenu()
04:37:31.975 [FXGL Background Thread 1 ] DEBUG FXGL.DefaultMenu     - createOptionsMenu()
04:37:31.983 [FXGL Background Thread 1 ] DEBUG GameApplicationServi - Application scenes initialized
04:37:31.990 [FXGL Background Thread 1 ] DEBUG SystemBundleService  - Loading FXGL system data
04:37:31.993 [FXGL Background Thread 1 ] DEBUG FileSystemAccess     - Reading from: C:\Users\xdan1\Documents\IdeaProjects\SpaceInvaders\system\fxgl.bundle
04:37:31.999 [FXGL Background Thread 1 ] DEBUG SystemBundleService  - Bundle FXGL: {}
04:37:31.999 [FXGL Background Thread 1 ] DEBUG UpdaterService       - Checking for updates
04:37:32.002 [FXGL Background Thread 4 ] DEBUG FXGLApplication      - Loading fonts
04:37:32.002 [FXGL Background Thread 1 ] DEBUG FXGLApplication      - Loading default localization
04:37:32.003 [FXGL Background Thread 4 ] DEBUG FXGLAssetLoaderServi - Loading from file system: jar:file:///C:/Users/xdan1/.m2/repository/com/github/almasb/fxgl/17.2/fxgl-17.2.jar!/fxglassets/ui/fonts/VarelaRound-Regular.ttf
04:37:32.003 [FXGL Background Thread 1 ] DEBUG FXGLAssetLoaderServi - Loading from file system: jar:file:///C:/Users/xdan1/.m2/repository/com/github/almasb/fxgl/17.2/fxgl-17.2.jar!/fxglassets/languages/english.lang
04:37:32.014 [FXGL Background Thread 1 ] INFO  FXGLApplication      - FXGL initialization took: 0,281 sec
04:37:32.023 [JavaFX Application Thread] DEBUG Input                - Registered new binding: action0 - LMB
04:37:32.027 [JavaFX Application Thread] DEBUG Input                - Registered new binding: action1 - D
04:37:32.027 [JavaFX Application Thread] DEBUG Input                - Registered new binding: action2 - A
04:37:32.027 [JavaFX Application Thread] DEBUG Input                - Registered new binding: action3 - W
04:37:32.027 [JavaFX Application Thread] DEBUG Input                - Registered new binding: action4 - S
04:37:32.028 [JavaFX Application Thread] DEBUG Input                - Registered new binding: action5 - Esc
04:37:32.028 [JavaFX Application Thread] WARN  FXGLAssetLoaderServi - Asset "/assets/textures/icons/logo.png" was not found!
04:37:32.028 [JavaFX Application Thread] WARN  FXGLAssetLoaderServi - Failed to load IMAGE
04:37:32.035 [JavaFX Application Thread] DEBUG FXGLAssetLoaderServi - Loading from file system: jar:file:///C:/Users/xdan1/.m2/repository/com/github/almasb/fxgl/17.2/fxgl-17.2.jar!/fxglassets/textures/fxgl_default_cursor.png
04:37:32.037 [JavaFX Application Thread] DEBUG Input                - Registered new binding: Screenshot - CTRL+8
04:37:32.037 [JavaFX Application Thread] DEBUG Input                - Registered new binding: System info dump - CTRL+9
04:37:32.037 [JavaFX Application Thread] DEBUG Input                - Registered new binding: Restart - CTRL+R
04:37:32.038 [JavaFX Application Thread] DEBUG Input                - Registered new binding: Toggle Debug Camera - CTRL+7
04:37:32.038 [FXGL Background Thread 4 ] DEBUG FXGLAssetLoaderServi - Loading from file system: jar:file:///C:/Users/xdan1/.m2/repository/com/github/almasb/fxgl/17.2/fxgl-17.2.jar!/fxglassets/ui/fonts/Abel-Regular.ttf
04:37:32.039 [JavaFX Application Thread] DEBUG LoopRunner           - Starting loop
04:37:32.039 [JavaFX Application Thread] DEBUG LoopRunner           - Initializing JavaFX AnimationTimerLoop
04:37:32.041 [JavaFX Application Thread] DEBUG Input                - Clearing active input actions
04:37:32.044 [FXGL Background Thread 4 ] DEBUG FXGLAssetLoaderServi - Loading from file system: jar:file:///C:/Users/xdan1/.m2/repository/com/github/almasb/fxgl/17.2/fxgl-17.2.jar!/fxglassets/ui/fonts/TerminalLandMono-Regular.otf
04:37:32.046 [JavaFX Application Thread] DEBUG GameApplicationServi - Removing overlay from FXGLStartupScene and adding to FXGLMainMenuDummyScene
04:37:32.047 [JavaFX Application Thread] DEBUG PrimaryStageWindow   - FXGLStartupScene -> FXGLMainMenuDummyScene
04:37:32.047 [JavaFX Application Thread] DEBUG PrimaryStageWindow   - Push state: FXGLDefaultMenu
04:37:32.050 [FXGL Background Thread 4 ] DEBUG FXGLAssetLoaderServi - Loading from file system: jar:file:///C:/Users/xdan1/.m2/repository/com/github/almasb/fxgl/17.2/fxgl-17.2.jar!/fxglassets/ui/fonts/Courier-Prime.ttf
04:37:32.052 [JavaFX Application Thread] DEBUG Input                - Clearing active input actions
04:37:32.058 [JavaFX Application Thread] DEBUG GameApplicationServi - Removing overlay from FXGLMainMenuDummyScene and adding to FXGLDefaultMenu
04:37:32.058 [JavaFX Application Thread] DEBUG PrimaryStageWindow   - FXGLMainMenuDummyScene -> FXGLDefaultMenu
04:37:32.112 [JavaFX Application Thread] DEBUG FXGLApplication      - Registering font factories with UI factory
04:37:32.308 [FXGL Background Thread 2 ] INFO  UpdaterService       - Your current version:  17.2
04:37:32.308 [FXGL Background Thread 2 ] INFO  UpdaterService       - Latest stable version: 17.3
04:37:32.935 [JavaFX Application Thread] DEBUG Menu                 - fireNewGame()
04:37:32.936 [JavaFX Application Thread] DEBUG GameApplicationServi - Starting new game
04:37:32.937 [JavaFX Application Thread] DEBUG PrimaryStageWindow   - Pop state: FXGLDefaultMenu
04:37:32.937 [JavaFX Application Thread] DEBUG Input                - Clearing active input actions
04:37:32.937 [JavaFX Application Thread] DEBUG GameApplicationServi - Removing overlay from FXGLDefaultMenu and adding to FXGLMainMenuDummyScene
04:37:32.938 [JavaFX Application Thread] DEBUG PrimaryStageWindow   - FXGLMainMenuDummyScene <- FXGLDefaultMenu
04:37:32.938 [JavaFX Application Thread] DEBUG Input                - Clearing active input actions
04:37:32.946 [JavaFX Application Thread] DEBUG GameApplicationServi - Removing overlay from FXGLMainMenuDummyScene and adding to FXGLLoadingScene
04:37:32.946 [JavaFX Application Thread] DEBUG PrimaryStageWindow   - FXGLMainMenuDummyScene -> FXGLLoadingScene
04:37:32.946 [JavaFX Application Thread] DEBUG GameApplicationServi - Clearing previous game
04:37:32.946 [JavaFX Application Thread] DEBUG GameScene            - Clearing game scene
04:37:32.946 [JavaFX Application Thread] DEBUG GameWorld            - Clearing game world
04:37:32.946 [JavaFX Application Thread] DEBUG PhysicsWorld         - Clearing physics world
04:37:32.947 [FXGL Background Thread 2 ] DEBUG FXGLApplication      - Initializing game
04:37:33.055 [FXGL Background Thread 2 ] INFO  FXGLApplication      - Game initialization took: 0,108 sec
04:37:33.056 [JavaFX Application Thread] DEBUG Input                - Clearing active input actions
04:37:33.058 [JavaFX Application Thread] DEBUG GameApplicationServi - Removing overlay from FXGLLoadingScene and adding to GameScene
04:37:33.059 [JavaFX Application Thread] DEBUG PrimaryStageWindow   - FXGLLoadingScene -> GameScene
04:37:35.001 [FXGL Background Thread 3 ] DEBUG Engine               - Logging environment variables
04:37:35.001 [FXGL Background Thread 3 ] DEBUG Engine               - achievements: []
04:37:35.001 [FXGL Background Thread 3 ] DEBUG Engine               - actualHeight: 600.0
04:37:35.001 [FXGL Background Thread 3 ] DEBUG Engine               - actualHeightProperty: ReadOnlyDoubleProperty [value: 600.0]
04:37:35.001 [FXGL Background Thread 3 ] DEBUG Engine               - actualWidth: 800.0
04:37:35.001 [FXGL Background Thread 3 ] DEBUG Engine               - actualWidthProperty: ReadOnlyDoubleProperty [value: 800.0]
04:37:35.001 [FXGL Background Thread 3 ] DEBUG Engine               - appIcon: icons/logo.png
04:37:35.001 [FXGL Background Thread 3 ] DEBUG Engine               - applicationMode: DEVELOPER
04:37:35.001 [FXGL Background Thread 3 ] DEBUG Engine               - cSSList: [fxgl_dark.css]
04:37:35.001 [FXGL Background Thread 3 ] DEBUG Engine               - collisionDetectionStrategy: BRUTE_FORCE
04:37:35.001 [FXGL Background Thread 3 ] DEBUG Engine               - configClass: Optional.empty
04:37:35.001 [FXGL Background Thread 3 ] DEBUG Engine               - credits: []
04:37:35.001 [FXGL Background Thread 3 ] DEBUG Engine               - defaultCursor: CursorInfo(imageName=fxgl_default_cursor.png, hotspotX=7.0, hotspotY=6.0)
04:37:35.002 [FXGL Background Thread 3 ] DEBUG Engine               - devBBoxColorProperty: ObjectProperty [value: 0xff0000ff]
04:37:35.002 [FXGL Background Thread 3 ] DEBUG Engine               - devEnableDebugCameraProperty: BooleanProperty [value: false]
04:37:35.002 [FXGL Background Thread 3 ] DEBUG Engine               - devSensorColorProperty: ObjectProperty [value: 0xffff00ff]
04:37:35.002 [FXGL Background Thread 3 ] DEBUG Engine               - devShowBBoxProperty: BooleanProperty [value: false]
04:37:35.002 [FXGL Background Thread 3 ] DEBUG Engine               - devShowPositionProperty: BooleanProperty [value: false]
04:37:35.002 [FXGL Background Thread 3 ] DEBUG Engine               - enabledMenuItems: []
04:37:35.002 [FXGL Background Thread 3 ] DEBUG Engine               - engineServices: [class com.almasb.fxgl.app.services.FXGLAssetLoaderService, class com.almasb.fxgl.app.FXGLApplication$GameApplicationService, class com.almasb.fxgl.app.services.FXGLDialogService, class com.almasb.fxgl.app.services.IOTaskExecutorService, class com.almasb.fxgl.io.FileSystemService, class com.almasb.fxgl.localization.LocalizationService, class com.almasb.fxgl.app.services.SystemBundleService, class com.almasb.fxgl.profile.SaveLoadService, class com.almasb.fxgl.ui.FXGLUIFactoryServiceProvider, class com.almasb.fxgl.ui.FXGLDialogFactoryServiceProvider, class com.almasb.fxgl.audio.AudioPlayer, class com.almasb.fxgl.notification.impl.NotificationServiceProvider, class com.almasb.fxgl.achievement.AchievementService, class com.almasb.fxgl.cutscene.CutsceneService, class com.almasb.fxgl.minigames.MiniGameService, class com.almasb.fxgl.net.NetService, class com.almasb.fxgl.app.services.UpdaterService, class com.almasb.fxgl.dev.DevService]
04:37:35.002 [FXGL Background Thread 3 ] DEBUG Engine               - fontGame: Abel-Regular.ttf
04:37:35.002 [FXGL Background Thread 3 ] DEBUG Engine               - fontMono: TerminalLandMono-Regular.otf
04:37:35.002 [FXGL Background Thread 3 ] DEBUG Engine               - fontText: Courier-Prime.ttf
04:37:35.002 [FXGL Background Thread 3 ] DEBUG Engine               - fontUI: VarelaRound-Regular.ttf
04:37:35.002 [FXGL Background Thread 3 ] DEBUG Engine               - fullScreen: BooleanProperty [value: false]
04:37:35.002 [FXGL Background Thread 3 ] DEBUG Engine               - gameDifficulty: MEDIUM
04:37:35.002 [FXGL Background Thread 3 ] DEBUG Engine               - gameDifficultyProperty: ObjectProperty [value: MEDIUM]
04:37:35.002 [FXGL Background Thread 3 ] DEBUG Engine               - globalMusicVolume: 0.5
04:37:35.002 [FXGL Background Thread 3 ] DEBUG Engine               - globalMusicVolumeProperty: DoubleProperty [value: 0.5]
04:37:35.002 [FXGL Background Thread 3 ] DEBUG Engine               - globalSoundVolume: 0.5
04:37:35.002 [FXGL Background Thread 3 ] DEBUG Engine               - globalSoundVolumeProperty: DoubleProperty [value: 0.5]
04:37:35.002 [FXGL Background Thread 3 ] DEBUG Engine               - height: 600
04:37:35.002 [FXGL Background Thread 3 ] DEBUG Engine               - is3D: false
04:37:35.002 [FXGL Background Thread 3 ] DEBUG Engine               - isAndroid: false
04:37:35.002 [FXGL Background Thread 3 ] DEBUG Engine               - isBrowser: false
04:37:35.002 [FXGL Background Thread 3 ] DEBUG Engine               - isClickFeedbackEnabled: false
04:37:35.002 [FXGL Background Thread 3 ] DEBUG Engine               - isCloseConfirmation: false
04:37:35.002 [FXGL Background Thread 3 ] DEBUG Engine               - isDesktop: true
04:37:35.002 [FXGL Background Thread 3 ] DEBUG Engine               - isDeveloperMenuEnabled: false
04:37:35.002 [FXGL Background Thread 3 ] DEBUG Engine               - isEmbedded: false
04:37:35.002 [FXGL Background Thread 3 ] DEBUG Engine               - isEntityPreloadEnabled: true
04:37:35.002 [FXGL Background Thread 3 ] DEBUG Engine               - isExperimentalTiledLargeMap: false
04:37:35.002 [FXGL Background Thread 3 ] DEBUG Engine               - isFileSystemWriteAllowed: true
04:37:35.002 [FXGL Background Thread 3 ] DEBUG Engine               - isFullScreenAllowed: false
04:37:35.002 [FXGL Background Thread 3 ] DEBUG Engine               - isFullScreenFromStart: false
04:37:35.002 [FXGL Background Thread 3 ] DEBUG Engine               - isGameMenuEnabled: true
04:37:35.002 [FXGL Background Thread 3 ] DEBUG Engine               - isIOS: false
04:37:35.002 [FXGL Background Thread 3 ] DEBUG Engine               - isIntroEnabled: false
04:37:35.002 [FXGL Background Thread 3 ] DEBUG Engine               - isLinux: false
04:37:35.002 [FXGL Background Thread 3 ] DEBUG Engine               - isMac: false
04:37:35.002 [FXGL Background Thread 3 ] DEBUG Engine               - isMainMenuEnabled: true
04:37:35.002 [FXGL Background Thread 3 ] DEBUG Engine               - isManualResizeEnabled: false
04:37:35.002 [FXGL Background Thread 3 ] DEBUG Engine               - isMobile: false
04:37:35.002 [FXGL Background Thread 3 ] DEBUG Engine               - isNative: false
04:37:35.002 [FXGL Background Thread 3 ] DEBUG Engine               - isPauseMusicWhenMinimized: true
04:37:35.002 [FXGL Background Thread 3 ] DEBUG Engine               - isPreserveResizeRatio: false
04:37:35.002 [FXGL Background Thread 3 ] DEBUG Engine               - isProfilingEnabled: false
04:37:35.002 [FXGL Background Thread 3 ] DEBUG Engine               - isScaleAffectedOnResize: true
04:37:35.003 [FXGL Background Thread 3 ] DEBUG Engine               - isSingleStep: false
04:37:35.003 [FXGL Background Thread 3 ] DEBUG Engine               - isUserProfileEnabled: false
04:37:35.003 [FXGL Background Thread 3 ] DEBUG Engine               - isWindows: true
04:37:35.003 [FXGL Background Thread 3 ] DEBUG Engine               - language: ObjectProperty [value: ENGLISH]
04:37:35.003 [FXGL Background Thread 3 ] DEBUG Engine               - menuKey: ESCAPE
04:37:35.003 [FXGL Background Thread 3 ] DEBUG Engine               - mouseSensitivity: 0.2
04:37:35.003 [FXGL Background Thread 3 ] DEBUG Engine               - notificationViewClass: class com.almasb.fxgl.notification.view.XboxNotificationView
04:37:35.003 [FXGL Background Thread 3 ] DEBUG Engine               - pixelsPerMeter: 50.0
04:37:35.003 [FXGL Background Thread 3 ] DEBUG Engine               - platform: WINDOWS
04:37:35.003 [FXGL Background Thread 3 ] DEBUG Engine               - prefHeightProperty: ReadOnlyDoubleProperty [value: 600.0]
04:37:35.003 [FXGL Background Thread 3 ] DEBUG Engine               - prefWidthProperty: ReadOnlyDoubleProperty [value: 800.0]
04:37:35.003 [FXGL Background Thread 3 ] DEBUG Engine               - profileDir: profiles/
04:37:35.003 [FXGL Background Thread 3 ] DEBUG Engine               - profileName: StringProperty [value: DEFAULT]
04:37:35.003 [FXGL Background Thread 3 ] DEBUG Engine               - randomSeed: -1
04:37:35.003 [FXGL Background Thread 3 ] DEBUG Engine               - runtimeInfo: RuntimeInfo(platform=WINDOWS, version=17.2, build=20.08.2022 16.50)
04:37:35.003 [FXGL Background Thread 3 ] DEBUG Engine               - saveFileExt: sav
04:37:35.003 [FXGL Background Thread 3 ] DEBUG Engine               - scaledHeightProp$fxgl: DoubleProperty [bound, value: 600.0]
04:37:35.003 [FXGL Background Thread 3 ] DEBUG Engine               - scaledWidthProp$fxgl: DoubleProperty [bound, value: 800.0]
04:37:35.003 [FXGL Background Thread 3 ] DEBUG Engine               - sceneFactory: com.almasb.fxgl.app.scene.SceneFactory@3f6a1fc5
04:37:35.003 [FXGL Background Thread 3 ] DEBUG Engine               - secondsIn24h: 60
04:37:35.003 [FXGL Background Thread 3 ] DEBUG Engine               - soundMenuBack: menu/back.wav
04:37:35.003 [FXGL Background Thread 3 ] DEBUG Engine               - soundMenuPress: menu/press.wav
04:37:35.003 [FXGL Background Thread 3 ] DEBUG Engine               - soundMenuSelect: menu/select.wav
04:37:35.003 [FXGL Background Thread 3 ] DEBUG Engine               - soundNotification: core/notification.wav
04:37:35.003 [FXGL Background Thread 3 ] DEBUG Engine               - stageStyle: DECORATED
04:37:35.003 [FXGL Background Thread 3 ] DEBUG Engine               - supportedLanguages: [ENGLISH, FRENCH, GERMAN, HUNGARIAN, RUSSIAN]
04:37:35.003 [FXGL Background Thread 3 ] DEBUG Engine               - ticksPerSecond: -1
04:37:35.003 [FXGL Background Thread 3 ] DEBUG Engine               - title: Space Invaders
04:37:35.003 [FXGL Background Thread 3 ] DEBUG Engine               - urlGithub: https://github.com/AlmasB/FXGL
04:37:35.003 [FXGL Background Thread 3 ] DEBUG Engine               - urlLeaderboard: http://fxgl-top.herokuapp.com/
04:37:35.003 [FXGL Background Thread 3 ] DEBUG Engine               - urlPOM: https://raw.githubusercontent.com/AlmasB/FXGL/release/README.md
04:37:35.003 [FXGL Background Thread 3 ] DEBUG Engine               - userAppClass: class game.spaceinvaders.SpaceInvadersApplication
04:37:35.003 [FXGL Background Thread 3 ] DEBUG Engine               - version: 0.2
04:37:35.003 [FXGL Background Thread 3 ] DEBUG Engine               - versionCheckDays: 7
04:37:35.003 [FXGL Background Thread 3 ] DEBUG Engine               - width: 800
04:37:35.003 [FXGL Background Thread 3 ] DEBUG Engine               - Logging services
04:37:35.003 [FXGL Background Thread 3 ] DEBUG Engine               - class com.almasb.fxgl.app.services.FXGLAssetLoaderService
04:37:35.003 [FXGL Background Thread 3 ] DEBUG Engine               - class com.almasb.fxgl.app.FXGLApplication$GameApplicationService
04:37:35.003 [FXGL Background Thread 3 ] DEBUG Engine               - class com.almasb.fxgl.app.services.FXGLDialogService
04:37:35.003 [FXGL Background Thread 3 ] DEBUG Engine               - class com.almasb.fxgl.app.services.IOTaskExecutorService
04:37:35.003 [FXGL Background Thread 3 ] DEBUG Engine               - class com.almasb.fxgl.io.FileSystemService
04:37:35.003 [FXGL Background Thread 3 ] DEBUG Engine               - class com.almasb.fxgl.localization.LocalizationService
04:37:35.003 [FXGL Background Thread 3 ] DEBUG Engine               - class com.almasb.fxgl.app.services.SystemBundleService
04:37:35.003 [FXGL Background Thread 3 ] DEBUG Engine               - class com.almasb.fxgl.profile.SaveLoadService
04:37:35.003 [FXGL Background Thread 3 ] DEBUG Engine               - class com.almasb.fxgl.ui.FXGLUIFactoryServiceProvider
04:37:35.003 [FXGL Background Thread 3 ] DEBUG Engine               - class com.almasb.fxgl.ui.FXGLDialogFactoryServiceProvider
04:37:35.004 [FXGL Background Thread 3 ] DEBUG Engine               - class com.almasb.fxgl.audio.AudioPlayer
04:37:35.004 [FXGL Background Thread 3 ] DEBUG Engine               - class com.almasb.fxgl.notification.impl.NotificationServiceProvider
04:37:35.004 [FXGL Background Thread 3 ] DEBUG Engine               - class com.almasb.fxgl.achievement.AchievementService
04:37:35.004 [FXGL Background Thread 3 ] DEBUG Engine               - class com.almasb.fxgl.cutscene.CutsceneService
04:37:35.004 [FXGL Background Thread 3 ] DEBUG Engine               - class com.almasb.fxgl.minigames.MiniGameService
04:37:35.004 [FXGL Background Thread 3 ] DEBUG Engine               - class com.almasb.fxgl.net.NetService
04:37:35.004 [FXGL Background Thread 3 ] DEBUG Engine               - class com.almasb.fxgl.app.services.UpdaterService
04:37:35.004 [FXGL Background Thread 3 ] DEBUG Engine               - class com.almasb.fxgl.dev.DevService
04:37:36.069 [JavaFX Application Thread] DEBUG FXGLApplication      - Exiting FXGL
04:37:36.069 [JavaFX Application Thread] DEBUG LoopRunner           - Stopping loop
04:37:36.069 [JavaFX Application Thread] DEBUG SystemBundleService  - Saving FXGL system data
04:37:36.070 [JavaFX Application Thread] DEBUG FileSystemAccess     - Writing to: C:\Users\xdan1\Documents\IdeaProjects\SpaceInvaders\system\fxgl.bundle
04:37:36.071 [JavaFX Application Thread] DEBUG Async                - Shutting down background threads
04:37:36.071 [JavaFX Application Thread] DEBUG PrimaryStageWindow   - Closing main window
04:37:36.081 [JavaFX Application Thread] DEBUG Logger               - Closing Logger
