06:54:09.365 [main                     ] DEBUG Logger               - Configured Logger
06:54:09.382 [main                     ] DEBUG GameApplication      - Logging settings
Title: Space Invaders
Version: 0.2
Width: 800
Height: 600
Fullscreen: false
Intro: false
Profiling: false
Single step:false
App Mode: DEVELOPER
Menu Key: ESCAPE
Stage Style: DECORATED
Scene Factory: class com.almasb.fxgl.app.scene.SceneFactory

06:54:09.649 [JavaFX Application Thread] DEBUG FXGLApplication      - Initializing FXGL
06:54:09.652 [JavaFX Application Thread] INFO  Engine               - FXGL-17.2 (20.08.2022 16.50) on WINDOWS (J:20.0.1 FX:20)
06:54:09.652 [JavaFX Application Thread] DEBUG Engine               - JRE Vendor Name: Oracle Corporation
06:54:09.652 [JavaFX Application Thread] DEBUG Engine               - Running on OS: Windows 11 version 10.0
06:54:09.652 [JavaFX Application Thread] DEBUG Engine               - Architecture: amd64
06:54:09.652 [JavaFX Application Thread] INFO  Engine               - Source code and latest versions at: https://github.com/AlmasB/FXGL
06:54:09.652 [JavaFX Application Thread] INFO  Engine               -       Ask questions and discuss at: https://github.com/AlmasB/FXGL/discussions
06:54:09.652 [JavaFX Application Thread] INFO  Engine               -              Join the FXGL chat at: https://gitter.im/AlmasB/FXGL
06:54:09.711 [JavaFX Application Thread] DEBUG PrimaryStageWindow   - Creating a JavaFX scene
06:54:09.740 [JavaFX Application Thread] DEBUG PrimaryStageWindow   - Target settings size: 800.0 x 600.0
06:54:09.740 [JavaFX Application Thread] DEBUG PrimaryStageWindow   - Scaled scene size:    800.0 x 600.0
06:54:09.741 [JavaFX Application Thread] DEBUG PrimaryStageWindow   - Scaled ratio: (1.0, 1.0)
06:54:09.741 [JavaFX Application Thread] DEBUG PrimaryStageWindow   - Set initial scene to FXGLStartupScene
06:54:09.742 [JavaFX Application Thread] DEBUG PrimaryStageWindow   - Opening main window
06:54:09.814 [JavaFX Application Thread] DEBUG PrimaryStageWindow   - Window border size: (16.0, 39.0)
06:54:09.814 [JavaFX Application Thread] DEBUG PrimaryStageWindow   - Scaled size: 800.0 x 600.0
06:54:09.814 [JavaFX Application Thread] DEBUG PrimaryStageWindow   - Scaled ratio: (1.0, 1.0)
06:54:09.814 [JavaFX Application Thread] DEBUG PrimaryStageWindow   - Scene size: 800.0 x 600.0
06:54:09.815 [JavaFX Application Thread] DEBUG PrimaryStageWindow   - Stage size: 816.0 x 639.0
06:54:09.820 [FXGL Background Thread 1 ] DEBUG Engine               - Initializing environment variables
06:54:09.851 [FXGL Background Thread 1 ] DEBUG FXGLAssetLoaderServi - User app class for loading assets: class game.spaceinvaders.SpaceInvadersApplication
06:54:09.851 [FXGL Background Thread 1 ] DEBUG GameApplicationServi - Applying CSS: fxgl_dark.css
06:54:09.852 [FXGL Background Thread 1 ] DEBUG FXGLAssetLoaderServi - Loading from file system: jar:file:///C:/Users/xdan1/.m2/repository/com/github/almasb/fxgl/17.2/fxgl-17.2.jar!/fxglassets/ui/css/fxgl_dark.css
06:54:09.881 [FXGL Background Thread 1 ] DEBUG GameApplicationServi - Initializing application scenes
06:54:09.903 [FXGL Background Thread 1 ] DEBUG GameWorld            - Game world initialized
06:54:09.944 [FXGL Background Thread 1 ] DEBUG PhysicsWorld         - Physics world initialized: appHeight=600, physics.ppm=50,0
06:54:09.944 [FXGL Background Thread 1 ] DEBUG PhysicsWorld         - Using strategy: BRUTE_FORCE
06:54:09.947 [FXGL Background Thread 1 ] DEBUG GameScene            - Game scene initialized: 800x600
06:54:09.954 [FXGL Background Thread 1 ] DEBUG FXGL.DefaultMenu     - createMenuBodyMainMenu()
06:54:09.962 [FXGL Background Thread 1 ] DEBUG FXGL.DefaultMenu     - createOptionsMenu()
06:54:09.969 [FXGL Background Thread 1 ] DEBUG FXGLAssetLoaderServi - Loading from file system: jar:file:///C:/Users/xdan1/.m2/repository/com/github/almasb/fxgl/17.2/fxgl-17.2.jar!/fxglassets/textures/particles/smoke.png
06:54:10.031 [FXGL Background Thread 1 ] DEBUG FXGLAssetLoaderServi - Loading from file system: jar:file:///C:/Users/xdan1/.m2/repository/com/github/almasb/fxgl/17.2/fxgl-17.2.jar!/fxglassets/textures/particles/trace_horizontal.png
06:54:10.052 [FXGL Background Thread 1 ] DEBUG FXGL.DefaultMenu     - createMenuBodyGameMenu()
06:54:10.053 [FXGL Background Thread 1 ] DEBUG FXGL.DefaultMenu     - createOptionsMenu()
06:54:10.062 [FXGL Background Thread 1 ] DEBUG GameApplicationServi - Application scenes initialized
06:54:10.070 [FXGL Background Thread 1 ] DEBUG SystemBundleService  - Loading FXGL system data
06:54:10.073 [FXGL Background Thread 1 ] DEBUG FileSystemAccess     - Reading from: C:\Users\xdan1\OneDrive\Documentos\IdeaProjects\SpaceInvaders\system\fxgl.bundle
06:54:10.079 [FXGL Background Thread 1 ] DEBUG SystemBundleService  - Bundle FXGL: {}
06:54:10.080 [FXGL Background Thread 1 ] DEBUG UpdaterService       - Checking for updates
06:54:10.082 [FXGL Background Thread 4 ] DEBUG FXGLApplication      - Loading fonts
06:54:10.082 [FXGL Background Thread 1 ] DEBUG FXGLApplication      - Loading default localization
06:54:10.083 [FXGL Background Thread 4 ] DEBUG FXGLAssetLoaderServi - Loading from file system: jar:file:///C:/Users/xdan1/.m2/repository/com/github/almasb/fxgl/17.2/fxgl-17.2.jar!/fxglassets/ui/fonts/VarelaRound-Regular.ttf
06:54:10.083 [FXGL Background Thread 1 ] DEBUG FXGLAssetLoaderServi - Loading from file system: jar:file:///C:/Users/xdan1/.m2/repository/com/github/almasb/fxgl/17.2/fxgl-17.2.jar!/fxglassets/languages/english.lang
06:54:10.095 [FXGL Background Thread 1 ] INFO  FXGLApplication      - FXGL initialization took: 0,275 sec
06:54:10.106 [JavaFX Application Thread] DEBUG Input                - Registered new binding: action0 - LMB
06:54:10.106 [JavaFX Application Thread] DEBUG Input                - Registered new binding: action1 - RMB
06:54:10.111 [JavaFX Application Thread] DEBUG Input                - Registered new binding: action2 - D
06:54:10.111 [JavaFX Application Thread] DEBUG Input                - Registered new binding: action3 - A
06:54:10.111 [JavaFX Application Thread] DEBUG Input                - Registered new binding: action4 - W
06:54:10.111 [JavaFX Application Thread] DEBUG Input                - Registered new binding: action5 - S
06:54:10.112 [JavaFX Application Thread] DEBUG Input                - Registered new binding: action6 - Space
06:54:10.112 [JavaFX Application Thread] DEBUG Input                - Registered new binding: Pause - Esc
06:54:10.112 [JavaFX Application Thread] DEBUG FXGLAssetLoaderServi - Loading from file system: file:/C:/Users/xdan1/OneDrive/Documentos/IdeaProjects/SpaceInvaders/target/classes/assets/textures/icons/logo.png
06:54:10.120 [FXGL Background Thread 4 ] DEBUG FXGLAssetLoaderServi - Loading from file system: jar:file:///C:/Users/xdan1/.m2/repository/com/github/almasb/fxgl/17.2/fxgl-17.2.jar!/fxglassets/ui/fonts/Abel-Regular.ttf
06:54:10.124 [JavaFX Application Thread] DEBUG FXGLAssetLoaderServi - Loading from file system: jar:file:///C:/Users/xdan1/.m2/repository/com/github/almasb/fxgl/17.2/fxgl-17.2.jar!/fxglassets/textures/fxgl_default_cursor.png
06:54:10.126 [JavaFX Application Thread] DEBUG Input                - Registered new binding: Screenshot - CTRL+8
06:54:10.126 [JavaFX Application Thread] DEBUG Input                - Registered new binding: System info dump - CTRL+9
06:54:10.127 [JavaFX Application Thread] DEBUG Input                - Registered new binding: Restart - CTRL+R
06:54:10.127 [FXGL Background Thread 4 ] DEBUG FXGLAssetLoaderServi - Loading from file system: jar:file:///C:/Users/xdan1/.m2/repository/com/github/almasb/fxgl/17.2/fxgl-17.2.jar!/fxglassets/ui/fonts/TerminalLandMono-Regular.otf
06:54:10.127 [JavaFX Application Thread] DEBUG Input                - Registered new binding: Toggle Debug Camera - CTRL+7
06:54:10.130 [JavaFX Application Thread] DEBUG LoopRunner           - Starting loop
06:54:10.130 [JavaFX Application Thread] DEBUG LoopRunner           - Initializing JavaFX AnimationTimerLoop
06:54:10.132 [JavaFX Application Thread] DEBUG Input                - Clearing active input actions
06:54:10.136 [FXGL Background Thread 4 ] DEBUG FXGLAssetLoaderServi - Loading from file system: jar:file:///C:/Users/xdan1/.m2/repository/com/github/almasb/fxgl/17.2/fxgl-17.2.jar!/fxglassets/ui/fonts/Courier-Prime.ttf
06:54:10.137 [JavaFX Application Thread] DEBUG GameApplicationServi - Removing overlay from FXGLStartupScene and adding to FXGLMainMenuDummyScene
06:54:10.137 [JavaFX Application Thread] DEBUG PrimaryStageWindow   - FXGLStartupScene -> FXGLMainMenuDummyScene
06:54:10.137 [JavaFX Application Thread] DEBUG PrimaryStageWindow   - Push state: FXGLDefaultMenu
06:54:10.141 [JavaFX Application Thread] DEBUG Input                - Clearing active input actions
06:54:10.147 [JavaFX Application Thread] DEBUG GameApplicationServi - Removing overlay from FXGLMainMenuDummyScene and adding to FXGLDefaultMenu
06:54:10.148 [JavaFX Application Thread] DEBUG PrimaryStageWindow   - FXGLMainMenuDummyScene -> FXGLDefaultMenu
06:54:10.202 [JavaFX Application Thread] DEBUG FXGLApplication      - Registering font factories with UI factory
06:54:10.643 [FXGL Background Thread 2 ] INFO  UpdaterService       - Your current version:  17.2
06:54:10.643 [FXGL Background Thread 2 ] INFO  UpdaterService       - Latest stable version: 17.3
06:54:10.982 [JavaFX Application Thread] DEBUG Menu                 - fireNewGame()
06:54:10.982 [JavaFX Application Thread] DEBUG GameApplicationServi - Starting new game
06:54:10.983 [JavaFX Application Thread] DEBUG PrimaryStageWindow   - Pop state: FXGLDefaultMenu
06:54:10.983 [JavaFX Application Thread] DEBUG Input                - Clearing active input actions
06:54:10.984 [JavaFX Application Thread] DEBUG GameApplicationServi - Removing overlay from FXGLDefaultMenu and adding to FXGLMainMenuDummyScene
06:54:10.984 [JavaFX Application Thread] DEBUG PrimaryStageWindow   - FXGLMainMenuDummyScene <- FXGLDefaultMenu
06:54:10.984 [JavaFX Application Thread] DEBUG Input                - Clearing active input actions
06:54:10.993 [JavaFX Application Thread] DEBUG GameApplicationServi - Removing overlay from FXGLMainMenuDummyScene and adding to FXGLLoadingScene
06:54:10.993 [JavaFX Application Thread] DEBUG PrimaryStageWindow   - FXGLMainMenuDummyScene -> FXGLLoadingScene
06:54:10.993 [JavaFX Application Thread] DEBUG GameApplicationServi - Clearing previous game
06:54:10.993 [JavaFX Application Thread] DEBUG GameScene            - Clearing game scene
06:54:10.993 [JavaFX Application Thread] DEBUG GameWorld            - Clearing game world
06:54:10.993 [JavaFX Application Thread] DEBUG PhysicsWorld         - Clearing physics world
06:54:10.994 [FXGL Background Thread 2 ] DEBUG FXGLApplication      - Initializing game
06:54:11.111 [FXGL Background Thread 2 ] INFO  FXGLApplication      - Game initialization took: 0,116 sec
06:54:11.111 [JavaFX Application Thread] DEBUG Input                - Clearing active input actions
06:54:11.115 [JavaFX Application Thread] DEBUG GameApplicationServi - Removing overlay from FXGLLoadingScene and adding to GameScene
06:54:11.115 [JavaFX Application Thread] DEBUG PrimaryStageWindow   - FXGLLoadingScene -> GameScene
06:54:13.084 [FXGL Background Thread 3 ] DEBUG Engine               - Logging environment variables
06:54:13.085 [FXGL Background Thread 3 ] DEBUG Engine               - achievements: []
06:54:13.085 [FXGL Background Thread 3 ] DEBUG Engine               - actualHeight: 600.0
06:54:13.085 [FXGL Background Thread 3 ] DEBUG Engine               - actualHeightProperty: ReadOnlyDoubleProperty [value: 600.0]
06:54:13.085 [FXGL Background Thread 3 ] DEBUG Engine               - actualWidth: 800.0
06:54:13.085 [FXGL Background Thread 3 ] DEBUG Engine               - actualWidthProperty: ReadOnlyDoubleProperty [value: 800.0]
06:54:13.085 [FXGL Background Thread 3 ] DEBUG Engine               - appIcon: icons/logo.png
06:54:13.085 [FXGL Background Thread 3 ] DEBUG Engine               - applicationMode: DEVELOPER
06:54:13.085 [FXGL Background Thread 3 ] DEBUG Engine               - cSSList: [fxgl_dark.css]
06:54:13.085 [FXGL Background Thread 3 ] DEBUG Engine               - collisionDetectionStrategy: BRUTE_FORCE
06:54:13.085 [FXGL Background Thread 3 ] DEBUG Engine               - configClass: Optional.empty
06:54:13.085 [FXGL Background Thread 3 ] DEBUG Engine               - credits: []
06:54:13.085 [FXGL Background Thread 3 ] DEBUG Engine               - defaultCursor: CursorInfo(imageName=fxgl_default_cursor.png, hotspotX=7.0, hotspotY=6.0)
06:54:13.085 [FXGL Background Thread 3 ] DEBUG Engine               - devBBoxColorProperty: ObjectProperty [value: 0xff0000ff]
06:54:13.085 [FXGL Background Thread 3 ] DEBUG Engine               - devEnableDebugCameraProperty: BooleanProperty [value: false]
06:54:13.085 [FXGL Background Thread 3 ] DEBUG Engine               - devSensorColorProperty: ObjectProperty [value: 0xffff00ff]
06:54:13.085 [FXGL Background Thread 3 ] DEBUG Engine               - devShowBBoxProperty: BooleanProperty [value: false]
06:54:13.085 [FXGL Background Thread 3 ] DEBUG Engine               - devShowPositionProperty: BooleanProperty [value: false]
06:54:13.085 [FXGL Background Thread 3 ] DEBUG Engine               - enabledMenuItems: []
06:54:13.085 [FXGL Background Thread 3 ] DEBUG Engine               - engineServices: [class com.almasb.fxgl.app.services.FXGLAssetLoaderService, class com.almasb.fxgl.app.FXGLApplication$GameApplicationService, class com.almasb.fxgl.app.services.FXGLDialogService, class com.almasb.fxgl.app.services.IOTaskExecutorService, class com.almasb.fxgl.io.FileSystemService, class com.almasb.fxgl.localization.LocalizationService, class com.almasb.fxgl.app.services.SystemBundleService, class com.almasb.fxgl.profile.SaveLoadService, class com.almasb.fxgl.ui.FXGLUIFactoryServiceProvider, class com.almasb.fxgl.ui.FXGLDialogFactoryServiceProvider, class com.almasb.fxgl.audio.AudioPlayer, class com.almasb.fxgl.notification.impl.NotificationServiceProvider, class com.almasb.fxgl.achievement.AchievementService, class com.almasb.fxgl.cutscene.CutsceneService, class com.almasb.fxgl.minigames.MiniGameService, class com.almasb.fxgl.net.NetService, class com.almasb.fxgl.app.services.UpdaterService, class com.almasb.fxgl.dev.DevService]
06:54:13.085 [FXGL Background Thread 3 ] DEBUG Engine               - fontGame: Abel-Regular.ttf
06:54:13.085 [FXGL Background Thread 3 ] DEBUG Engine               - fontMono: TerminalLandMono-Regular.otf
06:54:13.085 [FXGL Background Thread 3 ] DEBUG Engine               - fontText: Courier-Prime.ttf
06:54:13.085 [FXGL Background Thread 3 ] DEBUG Engine               - fontUI: VarelaRound-Regular.ttf
06:54:13.085 [FXGL Background Thread 3 ] DEBUG Engine               - fullScreen: BooleanProperty [value: false]
06:54:13.085 [FXGL Background Thread 3 ] DEBUG Engine               - gameDifficulty: MEDIUM
06:54:13.085 [FXGL Background Thread 3 ] DEBUG Engine               - gameDifficultyProperty: ObjectProperty [value: MEDIUM]
06:54:13.085 [FXGL Background Thread 3 ] DEBUG Engine               - globalMusicVolume: 0.5
06:54:13.085 [FXGL Background Thread 3 ] DEBUG Engine               - globalMusicVolumeProperty: DoubleProperty [value: 0.5]
06:54:13.085 [FXGL Background Thread 3 ] DEBUG Engine               - globalSoundVolume: 0.5
06:54:13.085 [FXGL Background Thread 3 ] DEBUG Engine               - globalSoundVolumeProperty: DoubleProperty [value: 0.5]
06:54:13.085 [FXGL Background Thread 3 ] DEBUG Engine               - height: 600
06:54:13.085 [FXGL Background Thread 3 ] DEBUG Engine               - is3D: false
06:54:13.085 [FXGL Background Thread 3 ] DEBUG Engine               - isAndroid: false
06:54:13.086 [FXGL Background Thread 3 ] DEBUG Engine               - isBrowser: false
06:54:13.086 [FXGL Background Thread 3 ] DEBUG Engine               - isClickFeedbackEnabled: false
06:54:13.086 [FXGL Background Thread 3 ] DEBUG Engine               - isCloseConfirmation: false
06:54:13.086 [FXGL Background Thread 3 ] DEBUG Engine               - isDesktop: true
06:54:13.086 [FXGL Background Thread 3 ] DEBUG Engine               - isDeveloperMenuEnabled: false
06:54:13.086 [FXGL Background Thread 3 ] DEBUG Engine               - isEmbedded: false
06:54:13.086 [FXGL Background Thread 3 ] DEBUG Engine               - isEntityPreloadEnabled: true
06:54:13.086 [FXGL Background Thread 3 ] DEBUG Engine               - isExperimentalTiledLargeMap: false
06:54:13.086 [FXGL Background Thread 3 ] DEBUG Engine               - isFileSystemWriteAllowed: true
06:54:13.086 [FXGL Background Thread 3 ] DEBUG Engine               - isFullScreenAllowed: false
06:54:13.086 [FXGL Background Thread 3 ] DEBUG Engine               - isFullScreenFromStart: false
06:54:13.086 [FXGL Background Thread 3 ] DEBUG Engine               - isGameMenuEnabled: true
06:54:13.086 [FXGL Background Thread 3 ] DEBUG Engine               - isIOS: false
06:54:13.086 [FXGL Background Thread 3 ] DEBUG Engine               - isIntroEnabled: false
06:54:13.086 [FXGL Background Thread 3 ] DEBUG Engine               - isLinux: false
06:54:13.086 [FXGL Background Thread 3 ] DEBUG Engine               - isMac: false
06:54:13.086 [FXGL Background Thread 3 ] DEBUG Engine               - isMainMenuEnabled: true
06:54:13.086 [FXGL Background Thread 3 ] DEBUG Engine               - isManualResizeEnabled: false
06:54:13.086 [FXGL Background Thread 3 ] DEBUG Engine               - isMobile: false
06:54:13.086 [FXGL Background Thread 3 ] DEBUG Engine               - isNative: false
06:54:13.086 [FXGL Background Thread 3 ] DEBUG Engine               - isPauseMusicWhenMinimized: true
06:54:13.086 [FXGL Background Thread 3 ] DEBUG Engine               - isPreserveResizeRatio: false
06:54:13.086 [FXGL Background Thread 3 ] DEBUG Engine               - isProfilingEnabled: false
06:54:13.086 [FXGL Background Thread 3 ] DEBUG Engine               - isScaleAffectedOnResize: true
06:54:13.086 [FXGL Background Thread 3 ] DEBUG Engine               - isSingleStep: false
06:54:13.086 [FXGL Background Thread 3 ] DEBUG Engine               - isUserProfileEnabled: false
06:54:13.086 [FXGL Background Thread 3 ] DEBUG Engine               - isWindows: true
06:54:13.086 [FXGL Background Thread 3 ] DEBUG Engine               - language: ObjectProperty [value: ENGLISH]
06:54:13.086 [FXGL Background Thread 3 ] DEBUG Engine               - menuKey: ESCAPE
06:54:13.086 [FXGL Background Thread 3 ] DEBUG Engine               - mouseSensitivity: 0.2
06:54:13.086 [FXGL Background Thread 3 ] DEBUG Engine               - notificationViewClass: class com.almasb.fxgl.notification.view.XboxNotificationView
06:54:13.086 [FXGL Background Thread 3 ] DEBUG Engine               - pixelsPerMeter: 50.0
06:54:13.086 [FXGL Background Thread 3 ] DEBUG Engine               - platform: WINDOWS
06:54:13.086 [FXGL Background Thread 3 ] DEBUG Engine               - prefHeightProperty: ReadOnlyDoubleProperty [value: 600.0]
06:54:13.086 [FXGL Background Thread 3 ] DEBUG Engine               - prefWidthProperty: ReadOnlyDoubleProperty [value: 800.0]
06:54:13.086 [FXGL Background Thread 3 ] DEBUG Engine               - profileDir: profiles/
06:54:13.086 [FXGL Background Thread 3 ] DEBUG Engine               - profileName: StringProperty [value: DEFAULT]
06:54:13.086 [FXGL Background Thread 3 ] DEBUG Engine               - randomSeed: -1
06:54:13.086 [FXGL Background Thread 3 ] DEBUG Engine               - runtimeInfo: RuntimeInfo(platform=WINDOWS, version=17.2, build=20.08.2022 16.50)
06:54:13.086 [FXGL Background Thread 3 ] DEBUG Engine               - saveFileExt: sav
06:54:13.086 [FXGL Background Thread 3 ] DEBUG Engine               - scaledHeightProp$fxgl: DoubleProperty [bound, value: 600.0]
06:54:13.086 [FXGL Background Thread 3 ] DEBUG Engine               - scaledWidthProp$fxgl: DoubleProperty [bound, value: 800.0]
06:54:13.086 [FXGL Background Thread 3 ] DEBUG Engine               - sceneFactory: com.almasb.fxgl.app.scene.SceneFactory@3abb7b1c
06:54:13.086 [FXGL Background Thread 3 ] DEBUG Engine               - secondsIn24h: 60
06:54:13.087 [FXGL Background Thread 3 ] DEBUG Engine               - soundMenuBack: menu/back.wav
06:54:13.087 [FXGL Background Thread 3 ] DEBUG Engine               - soundMenuPress: menu/press.wav
06:54:13.087 [FXGL Background Thread 3 ] DEBUG Engine               - soundMenuSelect: menu/select.wav
06:54:13.087 [FXGL Background Thread 3 ] DEBUG Engine               - soundNotification: core/notification.wav
06:54:13.087 [FXGL Background Thread 3 ] DEBUG Engine               - stageStyle: DECORATED
06:54:13.087 [FXGL Background Thread 3 ] DEBUG Engine               - supportedLanguages: [ENGLISH, FRENCH, GERMAN, HUNGARIAN, RUSSIAN]
06:54:13.087 [FXGL Background Thread 3 ] DEBUG Engine               - ticksPerSecond: -1
06:54:13.087 [FXGL Background Thread 3 ] DEBUG Engine               - title: Space Invaders
06:54:13.087 [FXGL Background Thread 3 ] DEBUG Engine               - urlGithub: https://github.com/AlmasB/FXGL
06:54:13.087 [FXGL Background Thread 3 ] DEBUG Engine               - urlLeaderboard: http://fxgl-top.herokuapp.com/
06:54:13.087 [FXGL Background Thread 3 ] DEBUG Engine               - urlPOM: https://raw.githubusercontent.com/AlmasB/FXGL/release/README.md
06:54:13.087 [FXGL Background Thread 3 ] DEBUG Engine               - userAppClass: class game.spaceinvaders.SpaceInvadersApplication
06:54:13.087 [FXGL Background Thread 3 ] DEBUG Engine               - version: 0.2
06:54:13.087 [FXGL Background Thread 3 ] DEBUG Engine               - versionCheckDays: 7
06:54:13.087 [FXGL Background Thread 3 ] DEBUG Engine               - width: 800
06:54:13.087 [FXGL Background Thread 3 ] DEBUG Engine               - Logging services
06:54:13.087 [FXGL Background Thread 3 ] DEBUG Engine               - class com.almasb.fxgl.app.services.FXGLAssetLoaderService
06:54:13.087 [FXGL Background Thread 3 ] DEBUG Engine               - class com.almasb.fxgl.app.FXGLApplication$GameApplicationService
06:54:13.087 [FXGL Background Thread 3 ] DEBUG Engine               - class com.almasb.fxgl.app.services.FXGLDialogService
06:54:13.087 [FXGL Background Thread 3 ] DEBUG Engine               - class com.almasb.fxgl.app.services.IOTaskExecutorService
06:54:13.087 [FXGL Background Thread 3 ] DEBUG Engine               - class com.almasb.fxgl.io.FileSystemService
06:54:13.087 [FXGL Background Thread 3 ] DEBUG Engine               - class com.almasb.fxgl.localization.LocalizationService
06:54:13.087 [FXGL Background Thread 3 ] DEBUG Engine               - class com.almasb.fxgl.app.services.SystemBundleService
06:54:13.087 [FXGL Background Thread 3 ] DEBUG Engine               - class com.almasb.fxgl.profile.SaveLoadService
06:54:13.087 [FXGL Background Thread 3 ] DEBUG Engine               - class com.almasb.fxgl.ui.FXGLUIFactoryServiceProvider
06:54:13.087 [FXGL Background Thread 3 ] DEBUG Engine               - class com.almasb.fxgl.ui.FXGLDialogFactoryServiceProvider
06:54:13.087 [FXGL Background Thread 3 ] DEBUG Engine               - class com.almasb.fxgl.audio.AudioPlayer
06:54:13.087 [FXGL Background Thread 3 ] DEBUG Engine               - class com.almasb.fxgl.notification.impl.NotificationServiceProvider
06:54:13.087 [FXGL Background Thread 3 ] DEBUG Engine               - class com.almasb.fxgl.achievement.AchievementService
06:54:13.087 [FXGL Background Thread 3 ] DEBUG Engine               - class com.almasb.fxgl.cutscene.CutsceneService
06:54:13.087 [FXGL Background Thread 3 ] DEBUG Engine               - class com.almasb.fxgl.minigames.MiniGameService
06:54:13.087 [FXGL Background Thread 3 ] DEBUG Engine               - class com.almasb.fxgl.net.NetService
06:54:13.087 [FXGL Background Thread 3 ] DEBUG Engine               - class com.almasb.fxgl.app.services.UpdaterService
06:54:13.087 [FXGL Background Thread 3 ] DEBUG Engine               - class com.almasb.fxgl.dev.DevService
06:54:13.289 [JavaFX Application Thread] DEBUG FXGLAssetLoaderServi - Loading from file system: file:/C:/Users/xdan1/OneDrive/Documentos/IdeaProjects/SpaceInvaders/target/classes/assets/textures/explosion.png
06:54:13.317 [JavaFX Application Thread] WARN  GameWorld            - Entity is already attached to world
06:54:15.780 [JavaFX Application Thread] DEBUG PrimaryStageWindow   - Push state: FXGLDefaultMenu
06:54:15.780 [JavaFX Application Thread] DEBUG Input                - Clearing active input actions
06:54:15.781 [JavaFX Application Thread] DEBUG GameApplicationServi - Removing overlay from GameScene and adding to FXGLDefaultMenu
06:54:15.781 [JavaFX Application Thread] DEBUG PrimaryStageWindow   - GameScene -> FXGLDefaultMenu
06:54:17.708 [JavaFX Application Thread] DEBUG PrimaryStageWindow   - Pop state: FXGLDefaultMenu
06:54:17.709 [JavaFX Application Thread] DEBUG Input                - Clearing active input actions
06:54:17.709 [JavaFX Application Thread] DEBUG GameApplicationServi - Removing overlay from FXGLDefaultMenu and adding to GameScene
06:54:17.709 [JavaFX Application Thread] DEBUG PrimaryStageWindow   - GameScene <- FXGLDefaultMenu
06:54:18.664 [JavaFX Application Thread] WARN  GameWorld            - Entity is already attached to world
06:54:21.124 [JavaFX Application Thread] DEBUG PrimaryStageWindow   - Push state: DialogSubScene
06:54:21.124 [JavaFX Application Thread] DEBUG Input                - Clearing active input actions
06:54:21.124 [JavaFX Application Thread] DEBUG GameApplicationServi - Removing overlay from GameScene and adding to DialogSubScene
06:54:21.124 [JavaFX Application Thread] DEBUG PrimaryStageWindow   - GameScene -> DialogSubScene
06:54:21.493 [JavaFX Application Thread] DEBUG FXGLApplication      - Exiting FXGL
06:54:21.493 [JavaFX Application Thread] DEBUG LoopRunner           - Stopping loop
06:54:21.493 [JavaFX Application Thread] DEBUG SystemBundleService  - Saving FXGL system data
06:54:21.495 [JavaFX Application Thread] DEBUG FileSystemAccess     - Writing to: C:\Users\xdan1\OneDrive\Documentos\IdeaProjects\SpaceInvaders\system\fxgl.bundle
06:54:21.496 [JavaFX Application Thread] DEBUG Async                - Shutting down background threads
06:54:21.496 [JavaFX Application Thread] DEBUG PrimaryStageWindow   - Closing main window
06:54:21.506 [JavaFX Application Thread] DEBUG Logger               - Closing Logger
