04:27:37.631 [main                     ] DEBUG Logger               - Configured Logger
04:27:37.821 [main                     ] DEBUG GameApplication      - Logging settings
Title: Space Invaders
Version: 0.2
Width: 800
Height: 600
Fullscreen: false
Intro: false
Profiling: false
Single step:false
App Mode: DEVELOPER
Menu Key: ESCAPE
Stage Style: DECORATED
Scene Factory: class com.almasb.fxgl.app.scene.SceneFactory

04:27:39.835 [JavaFX Application Thread] DEBUG FXGLApplication      - Initializing FXGL
04:27:39.869 [JavaFX Application Thread] INFO  Engine               - FXGL-17.2 (20.08.2022 16.50) on LINUX (J:21.0.1 FX:20)
04:27:39.872 [JavaFX Application Thread] DEBUG Engine               - JRE Vendor Name: Oracle Corporation
04:27:39.872 [JavaFX Application Thread] DEBUG Engine               - Running on OS: Linux version 6.8.2-arch2-1
04:27:39.872 [JavaFX Application Thread] DEBUG Engine               - Architecture: amd64
04:27:39.872 [JavaFX Application Thread] INFO  Engine               - Source code and latest versions at: https://github.com/AlmasB/FXGL
04:27:39.878 [JavaFX Application Thread] INFO  Engine               -       Ask questions and discuss at: https://github.com/AlmasB/FXGL/discussions
04:27:39.879 [JavaFX Application Thread] INFO  Engine               -              Join the FXGL chat at: https://gitter.im/AlmasB/FXGL
04:27:40.505 [JavaFX Application Thread] DEBUG PrimaryStageWindow   - Creating a JavaFX scene
04:27:40.980 [JavaFX Application Thread] DEBUG PrimaryStageWindow   - Target settings size: 800.0 x 600.0
04:27:40.982 [JavaFX Application Thread] DEBUG PrimaryStageWindow   - Scaled scene size:    800.0 x 600.0
04:27:40.987 [JavaFX Application Thread] DEBUG PrimaryStageWindow   - Scaled ratio: (1.0, 1.0)
04:27:40.988 [JavaFX Application Thread] DEBUG PrimaryStageWindow   - Set initial scene to FXGLStartupScene
04:27:40.996 [JavaFX Application Thread] DEBUG PrimaryStageWindow   - Opening main window
04:27:41.127 [JavaFX Application Thread] DEBUG PrimaryStageWindow   - Window border size: (2.0, 29.0)
04:27:41.127 [JavaFX Application Thread] DEBUG PrimaryStageWindow   - Scaled size: 800.0 x 600.0
04:27:41.129 [JavaFX Application Thread] DEBUG PrimaryStageWindow   - Scaled ratio: (1.0, 1.0)
04:27:41.129 [JavaFX Application Thread] DEBUG PrimaryStageWindow   - Scene size: 800.0 x 600.0
04:27:41.131 [JavaFX Application Thread] DEBUG PrimaryStageWindow   - Stage size: 802.0 x 629.0
04:27:41.154 [FXGL Background Thread 1 ] DEBUG Engine               - Initializing environment variables
04:27:41.491 [FXGL Background Thread 1 ] DEBUG FXGLAssetLoaderServi - User app class for loading assets: class game.spaceinvaders.SpaceInvadersApplication
04:27:41.504 [FXGL Background Thread 1 ] DEBUG GameApplicationServi - Applying CSS: fxgl_dark.css
04:27:41.539 [FXGL Background Thread 1 ] DEBUG FXGLAssetLoaderServi - Loading from file system: jar:file:///home/chop/.m2/repository/com/github/almasb/fxgl/17.2/fxgl-17.2.jar!/fxglassets/ui/css/fxgl_dark.css
04:27:41.914 [FXGL Background Thread 1 ] DEBUG GameApplicationServi - Initializing application scenes
04:27:42.153 [FXGL Background Thread 1 ] DEBUG GameWorld            - Game world initialized
04:27:42.334 [FXGL Background Thread 1 ] DEBUG PhysicsWorld         - Physics world initialized: appHeight=600, physics.ppm=50,0
04:27:42.334 [FXGL Background Thread 1 ] DEBUG PhysicsWorld         - Using strategy: BRUTE_FORCE
04:27:42.358 [FXGL Background Thread 1 ] DEBUG GameScene            - Game scene initialized: 800x600
04:27:42.387 [FXGL Background Thread 1 ] DEBUG FXGL.DefaultMenu     - createMenuBodyMainMenu()
04:27:42.416 [FXGL Background Thread 1 ] DEBUG FXGL.DefaultMenu     - createOptionsMenu()
04:27:42.455 [FXGL Background Thread 1 ] DEBUG FXGLAssetLoaderServi - Loading from file system: jar:file:///home/chop/.m2/repository/com/github/almasb/fxgl/17.2/fxgl-17.2.jar!/fxglassets/textures/particles/smoke.png
04:27:42.914 [FXGL Background Thread 1 ] DEBUG FXGLAssetLoaderServi - Loading from file system: jar:file:///home/chop/.m2/repository/com/github/almasb/fxgl/17.2/fxgl-17.2.jar!/fxglassets/textures/particles/trace_horizontal.png
04:27:43.002 [FXGL Background Thread 1 ] DEBUG FXGL.DefaultMenu     - createMenuBodyGameMenu()
04:27:43.006 [FXGL Background Thread 1 ] DEBUG FXGL.DefaultMenu     - createOptionsMenu()
04:27:43.119 [FXGL Background Thread 1 ] DEBUG GameApplicationServi - Application scenes initialized
04:27:43.184 [FXGL Background Thread 1 ] DEBUG SystemBundleService  - Loading FXGL system data
04:27:43.190 [FXGL Background Thread 1 ] DEBUG FileSystemAccess     - Reading from: /home/chop/Documentos/SpaceInvaders/system/fxgl.bundle
04:27:43.210 [FXGL Background Thread 1 ] DEBUG SystemBundleService  - Bundle FXGL: {}
04:27:43.211 [FXGL Background Thread 1 ] DEBUG UpdaterService       - Checking for updates
04:27:43.224 [FXGL Background Thread 1 ] DEBUG FXGLApplication      - Loading default localization
04:27:43.225 [FXGL Background Thread 1 ] DEBUG FXGLAssetLoaderServi - Loading from file system: jar:file:///home/chop/.m2/repository/com/github/almasb/fxgl/17.2/fxgl-17.2.jar!/fxglassets/languages/english.lang
04:27:43.221 [FXGL Background Thread 4 ] DEBUG FXGLApplication      - Loading fonts
04:27:43.225 [FXGL Background Thread 4 ] DEBUG FXGLAssetLoaderServi - Loading from file system: jar:file:///home/chop/.m2/repository/com/github/almasb/fxgl/17.2/fxgl-17.2.jar!/fxglassets/ui/fonts/VarelaRound-Regular.ttf
04:27:43.267 [FXGL Background Thread 4 ] DEBUG FXGLAssetLoaderServi - Loading from file system: jar:file:///home/chop/.m2/repository/com/github/almasb/fxgl/17.2/fxgl-17.2.jar!/fxglassets/ui/fonts/Abel-Regular.ttf
04:27:43.272 [FXGL Background Thread 4 ] DEBUG FXGLAssetLoaderServi - Loading from file system: jar:file:///home/chop/.m2/repository/com/github/almasb/fxgl/17.2/fxgl-17.2.jar!/fxglassets/ui/fonts/TerminalLandMono-Regular.otf
04:27:43.277 [FXGL Background Thread 4 ] DEBUG FXGLAssetLoaderServi - Loading from file system: jar:file:///home/chop/.m2/repository/com/github/almasb/fxgl/17.2/fxgl-17.2.jar!/fxglassets/ui/fonts/Courier-Prime.ttf
04:27:43.282 [FXGL Background Thread 1 ] INFO  FXGLApplication      - FXGL initialization took: 2,128 sec
04:27:43.287 [JavaFX Application Thread] DEBUG FXGLApplication      - Registering font factories with UI factory
04:27:43.328 [JavaFX Application Thread] DEBUG Input                - Registered new binding: action0 - LMB
04:27:43.332 [JavaFX Application Thread] DEBUG Input                - Registered new binding: action1 - RMB
04:27:43.381 [JavaFX Application Thread] DEBUG Input                - Registered new binding: action2 - D
04:27:43.381 [JavaFX Application Thread] DEBUG Input                - Registered new binding: action3 - A
04:27:43.400 [JavaFX Application Thread] DEBUG Input                - Registered new binding: action4 - W
04:27:43.401 [JavaFX Application Thread] DEBUG Input                - Registered new binding: action5 - S
04:27:43.401 [JavaFX Application Thread] DEBUG Input                - Registered new binding: action6 - Space
04:27:43.403 [JavaFX Application Thread] DEBUG Input                - Registered new binding: Pause - Esc
04:27:43.404 [JavaFX Application Thread] DEBUG FXGLAssetLoaderServi - Loading from file system: file:/home/chop/Documentos/SpaceInvaders/target/classes/assets/textures/icons/logo.png
04:27:43.445 [JavaFX Application Thread] DEBUG FXGLAssetLoaderServi - Loading from file system: jar:file:///home/chop/.m2/repository/com/github/almasb/fxgl/17.2/fxgl-17.2.jar!/fxglassets/textures/fxgl_default_cursor.png
04:27:43.449 [JavaFX Application Thread] DEBUG Input                - Registered new binding: Screenshot - CTRL+8
04:27:43.454 [JavaFX Application Thread] DEBUG Input                - Registered new binding: System info dump - CTRL+9
04:27:43.454 [JavaFX Application Thread] DEBUG Input                - Registered new binding: Restart - CTRL+R
04:27:43.455 [JavaFX Application Thread] DEBUG Input                - Registered new binding: Toggle Debug Camera - CTRL+7
04:27:43.474 [JavaFX Application Thread] DEBUG LoopRunner           - Starting loop
04:27:43.480 [JavaFX Application Thread] DEBUG LoopRunner           - Initializing JavaFX AnimationTimerLoop
04:27:43.489 [JavaFX Application Thread] DEBUG Input                - Clearing active input actions
04:27:43.548 [JavaFX Application Thread] DEBUG GameApplicationServi - Removing overlay from FXGLStartupScene and adding to FXGLMainMenuDummyScene
04:27:43.557 [JavaFX Application Thread] DEBUG PrimaryStageWindow   - FXGLStartupScene -> FXGLMainMenuDummyScene
04:27:43.557 [JavaFX Application Thread] DEBUG PrimaryStageWindow   - Push state: FXGLDefaultMenu
04:27:43.575 [JavaFX Application Thread] DEBUG Input                - Clearing active input actions
04:27:43.621 [JavaFX Application Thread] DEBUG GameApplicationServi - Removing overlay from FXGLMainMenuDummyScene and adding to FXGLDefaultMenu
04:27:43.625 [JavaFX Application Thread] DEBUG PrimaryStageWindow   - FXGLMainMenuDummyScene -> FXGLDefaultMenu
04:27:45.351 [FXGL Background Thread 2 ] INFO  UpdaterService       - Your current version:  17.2
04:27:45.353 [FXGL Background Thread 2 ] INFO  UpdaterService       - Latest stable version: 21.1
04:27:46.217 [FXGL Background Thread 3 ] DEBUG Engine               - Logging environment variables
04:27:46.218 [FXGL Background Thread 3 ] DEBUG Engine               - achievements: []
04:27:46.218 [FXGL Background Thread 3 ] DEBUG Engine               - actualHeight: -28.0
04:27:46.218 [FXGL Background Thread 3 ] DEBUG Engine               - actualHeightProperty: ReadOnlyDoubleProperty [value: 610.0]
04:27:46.218 [FXGL Background Thread 3 ] DEBUG Engine               - actualWidth: -1.0
04:27:46.218 [FXGL Background Thread 3 ] DEBUG Engine               - actualWidthProperty: ReadOnlyDoubleProperty [value: 806.0]
04:27:46.218 [FXGL Background Thread 3 ] DEBUG Engine               - appIcon: icons/logo.png
04:27:46.218 [FXGL Background Thread 3 ] DEBUG Engine               - applicationMode: DEVELOPER
04:27:46.222 [FXGL Background Thread 3 ] DEBUG Engine               - cSSList: [fxgl_dark.css]
04:27:46.222 [FXGL Background Thread 3 ] DEBUG Engine               - collisionDetectionStrategy: BRUTE_FORCE
04:27:46.222 [FXGL Background Thread 3 ] DEBUG Engine               - configClass: Optional.empty
04:27:46.222 [FXGL Background Thread 3 ] DEBUG Engine               - credits: []
04:27:46.223 [FXGL Background Thread 3 ] DEBUG Engine               - defaultCursor: CursorInfo(imageName=fxgl_default_cursor.png, hotspotX=7.0, hotspotY=6.0)
04:27:46.223 [FXGL Background Thread 3 ] DEBUG Engine               - devBBoxColorProperty: ObjectProperty [value: 0xff0000ff]
04:27:46.223 [FXGL Background Thread 3 ] DEBUG Engine               - devEnableDebugCameraProperty: BooleanProperty [value: false]
04:27:46.226 [FXGL Background Thread 3 ] DEBUG Engine               - devSensorColorProperty: ObjectProperty [value: 0xffff00ff]
04:27:46.226 [FXGL Background Thread 3 ] DEBUG Engine               - devShowBBoxProperty: BooleanProperty [value: false]
04:27:46.226 [FXGL Background Thread 3 ] DEBUG Engine               - devShowPositionProperty: BooleanProperty [value: false]
04:27:46.226 [FXGL Background Thread 3 ] DEBUG Engine               - enabledMenuItems: []
04:27:46.226 [FXGL Background Thread 3 ] DEBUG Engine               - engineServices: [class com.almasb.fxgl.app.services.FXGLAssetLoaderService, class com.almasb.fxgl.app.FXGLApplication$GameApplicationService, class com.almasb.fxgl.app.services.FXGLDialogService, class com.almasb.fxgl.app.services.IOTaskExecutorService, class com.almasb.fxgl.io.FileSystemService, class com.almasb.fxgl.localization.LocalizationService, class com.almasb.fxgl.app.services.SystemBundleService, class com.almasb.fxgl.profile.SaveLoadService, class com.almasb.fxgl.ui.FXGLUIFactoryServiceProvider, class com.almasb.fxgl.ui.FXGLDialogFactoryServiceProvider, class com.almasb.fxgl.audio.AudioPlayer, class com.almasb.fxgl.notification.impl.NotificationServiceProvider, class com.almasb.fxgl.achievement.AchievementService, class com.almasb.fxgl.cutscene.CutsceneService, class com.almasb.fxgl.minigames.MiniGameService, class com.almasb.fxgl.net.NetService, class com.almasb.fxgl.app.services.UpdaterService, class com.almasb.fxgl.dev.DevService]
04:27:46.226 [FXGL Background Thread 3 ] DEBUG Engine               - fontGame: Abel-Regular.ttf
04:27:46.226 [FXGL Background Thread 3 ] DEBUG Engine               - fontMono: TerminalLandMono-Regular.otf
04:27:46.226 [FXGL Background Thread 3 ] DEBUG Engine               - fontText: Courier-Prime.ttf
04:27:46.227 [FXGL Background Thread 3 ] DEBUG Engine               - fontUI: VarelaRound-Regular.ttf
04:27:46.227 [FXGL Background Thread 3 ] DEBUG Engine               - fullScreen: BooleanProperty [value: false]
04:27:46.227 [FXGL Background Thread 3 ] DEBUG Engine               - gameDifficulty: MEDIUM
04:27:46.227 [FXGL Background Thread 3 ] DEBUG Engine               - gameDifficultyProperty: ObjectProperty [value: MEDIUM]
04:27:46.227 [FXGL Background Thread 3 ] DEBUG Engine               - globalMusicVolume: 0.5
04:27:46.227 [FXGL Background Thread 3 ] DEBUG Engine               - globalMusicVolumeProperty: DoubleProperty [value: 0.5]
04:27:46.227 [FXGL Background Thread 3 ] DEBUG Engine               - globalSoundVolume: 0.5
04:27:46.227 [FXGL Background Thread 3 ] DEBUG Engine               - globalSoundVolumeProperty: DoubleProperty [value: 0.5]
04:27:46.227 [FXGL Background Thread 3 ] DEBUG Engine               - height: 600
04:27:46.227 [FXGL Background Thread 3 ] DEBUG Engine               - is3D: false
04:27:46.227 [FXGL Background Thread 3 ] DEBUG Engine               - isAndroid: false
04:27:46.232 [FXGL Background Thread 3 ] DEBUG Engine               - isBrowser: false
04:27:46.232 [FXGL Background Thread 3 ] DEBUG Engine               - isClickFeedbackEnabled: false
04:27:46.233 [FXGL Background Thread 3 ] DEBUG Engine               - isCloseConfirmation: false
04:27:46.233 [FXGL Background Thread 3 ] DEBUG Engine               - isDesktop: true
04:27:46.233 [FXGL Background Thread 3 ] DEBUG Engine               - isDeveloperMenuEnabled: false
04:27:46.233 [FXGL Background Thread 3 ] DEBUG Engine               - isEmbedded: false
04:27:46.233 [FXGL Background Thread 3 ] DEBUG Engine               - isEntityPreloadEnabled: true
04:27:46.233 [FXGL Background Thread 3 ] DEBUG Engine               - isExperimentalTiledLargeMap: false
04:27:46.233 [FXGL Background Thread 3 ] DEBUG Engine               - isFileSystemWriteAllowed: true
04:27:46.233 [FXGL Background Thread 3 ] DEBUG Engine               - isFullScreenAllowed: false
04:27:46.233 [FXGL Background Thread 3 ] DEBUG Engine               - isFullScreenFromStart: false
04:27:46.233 [FXGL Background Thread 3 ] DEBUG Engine               - isGameMenuEnabled: true
04:27:46.233 [FXGL Background Thread 3 ] DEBUG Engine               - isIOS: false
04:27:46.242 [FXGL Background Thread 3 ] DEBUG Engine               - isIntroEnabled: false
04:27:46.242 [FXGL Background Thread 3 ] DEBUG Engine               - isLinux: true
04:27:46.242 [FXGL Background Thread 3 ] DEBUG Engine               - isMac: false
04:27:46.245 [FXGL Background Thread 3 ] DEBUG Engine               - isMainMenuEnabled: true
04:27:46.246 [FXGL Background Thread 3 ] DEBUG Engine               - isManualResizeEnabled: false
04:27:46.246 [FXGL Background Thread 3 ] DEBUG Engine               - isMobile: false
04:27:46.246 [FXGL Background Thread 3 ] DEBUG Engine               - isNative: false
04:27:46.246 [FXGL Background Thread 3 ] DEBUG Engine               - isPauseMusicWhenMinimized: true
04:27:46.246 [FXGL Background Thread 3 ] DEBUG Engine               - isPreserveResizeRatio: false
04:27:46.246 [FXGL Background Thread 3 ] DEBUG Engine               - isProfilingEnabled: false
04:27:46.246 [FXGL Background Thread 3 ] DEBUG Engine               - isScaleAffectedOnResize: true
04:27:46.246 [FXGL Background Thread 3 ] DEBUG Engine               - isSingleStep: false
04:27:46.246 [FXGL Background Thread 3 ] DEBUG Engine               - isUserProfileEnabled: false
04:27:46.246 [FXGL Background Thread 3 ] DEBUG Engine               - isWindows: false
04:27:46.246 [FXGL Background Thread 3 ] DEBUG Engine               - language: ObjectProperty [value: ENGLISH]
04:27:46.247 [FXGL Background Thread 3 ] DEBUG Engine               - menuKey: ESCAPE
04:27:46.247 [FXGL Background Thread 3 ] DEBUG Engine               - mouseSensitivity: 0.2
04:27:46.247 [FXGL Background Thread 3 ] DEBUG Engine               - notificationViewClass: class com.almasb.fxgl.notification.view.XboxNotificationView
04:27:46.247 [FXGL Background Thread 3 ] DEBUG Engine               - pixelsPerMeter: 50.0
04:27:46.247 [FXGL Background Thread 3 ] DEBUG Engine               - platform: LINUX
04:27:46.247 [FXGL Background Thread 3 ] DEBUG Engine               - prefHeightProperty: ReadOnlyDoubleProperty [value: 600.0]
04:27:46.247 [FXGL Background Thread 3 ] DEBUG Engine               - prefWidthProperty: ReadOnlyDoubleProperty [value: 800.0]
04:27:46.247 [FXGL Background Thread 3 ] DEBUG Engine               - profileDir: profiles/
04:27:46.247 [FXGL Background Thread 3 ] DEBUG Engine               - profileName: StringProperty [value: DEFAULT]
04:27:46.248 [FXGL Background Thread 3 ] DEBUG Engine               - randomSeed: -1
04:27:46.248 [FXGL Background Thread 3 ] DEBUG Engine               - runtimeInfo: RuntimeInfo(platform=LINUX, version=17.2, build=20.08.2022 16.50)
04:27:46.248 [FXGL Background Thread 3 ] DEBUG Engine               - saveFileExt: sav
04:27:46.248 [FXGL Background Thread 3 ] DEBUG Engine               - scaledHeightProp$fxgl: DoubleProperty [bound, value: 610.0]
04:27:46.248 [FXGL Background Thread 3 ] DEBUG Engine               - scaledWidthProp$fxgl: DoubleProperty [bound, value: 806.0]
04:27:46.248 [FXGL Background Thread 3 ] DEBUG Engine               - sceneFactory: com.almasb.fxgl.app.scene.SceneFactory@ec0355
04:27:46.255 [FXGL Background Thread 3 ] DEBUG Engine               - secondsIn24h: 60
04:27:46.255 [FXGL Background Thread 3 ] DEBUG Engine               - soundMenuBack: menu/back.wav
04:27:46.255 [FXGL Background Thread 3 ] DEBUG Engine               - soundMenuPress: menu/press.wav
04:27:46.256 [FXGL Background Thread 3 ] DEBUG Engine               - soundMenuSelect: menu/select.wav
04:27:46.256 [FXGL Background Thread 3 ] DEBUG Engine               - soundNotification: core/notification.wav
04:27:46.256 [FXGL Background Thread 3 ] DEBUG Engine               - stageStyle: DECORATED
04:27:46.256 [FXGL Background Thread 3 ] DEBUG Engine               - supportedLanguages: [ENGLISH, FRENCH, GERMAN, HUNGARIAN, RUSSIAN]
04:27:46.256 [FXGL Background Thread 3 ] DEBUG Engine               - ticksPerSecond: -1
04:27:46.256 [FXGL Background Thread 3 ] DEBUG Engine               - title: Space Invaders
04:27:46.256 [FXGL Background Thread 3 ] DEBUG Engine               - urlGithub: https://github.com/AlmasB/FXGL
04:27:46.256 [FXGL Background Thread 3 ] DEBUG Engine               - urlLeaderboard: http://fxgl-top.herokuapp.com/
04:27:46.256 [FXGL Background Thread 3 ] DEBUG Engine               - urlPOM: https://raw.githubusercontent.com/AlmasB/FXGL/release/README.md
04:27:46.256 [FXGL Background Thread 3 ] DEBUG Engine               - userAppClass: class game.spaceinvaders.SpaceInvadersApplication
04:27:46.256 [FXGL Background Thread 3 ] DEBUG Engine               - version: 0.2
04:27:46.256 [FXGL Background Thread 3 ] DEBUG Engine               - versionCheckDays: 7
04:27:46.256 [FXGL Background Thread 3 ] DEBUG Engine               - width: 800
04:27:46.256 [FXGL Background Thread 3 ] DEBUG Engine               - Logging services
04:27:46.257 [FXGL Background Thread 3 ] DEBUG Engine               - class com.almasb.fxgl.app.services.FXGLAssetLoaderService
04:27:46.257 [FXGL Background Thread 3 ] DEBUG Engine               - class com.almasb.fxgl.app.FXGLApplication$GameApplicationService
04:27:46.257 [FXGL Background Thread 3 ] DEBUG Engine               - class com.almasb.fxgl.app.services.FXGLDialogService
04:27:46.257 [FXGL Background Thread 3 ] DEBUG Engine               - class com.almasb.fxgl.app.services.IOTaskExecutorService
04:27:46.257 [FXGL Background Thread 3 ] DEBUG Engine               - class com.almasb.fxgl.io.FileSystemService
04:27:46.257 [FXGL Background Thread 3 ] DEBUG Engine               - class com.almasb.fxgl.localization.LocalizationService
04:27:46.257 [FXGL Background Thread 3 ] DEBUG Engine               - class com.almasb.fxgl.app.services.SystemBundleService
04:27:46.257 [FXGL Background Thread 3 ] DEBUG Engine               - class com.almasb.fxgl.profile.SaveLoadService
04:27:46.257 [FXGL Background Thread 3 ] DEBUG Engine               - class com.almasb.fxgl.ui.FXGLUIFactoryServiceProvider
04:27:46.257 [FXGL Background Thread 3 ] DEBUG Engine               - class com.almasb.fxgl.ui.FXGLDialogFactoryServiceProvider
04:27:46.257 [FXGL Background Thread 3 ] DEBUG Engine               - class com.almasb.fxgl.audio.AudioPlayer
04:27:46.257 [FXGL Background Thread 3 ] DEBUG Engine               - class com.almasb.fxgl.notification.impl.NotificationServiceProvider
04:27:46.257 [FXGL Background Thread 3 ] DEBUG Engine               - class com.almasb.fxgl.achievement.AchievementService
04:27:46.257 [FXGL Background Thread 3 ] DEBUG Engine               - class com.almasb.fxgl.cutscene.CutsceneService
04:27:46.257 [FXGL Background Thread 3 ] DEBUG Engine               - class com.almasb.fxgl.minigames.MiniGameService
04:27:46.257 [FXGL Background Thread 3 ] DEBUG Engine               - class com.almasb.fxgl.net.NetService
04:27:46.257 [FXGL Background Thread 3 ] DEBUG Engine               - class com.almasb.fxgl.app.services.UpdaterService
04:27:46.258 [FXGL Background Thread 3 ] DEBUG Engine               - class com.almasb.fxgl.dev.DevService
04:27:48.380 [JavaFX Application Thread] DEBUG Menu                 - fireNewGame()
04:27:48.380 [JavaFX Application Thread] DEBUG GameApplicationServi - Starting new game
04:27:48.384 [JavaFX Application Thread] DEBUG PrimaryStageWindow   - Pop state: FXGLDefaultMenu
04:27:48.388 [JavaFX Application Thread] DEBUG Input                - Clearing active input actions
04:27:48.390 [JavaFX Application Thread] DEBUG GameApplicationServi - Removing overlay from FXGLDefaultMenu and adding to FXGLMainMenuDummyScene
04:27:48.390 [JavaFX Application Thread] DEBUG PrimaryStageWindow   - FXGLMainMenuDummyScene <- FXGLDefaultMenu
04:27:48.402 [JavaFX Application Thread] DEBUG Input                - Clearing active input actions
04:27:48.431 [JavaFX Application Thread] DEBUG GameApplicationServi - Removing overlay from FXGLMainMenuDummyScene and adding to FXGLLoadingScene
04:27:48.431 [JavaFX Application Thread] DEBUG PrimaryStageWindow   - FXGLMainMenuDummyScene -> FXGLLoadingScene
04:27:48.431 [JavaFX Application Thread] DEBUG GameApplicationServi - Clearing previous game
04:27:48.431 [JavaFX Application Thread] DEBUG GameScene            - Clearing game scene
04:27:48.431 [JavaFX Application Thread] DEBUG GameWorld            - Clearing game world
04:27:48.431 [JavaFX Application Thread] DEBUG PhysicsWorld         - Clearing physics world
04:27:48.449 [FXGL Background Thread 2 ] DEBUG FXGLApplication      - Initializing game
04:27:49.369 [FXGL Background Thread 2 ] INFO  FXGLApplication      - Game initialization took: 0,920 sec
04:27:49.380 [JavaFX Application Thread] DEBUG Input                - Clearing active input actions
04:27:49.405 [JavaFX Application Thread] DEBUG GameApplicationServi - Removing overlay from FXGLLoadingScene and adding to GameScene
04:27:49.406 [JavaFX Application Thread] DEBUG PrimaryStageWindow   - FXGLLoadingScene -> GameScene
04:27:52.096 [JavaFX Application Thread] DEBUG FXGLAssetLoaderServi - Loading from file system: file:/home/chop/Documentos/SpaceInvaders/target/classes/assets/textures/explosion.png
04:27:55.520 [JavaFX Application Thread] DEBUG PrimaryStageWindow   - Push state: DialogSubScene
04:27:55.521 [JavaFX Application Thread] DEBUG Input                - Clearing active input actions
04:27:55.521 [JavaFX Application Thread] DEBUG GameApplicationServi - Removing overlay from GameScene and adding to DialogSubScene
04:27:55.521 [JavaFX Application Thread] DEBUG PrimaryStageWindow   - GameScene -> DialogSubScene
04:27:56.849 [JavaFX Application Thread] DEBUG PrimaryStageWindow   - Pop state: DialogSubScene
04:27:56.849 [JavaFX Application Thread] DEBUG Input                - Clearing active input actions
04:27:56.850 [JavaFX Application Thread] DEBUG GameApplicationServi - Removing overlay from DialogSubScene and adding to GameScene
04:27:56.850 [JavaFX Application Thread] DEBUG PrimaryStageWindow   - GameScene <- DialogSubScene
04:27:56.850 [JavaFX Application Thread] DEBUG Input                - Clearing active input actions
04:27:56.901 [JavaFX Application Thread] DEBUG GameApplicationServi - Removing overlay from GameScene and adding to FXGLMainMenuDummyScene
04:27:56.903 [JavaFX Application Thread] DEBUG PrimaryStageWindow   - GameScene -> FXGLMainMenuDummyScene
04:27:56.903 [JavaFX Application Thread] DEBUG PrimaryStageWindow   - Push state: FXGLDefaultMenu
04:27:56.903 [JavaFX Application Thread] DEBUG Input                - Clearing active input actions
04:27:56.913 [JavaFX Application Thread] DEBUG GameApplicationServi - Removing overlay from FXGLMainMenuDummyScene and adding to FXGLDefaultMenu
04:27:56.913 [JavaFX Application Thread] DEBUG PrimaryStageWindow   - FXGLMainMenuDummyScene -> FXGLDefaultMenu
04:27:57.862 [JavaFX Application Thread] DEBUG Menu                 - fireNewGame()
04:27:57.862 [JavaFX Application Thread] DEBUG GameApplicationServi - Starting new game
04:27:57.863 [JavaFX Application Thread] DEBUG PrimaryStageWindow   - Pop state: FXGLDefaultMenu
04:27:57.863 [JavaFX Application Thread] DEBUG Input                - Clearing active input actions
04:27:57.864 [JavaFX Application Thread] DEBUG GameApplicationServi - Removing overlay from FXGLDefaultMenu and adding to FXGLMainMenuDummyScene
04:27:57.864 [JavaFX Application Thread] DEBUG PrimaryStageWindow   - FXGLMainMenuDummyScene <- FXGLDefaultMenu
04:27:57.864 [JavaFX Application Thread] DEBUG Input                - Clearing active input actions
04:27:57.873 [JavaFX Application Thread] DEBUG GameApplicationServi - Removing overlay from FXGLMainMenuDummyScene and adding to FXGLLoadingScene
04:27:57.873 [JavaFX Application Thread] DEBUG PrimaryStageWindow   - FXGLMainMenuDummyScene -> FXGLLoadingScene
04:27:57.873 [JavaFX Application Thread] DEBUG GameApplicationServi - Clearing previous game
04:27:57.874 [JavaFX Application Thread] DEBUG GameScene            - Clearing game scene
04:27:57.874 [JavaFX Application Thread] DEBUG GameWorld            - Clearing game world
04:27:57.877 [JavaFX Application Thread] DEBUG PhysicsWorld         - Clearing physics world
04:27:57.899 [FXGL Background Thread 2 ] DEBUG FXGLApplication      - Initializing game
04:27:58.204 [FXGL Background Thread 2 ] INFO  FXGLApplication      - Game initialization took: 0,305 sec
04:27:58.208 [JavaFX Application Thread] DEBUG Input                - Clearing active input actions
04:27:58.225 [JavaFX Application Thread] DEBUG GameApplicationServi - Removing overlay from FXGLLoadingScene and adding to GameScene
04:27:58.225 [JavaFX Application Thread] DEBUG PrimaryStageWindow   - FXGLLoadingScene -> GameScene
04:28:21.765 [JavaFX Application Thread] DEBUG PrimaryStageWindow   - Push state: FXGLDefaultMenu
04:28:21.765 [JavaFX Application Thread] DEBUG Input                - Clearing active input actions
04:28:21.769 [JavaFX Application Thread] DEBUG GameApplicationServi - Removing overlay from GameScene and adding to FXGLDefaultMenu
04:28:21.770 [JavaFX Application Thread] DEBUG PrimaryStageWindow   - GameScene -> FXGLDefaultMenu
04:28:23.432 [JavaFX Application Thread] DEBUG Menu                 - fireExitToMainMenu()
04:28:23.442 [JavaFX Application Thread] DEBUG PrimaryStageWindow   - Push state: DialogSubScene
04:28:23.442 [JavaFX Application Thread] DEBUG Input                - Clearing active input actions
04:28:23.442 [JavaFX Application Thread] DEBUG GameApplicationServi - Removing overlay from FXGLDefaultMenu and adding to DialogSubScene
04:28:23.443 [JavaFX Application Thread] DEBUG PrimaryStageWindow   - FXGLDefaultMenu -> DialogSubScene
04:28:24.208 [JavaFX Application Thread] DEBUG PrimaryStageWindow   - Pop state: DialogSubScene
04:28:24.208 [JavaFX Application Thread] DEBUG Input                - Clearing active input actions
04:28:24.208 [JavaFX Application Thread] DEBUG GameApplicationServi - Removing overlay from DialogSubScene and adding to FXGLDefaultMenu
04:28:24.209 [JavaFX Application Thread] DEBUG PrimaryStageWindow   - FXGLDefaultMenu <- DialogSubScene
04:28:24.209 [JavaFX Application Thread] DEBUG PrimaryStageWindow   - Pop state: FXGLDefaultMenu
04:28:24.209 [JavaFX Application Thread] DEBUG Input                - Clearing active input actions
04:28:24.209 [JavaFX Application Thread] DEBUG GameApplicationServi - Removing overlay from FXGLDefaultMenu and adding to GameScene
04:28:24.209 [JavaFX Application Thread] DEBUG PrimaryStageWindow   - GameScene <- FXGLDefaultMenu
04:28:24.209 [JavaFX Application Thread] DEBUG Input                - Clearing active input actions
04:28:24.215 [JavaFX Application Thread] DEBUG GameApplicationServi - Removing overlay from GameScene and adding to FXGLMainMenuDummyScene
04:28:24.215 [JavaFX Application Thread] DEBUG PrimaryStageWindow   - GameScene -> FXGLMainMenuDummyScene
04:28:24.215 [JavaFX Application Thread] DEBUG PrimaryStageWindow   - Push state: FXGLDefaultMenu
04:28:24.216 [JavaFX Application Thread] DEBUG Input                - Clearing active input actions
04:28:24.217 [JavaFX Application Thread] DEBUG GameApplicationServi - Removing overlay from FXGLMainMenuDummyScene and adding to FXGLDefaultMenu
04:28:24.217 [JavaFX Application Thread] DEBUG PrimaryStageWindow   - FXGLMainMenuDummyScene -> FXGLDefaultMenu
04:28:25.570 [JavaFX Application Thread] DEBUG FXGLApplication      - Exiting FXGL
04:28:25.570 [JavaFX Application Thread] DEBUG LoopRunner           - Stopping loop
04:28:25.570 [JavaFX Application Thread] DEBUG SystemBundleService  - Saving FXGL system data
04:28:25.576 [JavaFX Application Thread] DEBUG FileSystemAccess     - Writing to: /home/chop/Documentos/SpaceInvaders/system/fxgl.bundle
04:28:25.583 [JavaFX Application Thread] DEBUG Async                - Shutting down background threads
04:28:25.589 [JavaFX Application Thread] DEBUG PrimaryStageWindow   - Closing main window
04:28:25.592 [JavaFX Application Thread] DEBUG Logger               - Closing Logger
