06:50:49.281 [main                     ] DEBUG Logger               - Configured Logger
06:50:49.296 [main                     ] DEBUG GameApplication      - Logging settings
Title: Space Invaders
Version: 0.2
Width: 800
Height: 600
Fullscreen: false
Intro: false
Profiling: false
Single step:false
App Mode: DEVELOPER
Menu Key: ESCAPE
Stage Style: DECORATED
Scene Factory: class com.almasb.fxgl.app.scene.SceneFactory

06:50:49.571 [JavaFX Application Thread] DEBUG FXGLApplication      - Initializing FXGL
06:50:49.573 [JavaFX Application Thread] INFO  Engine               - FXGL-17.2 (20.08.2022 16.50) on WINDOWS (J:20.0.1 FX:20)
06:50:49.573 [JavaFX Application Thread] DEBUG Engine               - JRE Vendor Name: Oracle Corporation
06:50:49.574 [JavaFX Application Thread] DEBUG Engine               - Running on OS: Windows 11 version 10.0
06:50:49.574 [JavaFX Application Thread] DEBUG Engine               - Architecture: amd64
06:50:49.574 [JavaFX Application Thread] INFO  Engine               - Source code and latest versions at: https://github.com/AlmasB/FXGL
06:50:49.574 [JavaFX Application Thread] INFO  Engine               -       Ask questions and discuss at: https://github.com/AlmasB/FXGL/discussions
06:50:49.574 [JavaFX Application Thread] INFO  Engine               -              Join the FXGL chat at: https://gitter.im/AlmasB/FXGL
06:50:49.634 [JavaFX Application Thread] DEBUG PrimaryStageWindow   - Creating a JavaFX scene
06:50:49.668 [JavaFX Application Thread] DEBUG PrimaryStageWindow   - Target settings size: 800.0 x 600.0
06:50:49.668 [JavaFX Application Thread] DEBUG PrimaryStageWindow   - Scaled scene size:    800.0 x 600.0
06:50:49.669 [JavaFX Application Thread] DEBUG PrimaryStageWindow   - Scaled ratio: (1.0, 1.0)
06:50:49.669 [JavaFX Application Thread] DEBUG PrimaryStageWindow   - Set initial scene to FXGLStartupScene
06:50:49.672 [JavaFX Application Thread] DEBUG PrimaryStageWindow   - Opening main window
06:50:49.741 [JavaFX Application Thread] DEBUG PrimaryStageWindow   - Window border size: (16.0, 39.0)
06:50:49.741 [JavaFX Application Thread] DEBUG PrimaryStageWindow   - Scaled size: 800.0 x 600.0
06:50:49.741 [JavaFX Application Thread] DEBUG PrimaryStageWindow   - Scaled ratio: (1.0, 1.0)
06:50:49.741 [JavaFX Application Thread] DEBUG PrimaryStageWindow   - Scene size: 800.0 x 600.0
06:50:49.742 [JavaFX Application Thread] DEBUG PrimaryStageWindow   - Stage size: 816.0 x 639.0
06:50:49.747 [FXGL Background Thread 1 ] DEBUG Engine               - Initializing environment variables
06:50:49.779 [FXGL Background Thread 1 ] DEBUG FXGLAssetLoaderServi - User app class for loading assets: class game.spaceinvaders.SpaceInvadersApplication
06:50:49.780 [FXGL Background Thread 1 ] DEBUG GameApplicationServi - Applying CSS: fxgl_dark.css
06:50:49.781 [FXGL Background Thread 1 ] DEBUG FXGLAssetLoaderServi - Loading from file system: jar:file:///C:/Users/xdan1/.m2/repository/com/github/almasb/fxgl/17.2/fxgl-17.2.jar!/fxglassets/ui/css/fxgl_dark.css
06:50:49.809 [FXGL Background Thread 1 ] DEBUG GameApplicationServi - Initializing application scenes
06:50:49.829 [FXGL Background Thread 1 ] DEBUG GameWorld            - Game world initialized
06:50:49.876 [FXGL Background Thread 1 ] DEBUG PhysicsWorld         - Physics world initialized: appHeight=600, physics.ppm=50,0
06:50:49.876 [FXGL Background Thread 1 ] DEBUG PhysicsWorld         - Using strategy: BRUTE_FORCE
06:50:49.879 [FXGL Background Thread 1 ] DEBUG GameScene            - Game scene initialized: 800x600
06:50:49.886 [FXGL Background Thread 1 ] DEBUG FXGL.DefaultMenu     - createMenuBodyMainMenu()
06:50:49.895 [FXGL Background Thread 1 ] DEBUG FXGL.DefaultMenu     - createOptionsMenu()
06:50:49.902 [FXGL Background Thread 1 ] DEBUG FXGLAssetLoaderServi - Loading from file system: jar:file:///C:/Users/xdan1/.m2/repository/com/github/almasb/fxgl/17.2/fxgl-17.2.jar!/fxglassets/textures/particles/smoke.png
06:50:49.962 [FXGL Background Thread 1 ] DEBUG FXGLAssetLoaderServi - Loading from file system: jar:file:///C:/Users/xdan1/.m2/repository/com/github/almasb/fxgl/17.2/fxgl-17.2.jar!/fxglassets/textures/particles/trace_horizontal.png
06:50:49.989 [FXGL Background Thread 1 ] DEBUG FXGL.DefaultMenu     - createMenuBodyGameMenu()
06:50:49.990 [FXGL Background Thread 1 ] DEBUG FXGL.DefaultMenu     - createOptionsMenu()
06:50:49.999 [FXGL Background Thread 1 ] DEBUG GameApplicationServi - Application scenes initialized
06:50:50.008 [FXGL Background Thread 1 ] DEBUG SystemBundleService  - Loading FXGL system data
06:50:50.010 [FXGL Background Thread 1 ] DEBUG FileSystemAccess     - Reading from: C:\Users\xdan1\OneDrive\Documentos\IdeaProjects\SpaceInvaders\system\fxgl.bundle
06:50:50.017 [FXGL Background Thread 1 ] DEBUG SystemBundleService  - Bundle FXGL: {}
06:50:50.017 [FXGL Background Thread 1 ] DEBUG UpdaterService       - Checking for updates
06:50:50.019 [FXGL Background Thread 4 ] DEBUG FXGLApplication      - Loading fonts
06:50:50.020 [FXGL Background Thread 1 ] DEBUG FXGLApplication      - Loading default localization
06:50:50.020 [FXGL Background Thread 4 ] DEBUG FXGLAssetLoaderServi - Loading from file system: jar:file:///C:/Users/xdan1/.m2/repository/com/github/almasb/fxgl/17.2/fxgl-17.2.jar!/fxglassets/ui/fonts/VarelaRound-Regular.ttf
06:50:50.021 [FXGL Background Thread 1 ] DEBUG FXGLAssetLoaderServi - Loading from file system: jar:file:///C:/Users/xdan1/.m2/repository/com/github/almasb/fxgl/17.2/fxgl-17.2.jar!/fxglassets/languages/english.lang
06:50:50.032 [FXGL Background Thread 1 ] INFO  FXGLApplication      - FXGL initialization took: 0,286 sec
06:50:50.043 [JavaFX Application Thread] DEBUG Input                - Registered new binding: action0 - LMB
06:50:50.043 [JavaFX Application Thread] DEBUG Input                - Registered new binding: action1 - RMB
06:50:50.049 [JavaFX Application Thread] DEBUG Input                - Registered new binding: action2 - D
06:50:50.049 [JavaFX Application Thread] DEBUG Input                - Registered new binding: action3 - A
06:50:50.049 [JavaFX Application Thread] DEBUG Input                - Registered new binding: action4 - W
06:50:50.049 [JavaFX Application Thread] DEBUG Input                - Registered new binding: action5 - S
06:50:50.050 [JavaFX Application Thread] DEBUG Input                - Registered new binding: action6 - Space
06:50:50.050 [JavaFX Application Thread] DEBUG Input                - Registered new binding: Pause - Esc
06:50:50.051 [JavaFX Application Thread] DEBUG FXGLAssetLoaderServi - Loading from file system: file:/C:/Users/xdan1/OneDrive/Documentos/IdeaProjects/SpaceInvaders/target/classes/assets/textures/icons/logo.png
06:50:50.058 [FXGL Background Thread 4 ] DEBUG FXGLAssetLoaderServi - Loading from file system: jar:file:///C:/Users/xdan1/.m2/repository/com/github/almasb/fxgl/17.2/fxgl-17.2.jar!/fxglassets/ui/fonts/Abel-Regular.ttf
06:50:50.064 [JavaFX Application Thread] DEBUG FXGLAssetLoaderServi - Loading from file system: jar:file:///C:/Users/xdan1/.m2/repository/com/github/almasb/fxgl/17.2/fxgl-17.2.jar!/fxglassets/textures/fxgl_default_cursor.png
06:50:50.066 [JavaFX Application Thread] DEBUG Input                - Registered new binding: Screenshot - CTRL+8
06:50:50.067 [JavaFX Application Thread] DEBUG Input                - Registered new binding: System info dump - CTRL+9
06:50:50.067 [JavaFX Application Thread] DEBUG Input                - Registered new binding: Restart - CTRL+R
06:50:50.068 [JavaFX Application Thread] DEBUG Input                - Registered new binding: Toggle Debug Camera - CTRL+7
06:50:50.068 [FXGL Background Thread 4 ] DEBUG FXGLAssetLoaderServi - Loading from file system: jar:file:///C:/Users/xdan1/.m2/repository/com/github/almasb/fxgl/17.2/fxgl-17.2.jar!/fxglassets/ui/fonts/TerminalLandMono-Regular.otf
06:50:50.070 [JavaFX Application Thread] DEBUG LoopRunner           - Starting loop
06:50:50.070 [JavaFX Application Thread] DEBUG LoopRunner           - Initializing JavaFX AnimationTimerLoop
06:50:50.072 [JavaFX Application Thread] DEBUG Input                - Clearing active input actions
06:50:50.076 [FXGL Background Thread 4 ] DEBUG FXGLAssetLoaderServi - Loading from file system: jar:file:///C:/Users/xdan1/.m2/repository/com/github/almasb/fxgl/17.2/fxgl-17.2.jar!/fxglassets/ui/fonts/Courier-Prime.ttf
06:50:50.076 [JavaFX Application Thread] DEBUG GameApplicationServi - Removing overlay from FXGLStartupScene and adding to FXGLMainMenuDummyScene
06:50:50.077 [JavaFX Application Thread] DEBUG PrimaryStageWindow   - FXGLStartupScene -> FXGLMainMenuDummyScene
06:50:50.077 [JavaFX Application Thread] DEBUG PrimaryStageWindow   - Push state: FXGLDefaultMenu
06:50:50.080 [JavaFX Application Thread] DEBUG Input                - Clearing active input actions
06:50:50.086 [JavaFX Application Thread] DEBUG GameApplicationServi - Removing overlay from FXGLMainMenuDummyScene and adding to FXGLDefaultMenu
06:50:50.087 [JavaFX Application Thread] DEBUG PrimaryStageWindow   - FXGLMainMenuDummyScene -> FXGLDefaultMenu
06:50:50.141 [JavaFX Application Thread] DEBUG FXGLApplication      - Registering font factories with UI factory
06:50:50.329 [FXGL Background Thread 2 ] INFO  UpdaterService       - Your current version:  17.2
06:50:50.330 [FXGL Background Thread 2 ] INFO  UpdaterService       - Latest stable version: 17.3
06:50:50.680 [JavaFX Application Thread] DEBUG Menu                 - fireNewGame()
06:50:50.681 [JavaFX Application Thread] DEBUG GameApplicationServi - Starting new game
06:50:50.681 [JavaFX Application Thread] DEBUG PrimaryStageWindow   - Pop state: FXGLDefaultMenu
06:50:50.682 [JavaFX Application Thread] DEBUG Input                - Clearing active input actions
06:50:50.682 [JavaFX Application Thread] DEBUG GameApplicationServi - Removing overlay from FXGLDefaultMenu and adding to FXGLMainMenuDummyScene
06:50:50.683 [JavaFX Application Thread] DEBUG PrimaryStageWindow   - FXGLMainMenuDummyScene <- FXGLDefaultMenu
06:50:50.683 [JavaFX Application Thread] DEBUG Input                - Clearing active input actions
06:50:50.690 [JavaFX Application Thread] DEBUG GameApplicationServi - Removing overlay from FXGLMainMenuDummyScene and adding to FXGLLoadingScene
06:50:50.690 [JavaFX Application Thread] DEBUG PrimaryStageWindow   - FXGLMainMenuDummyScene -> FXGLLoadingScene
06:50:50.690 [JavaFX Application Thread] DEBUG GameApplicationServi - Clearing previous game
06:50:50.690 [JavaFX Application Thread] DEBUG GameScene            - Clearing game scene
06:50:50.690 [JavaFX Application Thread] DEBUG GameWorld            - Clearing game world
06:50:50.690 [JavaFX Application Thread] DEBUG PhysicsWorld         - Clearing physics world
06:50:50.691 [FXGL Background Thread 2 ] DEBUG FXGLApplication      - Initializing game
06:50:50.804 [FXGL Background Thread 2 ] INFO  FXGLApplication      - Game initialization took: 0,113 sec
06:50:50.805 [JavaFX Application Thread] DEBUG Input                - Clearing active input actions
06:50:50.808 [JavaFX Application Thread] DEBUG GameApplicationServi - Removing overlay from FXGLLoadingScene and adding to GameScene
06:50:50.808 [JavaFX Application Thread] DEBUG PrimaryStageWindow   - FXGLLoadingScene -> GameScene
06:50:52.451 [JavaFX Application Thread] DEBUG FXGLAssetLoaderServi - Loading from file system: file:/C:/Users/xdan1/OneDrive/Documentos/IdeaProjects/SpaceInvaders/target/classes/assets/textures/explosion.png
06:50:52.481 [JavaFX Application Thread] WARN  GameWorld            - Entity is already attached to world
06:50:53.019 [FXGL Background Thread 3 ] DEBUG Engine               - Logging environment variables
06:50:53.019 [FXGL Background Thread 3 ] DEBUG Engine               - achievements: []
06:50:53.019 [FXGL Background Thread 3 ] DEBUG Engine               - actualHeight: 600.0
06:50:53.019 [FXGL Background Thread 3 ] DEBUG Engine               - actualHeightProperty: ReadOnlyDoubleProperty [value: 600.0]
06:50:53.019 [FXGL Background Thread 3 ] DEBUG Engine               - actualWidth: 800.0
06:50:53.019 [FXGL Background Thread 3 ] DEBUG Engine               - actualWidthProperty: ReadOnlyDoubleProperty [value: 800.0]
06:50:53.019 [FXGL Background Thread 3 ] DEBUG Engine               - appIcon: icons/logo.png
06:50:53.019 [FXGL Background Thread 3 ] DEBUG Engine               - applicationMode: DEVELOPER
06:50:53.019 [FXGL Background Thread 3 ] DEBUG Engine               - cSSList: [fxgl_dark.css]
06:50:53.019 [FXGL Background Thread 3 ] DEBUG Engine               - collisionDetectionStrategy: BRUTE_FORCE
06:50:53.019 [FXGL Background Thread 3 ] DEBUG Engine               - configClass: Optional.empty
06:50:53.019 [FXGL Background Thread 3 ] DEBUG Engine               - credits: []
06:50:53.020 [FXGL Background Thread 3 ] DEBUG Engine               - defaultCursor: CursorInfo(imageName=fxgl_default_cursor.png, hotspotX=7.0, hotspotY=6.0)
06:50:53.020 [FXGL Background Thread 3 ] DEBUG Engine               - devBBoxColorProperty: ObjectProperty [value: 0xff0000ff]
06:50:53.020 [FXGL Background Thread 3 ] DEBUG Engine               - devEnableDebugCameraProperty: BooleanProperty [value: false]
06:50:53.020 [FXGL Background Thread 3 ] DEBUG Engine               - devSensorColorProperty: ObjectProperty [value: 0xffff00ff]
06:50:53.020 [FXGL Background Thread 3 ] DEBUG Engine               - devShowBBoxProperty: BooleanProperty [value: false]
06:50:53.020 [FXGL Background Thread 3 ] DEBUG Engine               - devShowPositionProperty: BooleanProperty [value: false]
06:50:53.020 [FXGL Background Thread 3 ] DEBUG Engine               - enabledMenuItems: []
06:50:53.020 [FXGL Background Thread 3 ] DEBUG Engine               - engineServices: [class com.almasb.fxgl.app.services.FXGLAssetLoaderService, class com.almasb.fxgl.app.FXGLApplication$GameApplicationService, class com.almasb.fxgl.app.services.FXGLDialogService, class com.almasb.fxgl.app.services.IOTaskExecutorService, class com.almasb.fxgl.io.FileSystemService, class com.almasb.fxgl.localization.LocalizationService, class com.almasb.fxgl.app.services.SystemBundleService, class com.almasb.fxgl.profile.SaveLoadService, class com.almasb.fxgl.ui.FXGLUIFactoryServiceProvider, class com.almasb.fxgl.ui.FXGLDialogFactoryServiceProvider, class com.almasb.fxgl.audio.AudioPlayer, class com.almasb.fxgl.notification.impl.NotificationServiceProvider, class com.almasb.fxgl.achievement.AchievementService, class com.almasb.fxgl.cutscene.CutsceneService, class com.almasb.fxgl.minigames.MiniGameService, class com.almasb.fxgl.net.NetService, class com.almasb.fxgl.app.services.UpdaterService, class com.almasb.fxgl.dev.DevService]
06:50:53.020 [FXGL Background Thread 3 ] DEBUG Engine               - fontGame: Abel-Regular.ttf
06:50:53.020 [FXGL Background Thread 3 ] DEBUG Engine               - fontMono: TerminalLandMono-Regular.otf
06:50:53.020 [FXGL Background Thread 3 ] DEBUG Engine               - fontText: Courier-Prime.ttf
06:50:53.020 [FXGL Background Thread 3 ] DEBUG Engine               - fontUI: VarelaRound-Regular.ttf
06:50:53.020 [FXGL Background Thread 3 ] DEBUG Engine               - fullScreen: BooleanProperty [value: false]
06:50:53.020 [FXGL Background Thread 3 ] DEBUG Engine               - gameDifficulty: MEDIUM
06:50:53.020 [FXGL Background Thread 3 ] DEBUG Engine               - gameDifficultyProperty: ObjectProperty [value: MEDIUM]
06:50:53.020 [FXGL Background Thread 3 ] DEBUG Engine               - globalMusicVolume: 0.5
06:50:53.020 [FXGL Background Thread 3 ] DEBUG Engine               - globalMusicVolumeProperty: DoubleProperty [value: 0.5]
06:50:53.020 [FXGL Background Thread 3 ] DEBUG Engine               - globalSoundVolume: 0.5
06:50:53.020 [FXGL Background Thread 3 ] DEBUG Engine               - globalSoundVolumeProperty: DoubleProperty [value: 0.5]
06:50:53.020 [FXGL Background Thread 3 ] DEBUG Engine               - height: 600
06:50:53.020 [FXGL Background Thread 3 ] DEBUG Engine               - is3D: false
06:50:53.020 [FXGL Background Thread 3 ] DEBUG Engine               - isAndroid: false
06:50:53.020 [FXGL Background Thread 3 ] DEBUG Engine               - isBrowser: false
06:50:53.021 [FXGL Background Thread 3 ] DEBUG Engine               - isClickFeedbackEnabled: false
06:50:53.021 [FXGL Background Thread 3 ] DEBUG Engine               - isCloseConfirmation: false
06:50:53.021 [FXGL Background Thread 3 ] DEBUG Engine               - isDesktop: true
06:50:53.021 [FXGL Background Thread 3 ] DEBUG Engine               - isDeveloperMenuEnabled: false
06:50:53.021 [FXGL Background Thread 3 ] DEBUG Engine               - isEmbedded: false
06:50:53.021 [FXGL Background Thread 3 ] DEBUG Engine               - isEntityPreloadEnabled: true
06:50:53.021 [FXGL Background Thread 3 ] DEBUG Engine               - isExperimentalTiledLargeMap: false
06:50:53.021 [FXGL Background Thread 3 ] DEBUG Engine               - isFileSystemWriteAllowed: true
06:50:53.021 [FXGL Background Thread 3 ] DEBUG Engine               - isFullScreenAllowed: false
06:50:53.021 [FXGL Background Thread 3 ] DEBUG Engine               - isFullScreenFromStart: false
06:50:53.021 [FXGL Background Thread 3 ] DEBUG Engine               - isGameMenuEnabled: true
06:50:53.021 [FXGL Background Thread 3 ] DEBUG Engine               - isIOS: false
06:50:53.021 [FXGL Background Thread 3 ] DEBUG Engine               - isIntroEnabled: false
06:50:53.021 [FXGL Background Thread 3 ] DEBUG Engine               - isLinux: false
06:50:53.021 [FXGL Background Thread 3 ] DEBUG Engine               - isMac: false
06:50:53.021 [FXGL Background Thread 3 ] DEBUG Engine               - isMainMenuEnabled: true
06:50:53.021 [FXGL Background Thread 3 ] DEBUG Engine               - isManualResizeEnabled: false
06:50:53.021 [FXGL Background Thread 3 ] DEBUG Engine               - isMobile: false
06:50:53.021 [FXGL Background Thread 3 ] DEBUG Engine               - isNative: false
06:50:53.021 [FXGL Background Thread 3 ] DEBUG Engine               - isPauseMusicWhenMinimized: true
06:50:53.021 [FXGL Background Thread 3 ] DEBUG Engine               - isPreserveResizeRatio: false
06:50:53.021 [FXGL Background Thread 3 ] DEBUG Engine               - isProfilingEnabled: false
06:50:53.021 [FXGL Background Thread 3 ] DEBUG Engine               - isScaleAffectedOnResize: true
06:50:53.021 [FXGL Background Thread 3 ] DEBUG Engine               - isSingleStep: false
06:50:53.021 [FXGL Background Thread 3 ] DEBUG Engine               - isUserProfileEnabled: false
06:50:53.021 [FXGL Background Thread 3 ] DEBUG Engine               - isWindows: true
06:50:53.021 [FXGL Background Thread 3 ] DEBUG Engine               - language: ObjectProperty [value: ENGLISH]
06:50:53.021 [FXGL Background Thread 3 ] DEBUG Engine               - menuKey: ESCAPE
06:50:53.021 [FXGL Background Thread 3 ] DEBUG Engine               - mouseSensitivity: 0.2
06:50:53.021 [FXGL Background Thread 3 ] DEBUG Engine               - notificationViewClass: class com.almasb.fxgl.notification.view.XboxNotificationView
06:50:53.021 [FXGL Background Thread 3 ] DEBUG Engine               - pixelsPerMeter: 50.0
06:50:53.021 [FXGL Background Thread 3 ] DEBUG Engine               - platform: WINDOWS
06:50:53.021 [FXGL Background Thread 3 ] DEBUG Engine               - prefHeightProperty: ReadOnlyDoubleProperty [value: 600.0]
06:50:53.021 [FXGL Background Thread 3 ] DEBUG Engine               - prefWidthProperty: ReadOnlyDoubleProperty [value: 800.0]
06:50:53.021 [FXGL Background Thread 3 ] DEBUG Engine               - profileDir: profiles/
06:50:53.021 [FXGL Background Thread 3 ] DEBUG Engine               - profileName: StringProperty [value: DEFAULT]
06:50:53.021 [FXGL Background Thread 3 ] DEBUG Engine               - randomSeed: -1
06:50:53.021 [FXGL Background Thread 3 ] DEBUG Engine               - runtimeInfo: RuntimeInfo(platform=WINDOWS, version=17.2, build=20.08.2022 16.50)
06:50:53.021 [FXGL Background Thread 3 ] DEBUG Engine               - saveFileExt: sav
06:50:53.021 [FXGL Background Thread 3 ] DEBUG Engine               - scaledHeightProp$fxgl: DoubleProperty [bound, value: 600.0]
06:50:53.021 [FXGL Background Thread 3 ] DEBUG Engine               - scaledWidthProp$fxgl: DoubleProperty [bound, value: 800.0]
06:50:53.021 [FXGL Background Thread 3 ] DEBUG Engine               - sceneFactory: com.almasb.fxgl.app.scene.SceneFactory@23375c86
06:50:53.021 [FXGL Background Thread 3 ] DEBUG Engine               - secondsIn24h: 60
06:50:53.022 [FXGL Background Thread 3 ] DEBUG Engine               - soundMenuBack: menu/back.wav
06:50:53.022 [FXGL Background Thread 3 ] DEBUG Engine               - soundMenuPress: menu/press.wav
06:50:53.022 [FXGL Background Thread 3 ] DEBUG Engine               - soundMenuSelect: menu/select.wav
06:50:53.022 [FXGL Background Thread 3 ] DEBUG Engine               - soundNotification: core/notification.wav
06:50:53.022 [FXGL Background Thread 3 ] DEBUG Engine               - stageStyle: DECORATED
06:50:53.022 [FXGL Background Thread 3 ] DEBUG Engine               - supportedLanguages: [ENGLISH, FRENCH, GERMAN, HUNGARIAN, RUSSIAN]
06:50:53.022 [FXGL Background Thread 3 ] DEBUG Engine               - ticksPerSecond: -1
06:50:53.022 [FXGL Background Thread 3 ] DEBUG Engine               - title: Space Invaders
06:50:53.022 [FXGL Background Thread 3 ] DEBUG Engine               - urlGithub: https://github.com/AlmasB/FXGL
06:50:53.022 [FXGL Background Thread 3 ] DEBUG Engine               - urlLeaderboard: http://fxgl-top.herokuapp.com/
06:50:53.022 [FXGL Background Thread 3 ] DEBUG Engine               - urlPOM: https://raw.githubusercontent.com/AlmasB/FXGL/release/README.md
06:50:53.022 [FXGL Background Thread 3 ] DEBUG Engine               - userAppClass: class game.spaceinvaders.SpaceInvadersApplication
06:50:53.022 [FXGL Background Thread 3 ] DEBUG Engine               - version: 0.2
06:50:53.022 [FXGL Background Thread 3 ] DEBUG Engine               - versionCheckDays: 7
06:50:53.022 [FXGL Background Thread 3 ] DEBUG Engine               - width: 800
06:50:53.022 [FXGL Background Thread 3 ] DEBUG Engine               - Logging services
06:50:53.022 [FXGL Background Thread 3 ] DEBUG Engine               - class com.almasb.fxgl.app.services.FXGLAssetLoaderService
06:50:53.022 [FXGL Background Thread 3 ] DEBUG Engine               - class com.almasb.fxgl.app.FXGLApplication$GameApplicationService
06:50:53.022 [FXGL Background Thread 3 ] DEBUG Engine               - class com.almasb.fxgl.app.services.FXGLDialogService
06:50:53.022 [FXGL Background Thread 3 ] DEBUG Engine               - class com.almasb.fxgl.app.services.IOTaskExecutorService
06:50:53.022 [FXGL Background Thread 3 ] DEBUG Engine               - class com.almasb.fxgl.io.FileSystemService
06:50:53.022 [FXGL Background Thread 3 ] DEBUG Engine               - class com.almasb.fxgl.localization.LocalizationService
06:50:53.022 [FXGL Background Thread 3 ] DEBUG Engine               - class com.almasb.fxgl.app.services.SystemBundleService
06:50:53.022 [FXGL Background Thread 3 ] DEBUG Engine               - class com.almasb.fxgl.profile.SaveLoadService
06:50:53.022 [FXGL Background Thread 3 ] DEBUG Engine               - class com.almasb.fxgl.ui.FXGLUIFactoryServiceProvider
06:50:53.022 [FXGL Background Thread 3 ] DEBUG Engine               - class com.almasb.fxgl.ui.FXGLDialogFactoryServiceProvider
06:50:53.022 [FXGL Background Thread 3 ] DEBUG Engine               - class com.almasb.fxgl.audio.AudioPlayer
06:50:53.022 [FXGL Background Thread 3 ] DEBUG Engine               - class com.almasb.fxgl.notification.impl.NotificationServiceProvider
06:50:53.022 [FXGL Background Thread 3 ] DEBUG Engine               - class com.almasb.fxgl.achievement.AchievementService
06:50:53.022 [FXGL Background Thread 3 ] DEBUG Engine               - class com.almasb.fxgl.cutscene.CutsceneService
06:50:53.022 [FXGL Background Thread 3 ] DEBUG Engine               - class com.almasb.fxgl.minigames.MiniGameService
06:50:53.022 [FXGL Background Thread 3 ] DEBUG Engine               - class com.almasb.fxgl.net.NetService
06:50:53.022 [FXGL Background Thread 3 ] DEBUG Engine               - class com.almasb.fxgl.app.services.UpdaterService
06:50:53.022 [FXGL Background Thread 3 ] DEBUG Engine               - class com.almasb.fxgl.dev.DevService
06:50:56.411 [JavaFX Application Thread] DEBUG FXGLApplication      - Exiting FXGL
06:50:56.411 [JavaFX Application Thread] DEBUG LoopRunner           - Stopping loop
06:50:56.411 [JavaFX Application Thread] DEBUG SystemBundleService  - Saving FXGL system data
06:50:56.413 [JavaFX Application Thread] DEBUG FileSystemAccess     - Writing to: C:\Users\xdan1\OneDrive\Documentos\IdeaProjects\SpaceInvaders\system\fxgl.bundle
06:50:56.415 [JavaFX Application Thread] DEBUG Async                - Shutting down background threads
06:50:56.415 [JavaFX Application Thread] DEBUG PrimaryStageWindow   - Closing main window
06:50:56.425 [JavaFX Application Thread] DEBUG Logger               - Closing Logger
