06:59:34.854 [main                     ] DEBUG Logger               - Configured Logger
06:59:34.868 [main                     ] DEBUG GameApplication      - Logging settings
Title: Space Invaders
Version: 0.2
Width: 800
Height: 600
Fullscreen: false
Intro: false
Profiling: false
Single step:false
App Mode: DEVELOPER
Menu Key: ESCAPE
Stage Style: DECORATED
Scene Factory: class com.almasb.fxgl.app.scene.SceneFactory

06:59:35.158 [JavaFX Application Thread] DEBUG FXGLApplication      - Initializing FXGL
06:59:35.161 [JavaFX Application Thread] INFO  Engine               - FXGL-17.2 (20.08.2022 16.50) on WINDOWS (J:20.0.1 FX:20)
06:59:35.161 [JavaFX Application Thread] DEBUG Engine               - JRE Vendor Name: Oracle Corporation
06:59:35.162 [JavaFX Application Thread] DEBUG Engine               - Running on OS: Windows 11 version 10.0
06:59:35.162 [JavaFX Application Thread] DEBUG Engine               - Architecture: amd64
06:59:35.162 [JavaFX Application Thread] INFO  Engine               - Source code and latest versions at: https://github.com/AlmasB/FXGL
06:59:35.162 [JavaFX Application Thread] INFO  Engine               -       Ask questions and discuss at: https://github.com/AlmasB/FXGL/discussions
06:59:35.162 [JavaFX Application Thread] INFO  Engine               -              Join the FXGL chat at: https://gitter.im/AlmasB/FXGL
06:59:35.222 [JavaFX Application Thread] DEBUG PrimaryStageWindow   - Creating a JavaFX scene
06:59:35.255 [JavaFX Application Thread] DEBUG PrimaryStageWindow   - Target settings size: 800.0 x 600.0
06:59:35.255 [JavaFX Application Thread] DEBUG PrimaryStageWindow   - Scaled scene size:    800.0 x 600.0
06:59:35.256 [JavaFX Application Thread] DEBUG PrimaryStageWindow   - Scaled ratio: (1.0, 1.0)
06:59:35.256 [JavaFX Application Thread] DEBUG PrimaryStageWindow   - Set initial scene to FXGLStartupScene
06:59:35.258 [JavaFX Application Thread] DEBUG PrimaryStageWindow   - Opening main window
06:59:35.335 [JavaFX Application Thread] DEBUG PrimaryStageWindow   - Window border size: (16.0, 39.0)
06:59:35.335 [JavaFX Application Thread] DEBUG PrimaryStageWindow   - Scaled size: 800.0 x 600.0
06:59:35.335 [JavaFX Application Thread] DEBUG PrimaryStageWindow   - Scaled ratio: (1.0, 1.0)
06:59:35.336 [JavaFX Application Thread] DEBUG PrimaryStageWindow   - Scene size: 800.0 x 600.0
06:59:35.336 [JavaFX Application Thread] DEBUG PrimaryStageWindow   - Stage size: 816.0 x 639.0
06:59:35.341 [FXGL Background Thread 1 ] DEBUG Engine               - Initializing environment variables
06:59:35.374 [FXGL Background Thread 1 ] DEBUG FXGLAssetLoaderServi - User app class for loading assets: class game.spaceinvaders.SpaceInvadersApplication
06:59:35.374 [FXGL Background Thread 1 ] DEBUG GameApplicationServi - Applying CSS: fxgl_dark.css
06:59:35.375 [FXGL Background Thread 1 ] DEBUG FXGLAssetLoaderServi - Loading from file system: jar:file:///C:/Users/xdan1/.m2/repository/com/github/almasb/fxgl/17.2/fxgl-17.2.jar!/fxglassets/ui/css/fxgl_dark.css
06:59:35.405 [FXGL Background Thread 1 ] DEBUG GameApplicationServi - Initializing application scenes
06:59:35.430 [FXGL Background Thread 1 ] DEBUG GameWorld            - Game world initialized
06:59:35.481 [FXGL Background Thread 1 ] DEBUG PhysicsWorld         - Physics world initialized: appHeight=600, physics.ppm=50,0
06:59:35.481 [FXGL Background Thread 1 ] DEBUG PhysicsWorld         - Using strategy: BRUTE_FORCE
06:59:35.484 [FXGL Background Thread 1 ] DEBUG GameScene            - Game scene initialized: 800x600
06:59:35.494 [FXGL Background Thread 1 ] DEBUG FXGL.DefaultMenu     - createMenuBodyMainMenu()
06:59:35.502 [FXGL Background Thread 1 ] DEBUG FXGL.DefaultMenu     - createOptionsMenu()
06:59:35.508 [FXGL Background Thread 1 ] DEBUG FXGLAssetLoaderServi - Loading from file system: jar:file:///C:/Users/xdan1/.m2/repository/com/github/almasb/fxgl/17.2/fxgl-17.2.jar!/fxglassets/textures/particles/smoke.png
06:59:35.571 [FXGL Background Thread 1 ] DEBUG FXGLAssetLoaderServi - Loading from file system: jar:file:///C:/Users/xdan1/.m2/repository/com/github/almasb/fxgl/17.2/fxgl-17.2.jar!/fxglassets/textures/particles/trace_horizontal.png
06:59:35.598 [FXGL Background Thread 1 ] DEBUG FXGL.DefaultMenu     - createMenuBodyGameMenu()
06:59:35.598 [FXGL Background Thread 1 ] DEBUG FXGL.DefaultMenu     - createOptionsMenu()
06:59:35.607 [FXGL Background Thread 1 ] DEBUG GameApplicationServi - Application scenes initialized
06:59:35.615 [FXGL Background Thread 1 ] DEBUG SystemBundleService  - Loading FXGL system data
06:59:35.619 [FXGL Background Thread 1 ] DEBUG FileSystemAccess     - Reading from: C:\Users\xdan1\OneDrive\Documentos\IdeaProjects\SpaceInvaders\system\fxgl.bundle
06:59:35.624 [FXGL Background Thread 1 ] DEBUG SystemBundleService  - Bundle FXGL: {}
06:59:35.624 [FXGL Background Thread 1 ] DEBUG UpdaterService       - Checking for updates
06:59:35.627 [FXGL Background Thread 4 ] DEBUG FXGLApplication      - Loading fonts
06:59:35.627 [FXGL Background Thread 1 ] DEBUG FXGLApplication      - Loading default localization
06:59:35.627 [FXGL Background Thread 4 ] DEBUG FXGLAssetLoaderServi - Loading from file system: jar:file:///C:/Users/xdan1/.m2/repository/com/github/almasb/fxgl/17.2/fxgl-17.2.jar!/fxglassets/ui/fonts/VarelaRound-Regular.ttf
06:59:35.627 [FXGL Background Thread 1 ] DEBUG FXGLAssetLoaderServi - Loading from file system: jar:file:///C:/Users/xdan1/.m2/repository/com/github/almasb/fxgl/17.2/fxgl-17.2.jar!/fxglassets/languages/english.lang
06:59:35.640 [FXGL Background Thread 1 ] INFO  FXGLApplication      - FXGL initialization took: 0,298 sec
06:59:35.651 [JavaFX Application Thread] DEBUG Input                - Registered new binding: action0 - LMB
06:59:35.651 [JavaFX Application Thread] DEBUG Input                - Registered new binding: action1 - RMB
06:59:35.656 [JavaFX Application Thread] DEBUG Input                - Registered new binding: action2 - D
06:59:35.656 [JavaFX Application Thread] DEBUG Input                - Registered new binding: action3 - A
06:59:35.657 [JavaFX Application Thread] DEBUG Input                - Registered new binding: action4 - W
06:59:35.657 [JavaFX Application Thread] DEBUG Input                - Registered new binding: action5 - S
06:59:35.657 [JavaFX Application Thread] DEBUG Input                - Registered new binding: action6 - Space
06:59:35.658 [JavaFX Application Thread] DEBUG Input                - Registered new binding: Pause - Esc
06:59:35.658 [JavaFX Application Thread] DEBUG FXGLAssetLoaderServi - Loading from file system: file:/C:/Users/xdan1/OneDrive/Documentos/IdeaProjects/SpaceInvaders/target/classes/assets/textures/icons/logo.png
06:59:35.664 [FXGL Background Thread 4 ] DEBUG FXGLAssetLoaderServi - Loading from file system: jar:file:///C:/Users/xdan1/.m2/repository/com/github/almasb/fxgl/17.2/fxgl-17.2.jar!/fxglassets/ui/fonts/Abel-Regular.ttf
06:59:35.671 [FXGL Background Thread 4 ] DEBUG FXGLAssetLoaderServi - Loading from file system: jar:file:///C:/Users/xdan1/.m2/repository/com/github/almasb/fxgl/17.2/fxgl-17.2.jar!/fxglassets/ui/fonts/TerminalLandMono-Regular.otf
06:59:35.673 [JavaFX Application Thread] DEBUG FXGLAssetLoaderServi - Loading from file system: jar:file:///C:/Users/xdan1/.m2/repository/com/github/almasb/fxgl/17.2/fxgl-17.2.jar!/fxglassets/textures/fxgl_default_cursor.png
06:59:35.675 [JavaFX Application Thread] DEBUG Input                - Registered new binding: Screenshot - CTRL+8
06:59:35.676 [JavaFX Application Thread] DEBUG Input                - Registered new binding: System info dump - CTRL+9
06:59:35.676 [JavaFX Application Thread] DEBUG Input                - Registered new binding: Restart - CTRL+R
06:59:35.677 [JavaFX Application Thread] DEBUG Input                - Registered new binding: Toggle Debug Camera - CTRL+7
06:59:35.678 [FXGL Background Thread 4 ] DEBUG FXGLAssetLoaderServi - Loading from file system: jar:file:///C:/Users/xdan1/.m2/repository/com/github/almasb/fxgl/17.2/fxgl-17.2.jar!/fxglassets/ui/fonts/Courier-Prime.ttf
06:59:35.678 [JavaFX Application Thread] DEBUG LoopRunner           - Starting loop
06:59:35.679 [JavaFX Application Thread] DEBUG LoopRunner           - Initializing JavaFX AnimationTimerLoop
06:59:35.681 [JavaFX Application Thread] DEBUG Input                - Clearing active input actions
06:59:35.686 [JavaFX Application Thread] DEBUG GameApplicationServi - Removing overlay from FXGLStartupScene and adding to FXGLMainMenuDummyScene
06:59:35.686 [JavaFX Application Thread] DEBUG PrimaryStageWindow   - FXGLStartupScene -> FXGLMainMenuDummyScene
06:59:35.686 [JavaFX Application Thread] DEBUG PrimaryStageWindow   - Push state: FXGLDefaultMenu
06:59:35.690 [JavaFX Application Thread] DEBUG Input                - Clearing active input actions
06:59:35.695 [JavaFX Application Thread] DEBUG GameApplicationServi - Removing overlay from FXGLMainMenuDummyScene and adding to FXGLDefaultMenu
06:59:35.695 [JavaFX Application Thread] DEBUG PrimaryStageWindow   - FXGLMainMenuDummyScene -> FXGLDefaultMenu
06:59:35.696 [JavaFX Application Thread] DEBUG FXGLApplication      - Registering font factories with UI factory
06:59:36.145 [FXGL Background Thread 2 ] INFO  UpdaterService       - Your current version:  17.2
06:59:36.145 [FXGL Background Thread 2 ] INFO  UpdaterService       - Latest stable version: 17.3
06:59:36.537 [JavaFX Application Thread] DEBUG Menu                 - fireNewGame()
06:59:36.537 [JavaFX Application Thread] DEBUG GameApplicationServi - Starting new game
06:59:36.538 [JavaFX Application Thread] DEBUG PrimaryStageWindow   - Pop state: FXGLDefaultMenu
06:59:36.538 [JavaFX Application Thread] DEBUG Input                - Clearing active input actions
06:59:36.540 [JavaFX Application Thread] DEBUG GameApplicationServi - Removing overlay from FXGLDefaultMenu and adding to FXGLMainMenuDummyScene
06:59:36.540 [JavaFX Application Thread] DEBUG PrimaryStageWindow   - FXGLMainMenuDummyScene <- FXGLDefaultMenu
06:59:36.540 [JavaFX Application Thread] DEBUG Input                - Clearing active input actions
06:59:36.545 [JavaFX Application Thread] DEBUG GameApplicationServi - Removing overlay from FXGLMainMenuDummyScene and adding to FXGLLoadingScene
06:59:36.545 [JavaFX Application Thread] DEBUG PrimaryStageWindow   - FXGLMainMenuDummyScene -> FXGLLoadingScene
06:59:36.545 [JavaFX Application Thread] DEBUG GameApplicationServi - Clearing previous game
06:59:36.545 [JavaFX Application Thread] DEBUG GameScene            - Clearing game scene
06:59:36.545 [JavaFX Application Thread] DEBUG GameWorld            - Clearing game world
06:59:36.545 [JavaFX Application Thread] DEBUG PhysicsWorld         - Clearing physics world
06:59:36.546 [FXGL Background Thread 2 ] DEBUG FXGLApplication      - Initializing game
06:59:36.677 [FXGL Background Thread 2 ] INFO  FXGLApplication      - Game initialization took: 0,130 sec
06:59:36.677 [JavaFX Application Thread] DEBUG Input                - Clearing active input actions
06:59:36.681 [JavaFX Application Thread] DEBUG GameApplicationServi - Removing overlay from FXGLLoadingScene and adding to GameScene
06:59:36.681 [JavaFX Application Thread] DEBUG PrimaryStageWindow   - FXGLLoadingScene -> GameScene
06:59:38.628 [FXGL Background Thread 3 ] DEBUG Engine               - Logging environment variables
06:59:38.628 [FXGL Background Thread 3 ] DEBUG Engine               - achievements: []
06:59:38.628 [FXGL Background Thread 3 ] DEBUG Engine               - actualHeight: 600.0
06:59:38.628 [FXGL Background Thread 3 ] DEBUG Engine               - actualHeightProperty: ReadOnlyDoubleProperty [value: 600.0]
06:59:38.628 [FXGL Background Thread 3 ] DEBUG Engine               - actualWidth: 800.0
06:59:38.628 [FXGL Background Thread 3 ] DEBUG Engine               - actualWidthProperty: ReadOnlyDoubleProperty [value: 800.0]
06:59:38.628 [FXGL Background Thread 3 ] DEBUG Engine               - appIcon: icons/logo.png
06:59:38.628 [FXGL Background Thread 3 ] DEBUG Engine               - applicationMode: DEVELOPER
06:59:38.628 [FXGL Background Thread 3 ] DEBUG Engine               - cSSList: [fxgl_dark.css]
06:59:38.628 [FXGL Background Thread 3 ] DEBUG Engine               - collisionDetectionStrategy: BRUTE_FORCE
06:59:38.628 [FXGL Background Thread 3 ] DEBUG Engine               - configClass: Optional.empty
06:59:38.628 [FXGL Background Thread 3 ] DEBUG Engine               - credits: []
06:59:38.629 [FXGL Background Thread 3 ] DEBUG Engine               - defaultCursor: CursorInfo(imageName=fxgl_default_cursor.png, hotspotX=7.0, hotspotY=6.0)
06:59:38.629 [FXGL Background Thread 3 ] DEBUG Engine               - devBBoxColorProperty: ObjectProperty [value: 0xff0000ff]
06:59:38.629 [FXGL Background Thread 3 ] DEBUG Engine               - devEnableDebugCameraProperty: BooleanProperty [value: false]
06:59:38.629 [FXGL Background Thread 3 ] DEBUG Engine               - devSensorColorProperty: ObjectProperty [value: 0xffff00ff]
06:59:38.629 [FXGL Background Thread 3 ] DEBUG Engine               - devShowBBoxProperty: BooleanProperty [value: false]
06:59:38.629 [FXGL Background Thread 3 ] DEBUG Engine               - devShowPositionProperty: BooleanProperty [value: false]
06:59:38.629 [FXGL Background Thread 3 ] DEBUG Engine               - enabledMenuItems: []
06:59:38.629 [FXGL Background Thread 3 ] DEBUG Engine               - engineServices: [class com.almasb.fxgl.app.services.FXGLAssetLoaderService, class com.almasb.fxgl.app.FXGLApplication$GameApplicationService, class com.almasb.fxgl.app.services.FXGLDialogService, class com.almasb.fxgl.app.services.IOTaskExecutorService, class com.almasb.fxgl.io.FileSystemService, class com.almasb.fxgl.localization.LocalizationService, class com.almasb.fxgl.app.services.SystemBundleService, class com.almasb.fxgl.profile.SaveLoadService, class com.almasb.fxgl.ui.FXGLUIFactoryServiceProvider, class com.almasb.fxgl.ui.FXGLDialogFactoryServiceProvider, class com.almasb.fxgl.audio.AudioPlayer, class com.almasb.fxgl.notification.impl.NotificationServiceProvider, class com.almasb.fxgl.achievement.AchievementService, class com.almasb.fxgl.cutscene.CutsceneService, class com.almasb.fxgl.minigames.MiniGameService, class com.almasb.fxgl.net.NetService, class com.almasb.fxgl.app.services.UpdaterService, class com.almasb.fxgl.dev.DevService]
06:59:38.629 [FXGL Background Thread 3 ] DEBUG Engine               - fontGame: Abel-Regular.ttf
06:59:38.629 [FXGL Background Thread 3 ] DEBUG Engine               - fontMono: TerminalLandMono-Regular.otf
06:59:38.629 [FXGL Background Thread 3 ] DEBUG Engine               - fontText: Courier-Prime.ttf
06:59:38.629 [FXGL Background Thread 3 ] DEBUG Engine               - fontUI: VarelaRound-Regular.ttf
06:59:38.629 [FXGL Background Thread 3 ] DEBUG Engine               - fullScreen: BooleanProperty [value: false]
06:59:38.629 [FXGL Background Thread 3 ] DEBUG Engine               - gameDifficulty: MEDIUM
06:59:38.629 [FXGL Background Thread 3 ] DEBUG Engine               - gameDifficultyProperty: ObjectProperty [value: MEDIUM]
06:59:38.629 [FXGL Background Thread 3 ] DEBUG Engine               - globalMusicVolume: 0.5
06:59:38.629 [FXGL Background Thread 3 ] DEBUG Engine               - globalMusicVolumeProperty: DoubleProperty [value: 0.5]
06:59:38.629 [FXGL Background Thread 3 ] DEBUG Engine               - globalSoundVolume: 0.5
06:59:38.629 [FXGL Background Thread 3 ] DEBUG Engine               - globalSoundVolumeProperty: DoubleProperty [value: 0.5]
06:59:38.629 [FXGL Background Thread 3 ] DEBUG Engine               - height: 600
06:59:38.629 [FXGL Background Thread 3 ] DEBUG Engine               - is3D: false
06:59:38.629 [FXGL Background Thread 3 ] DEBUG Engine               - isAndroid: false
06:59:38.629 [FXGL Background Thread 3 ] DEBUG Engine               - isBrowser: false
06:59:38.629 [FXGL Background Thread 3 ] DEBUG Engine               - isClickFeedbackEnabled: false
06:59:38.629 [FXGL Background Thread 3 ] DEBUG Engine               - isCloseConfirmation: false
06:59:38.629 [FXGL Background Thread 3 ] DEBUG Engine               - isDesktop: true
06:59:38.630 [FXGL Background Thread 3 ] DEBUG Engine               - isDeveloperMenuEnabled: false
06:59:38.630 [FXGL Background Thread 3 ] DEBUG Engine               - isEmbedded: false
06:59:38.630 [FXGL Background Thread 3 ] DEBUG Engine               - isEntityPreloadEnabled: true
06:59:38.630 [FXGL Background Thread 3 ] DEBUG Engine               - isExperimentalTiledLargeMap: false
06:59:38.630 [FXGL Background Thread 3 ] DEBUG Engine               - isFileSystemWriteAllowed: true
06:59:38.630 [FXGL Background Thread 3 ] DEBUG Engine               - isFullScreenAllowed: false
06:59:38.630 [FXGL Background Thread 3 ] DEBUG Engine               - isFullScreenFromStart: false
06:59:38.630 [FXGL Background Thread 3 ] DEBUG Engine               - isGameMenuEnabled: true
06:59:38.630 [FXGL Background Thread 3 ] DEBUG Engine               - isIOS: false
06:59:38.630 [FXGL Background Thread 3 ] DEBUG Engine               - isIntroEnabled: false
06:59:38.630 [FXGL Background Thread 3 ] DEBUG Engine               - isLinux: false
06:59:38.630 [FXGL Background Thread 3 ] DEBUG Engine               - isMac: false
06:59:38.630 [FXGL Background Thread 3 ] DEBUG Engine               - isMainMenuEnabled: true
06:59:38.630 [FXGL Background Thread 3 ] DEBUG Engine               - isManualResizeEnabled: false
06:59:38.630 [FXGL Background Thread 3 ] DEBUG Engine               - isMobile: false
06:59:38.630 [FXGL Background Thread 3 ] DEBUG Engine               - isNative: false
06:59:38.630 [FXGL Background Thread 3 ] DEBUG Engine               - isPauseMusicWhenMinimized: true
06:59:38.630 [FXGL Background Thread 3 ] DEBUG Engine               - isPreserveResizeRatio: false
06:59:38.630 [FXGL Background Thread 3 ] DEBUG Engine               - isProfilingEnabled: false
06:59:38.630 [FXGL Background Thread 3 ] DEBUG Engine               - isScaleAffectedOnResize: true
06:59:38.630 [FXGL Background Thread 3 ] DEBUG Engine               - isSingleStep: false
06:59:38.630 [FXGL Background Thread 3 ] DEBUG Engine               - isUserProfileEnabled: false
06:59:38.630 [FXGL Background Thread 3 ] DEBUG Engine               - isWindows: true
06:59:38.630 [FXGL Background Thread 3 ] DEBUG Engine               - language: ObjectProperty [value: ENGLISH]
06:59:38.630 [FXGL Background Thread 3 ] DEBUG Engine               - menuKey: ESCAPE
06:59:38.630 [FXGL Background Thread 3 ] DEBUG Engine               - mouseSensitivity: 0.2
06:59:38.630 [FXGL Background Thread 3 ] DEBUG Engine               - notificationViewClass: class com.almasb.fxgl.notification.view.XboxNotificationView
06:59:38.630 [FXGL Background Thread 3 ] DEBUG Engine               - pixelsPerMeter: 50.0
06:59:38.630 [FXGL Background Thread 3 ] DEBUG Engine               - platform: WINDOWS
06:59:38.630 [FXGL Background Thread 3 ] DEBUG Engine               - prefHeightProperty: ReadOnlyDoubleProperty [value: 600.0]
06:59:38.630 [FXGL Background Thread 3 ] DEBUG Engine               - prefWidthProperty: ReadOnlyDoubleProperty [value: 800.0]
06:59:38.630 [FXGL Background Thread 3 ] DEBUG Engine               - profileDir: profiles/
06:59:38.630 [FXGL Background Thread 3 ] DEBUG Engine               - profileName: StringProperty [value: DEFAULT]
06:59:38.630 [FXGL Background Thread 3 ] DEBUG Engine               - randomSeed: -1
06:59:38.630 [FXGL Background Thread 3 ] DEBUG Engine               - runtimeInfo: RuntimeInfo(platform=WINDOWS, version=17.2, build=20.08.2022 16.50)
06:59:38.630 [FXGL Background Thread 3 ] DEBUG Engine               - saveFileExt: sav
06:59:38.630 [FXGL Background Thread 3 ] DEBUG Engine               - scaledHeightProp$fxgl: DoubleProperty [bound, value: 600.0]
06:59:38.630 [FXGL Background Thread 3 ] DEBUG Engine               - scaledWidthProp$fxgl: DoubleProperty [bound, value: 800.0]
06:59:38.630 [FXGL Background Thread 3 ] DEBUG Engine               - sceneFactory: com.almasb.fxgl.app.scene.SceneFactory@23375c86
06:59:38.630 [FXGL Background Thread 3 ] DEBUG Engine               - secondsIn24h: 60
06:59:38.630 [FXGL Background Thread 3 ] DEBUG Engine               - soundMenuBack: menu/back.wav
06:59:38.630 [FXGL Background Thread 3 ] DEBUG Engine               - soundMenuPress: menu/press.wav
06:59:38.630 [FXGL Background Thread 3 ] DEBUG Engine               - soundMenuSelect: menu/select.wav
06:59:38.630 [FXGL Background Thread 3 ] DEBUG Engine               - soundNotification: core/notification.wav
06:59:38.630 [FXGL Background Thread 3 ] DEBUG Engine               - stageStyle: DECORATED
06:59:38.630 [FXGL Background Thread 3 ] DEBUG Engine               - supportedLanguages: [ENGLISH, FRENCH, GERMAN, HUNGARIAN, RUSSIAN]
06:59:38.631 [FXGL Background Thread 3 ] DEBUG Engine               - ticksPerSecond: -1
06:59:38.631 [FXGL Background Thread 3 ] DEBUG Engine               - title: Space Invaders
06:59:38.631 [FXGL Background Thread 3 ] DEBUG Engine               - urlGithub: https://github.com/AlmasB/FXGL
06:59:38.631 [FXGL Background Thread 3 ] DEBUG Engine               - urlLeaderboard: http://fxgl-top.herokuapp.com/
06:59:38.631 [FXGL Background Thread 3 ] DEBUG Engine               - urlPOM: https://raw.githubusercontent.com/AlmasB/FXGL/release/README.md
06:59:38.631 [FXGL Background Thread 3 ] DEBUG Engine               - userAppClass: class game.spaceinvaders.SpaceInvadersApplication
06:59:38.631 [FXGL Background Thread 3 ] DEBUG Engine               - version: 0.2
06:59:38.631 [FXGL Background Thread 3 ] DEBUG Engine               - versionCheckDays: 7
06:59:38.631 [FXGL Background Thread 3 ] DEBUG Engine               - width: 800
06:59:38.631 [FXGL Background Thread 3 ] DEBUG Engine               - Logging services
06:59:38.631 [FXGL Background Thread 3 ] DEBUG Engine               - class com.almasb.fxgl.app.services.FXGLAssetLoaderService
06:59:38.631 [FXGL Background Thread 3 ] DEBUG Engine               - class com.almasb.fxgl.app.FXGLApplication$GameApplicationService
06:59:38.631 [FXGL Background Thread 3 ] DEBUG Engine               - class com.almasb.fxgl.app.services.FXGLDialogService
06:59:38.631 [FXGL Background Thread 3 ] DEBUG Engine               - class com.almasb.fxgl.app.services.IOTaskExecutorService
06:59:38.631 [FXGL Background Thread 3 ] DEBUG Engine               - class com.almasb.fxgl.io.FileSystemService
06:59:38.631 [FXGL Background Thread 3 ] DEBUG Engine               - class com.almasb.fxgl.localization.LocalizationService
06:59:38.631 [FXGL Background Thread 3 ] DEBUG Engine               - class com.almasb.fxgl.app.services.SystemBundleService
06:59:38.631 [FXGL Background Thread 3 ] DEBUG Engine               - class com.almasb.fxgl.profile.SaveLoadService
06:59:38.631 [FXGL Background Thread 3 ] DEBUG Engine               - class com.almasb.fxgl.ui.FXGLUIFactoryServiceProvider
06:59:38.631 [FXGL Background Thread 3 ] DEBUG Engine               - class com.almasb.fxgl.ui.FXGLDialogFactoryServiceProvider
06:59:38.631 [FXGL Background Thread 3 ] DEBUG Engine               - class com.almasb.fxgl.audio.AudioPlayer
06:59:38.631 [FXGL Background Thread 3 ] DEBUG Engine               - class com.almasb.fxgl.notification.impl.NotificationServiceProvider
06:59:38.631 [FXGL Background Thread 3 ] DEBUG Engine               - class com.almasb.fxgl.achievement.AchievementService
06:59:38.631 [FXGL Background Thread 3 ] DEBUG Engine               - class com.almasb.fxgl.cutscene.CutsceneService
06:59:38.631 [FXGL Background Thread 3 ] DEBUG Engine               - class com.almasb.fxgl.minigames.MiniGameService
06:59:38.631 [FXGL Background Thread 3 ] DEBUG Engine               - class com.almasb.fxgl.net.NetService
06:59:38.631 [FXGL Background Thread 3 ] DEBUG Engine               - class com.almasb.fxgl.app.services.UpdaterService
06:59:38.631 [FXGL Background Thread 3 ] DEBUG Engine               - class com.almasb.fxgl.dev.DevService
06:59:38.890 [JavaFX Application Thread] DEBUG FXGLAssetLoaderServi - Loading from file system: file:/C:/Users/xdan1/OneDrive/Documentos/IdeaProjects/SpaceInvaders/target/classes/assets/textures/explosion.png
06:59:38.930 [JavaFX Application Thread] WARN  GameWorld            - Entity is already attached to world
06:59:40.494 [JavaFX Application Thread] WARN  GameWorld            - Entity is already attached to world
06:59:40.892 [JavaFX Application Thread] WARN  GameWorld            - Entity is already attached to world
06:59:42.506 [JavaFX Application Thread] DEBUG FXGLApplication      - Exiting FXGL
06:59:42.506 [JavaFX Application Thread] DEBUG LoopRunner           - Stopping loop
06:59:42.506 [JavaFX Application Thread] DEBUG SystemBundleService  - Saving FXGL system data
06:59:42.508 [JavaFX Application Thread] DEBUG FileSystemAccess     - Writing to: C:\Users\xdan1\OneDrive\Documentos\IdeaProjects\SpaceInvaders\system\fxgl.bundle
06:59:42.508 [JavaFX Application Thread] DEBUG Async                - Shutting down background threads
06:59:42.510 [JavaFX Application Thread] DEBUG PrimaryStageWindow   - Closing main window
06:59:42.519 [JavaFX Application Thread] DEBUG Logger               - Closing Logger
