07:49:36.316 [main                     ] DEBUG Logger               - Configured Logger
07:49:36.333 [main                     ] DEBUG GameApplication      - Logging settings
Title: Bounce
Version: 0.2
Width: 800
Height: 600
Fullscreen: false
Intro: false
Profiling: false
Single step:false
App Mode: DEVELOPER
Menu Key: ESCAPE
Stage Style: DECORATED
Scene Factory: class com.almasb.fxgl.app.scene.SceneFactory

07:49:36.658 [JavaFX Application Thread] DEBUG FXGLApplication      - Initializing FXGL
07:49:36.663 [JavaFX Application Thread] INFO  Engine               - FXGL-17.2 (20.08.2022 16.50) on WINDOWS (J:20.0.1 FX:20)
07:49:36.663 [JavaFX Application Thread] DEBUG Engine               - JRE Vendor Name: Oracle Corporation
07:49:36.664 [JavaFX Application Thread] DEBUG Engine               - Running on OS: Windows 11 version 10.0
07:49:36.664 [JavaFX Application Thread] DEBUG Engine               - Architecture: amd64
07:49:36.664 [JavaFX Application Thread] INFO  Engine               - Source code and latest versions at: https://github.com/AlmasB/FXGL
07:49:36.664 [JavaFX Application Thread] INFO  Engine               -       Ask questions and discuss at: https://github.com/AlmasB/FXGL/discussions
07:49:36.664 [JavaFX Application Thread] INFO  Engine               -              Join the FXGL chat at: https://gitter.im/AlmasB/FXGL
07:49:36.740 [JavaFX Application Thread] DEBUG PrimaryStageWindow   - Creating a JavaFX scene
07:49:36.773 [JavaFX Application Thread] DEBUG PrimaryStageWindow   - Target settings size: 800.0 x 600.0
07:49:36.773 [JavaFX Application Thread] DEBUG PrimaryStageWindow   - Scaled scene size:    800.0 x 600.0
07:49:36.773 [JavaFX Application Thread] DEBUG PrimaryStageWindow   - Scaled ratio: (1.0, 1.0)
07:49:36.774 [JavaFX Application Thread] DEBUG PrimaryStageWindow   - Set initial scene to FXGLStartupScene
07:49:36.776 [JavaFX Application Thread] DEBUG PrimaryStageWindow   - Opening main window
07:49:36.837 [JavaFX Application Thread] DEBUG PrimaryStageWindow   - Window border size: (16.0, 39.0)
07:49:36.837 [JavaFX Application Thread] DEBUG PrimaryStageWindow   - Scaled size: 800.0 x 600.0
07:49:36.838 [JavaFX Application Thread] DEBUG PrimaryStageWindow   - Scaled ratio: (1.0, 1.0)
07:49:36.838 [JavaFX Application Thread] DEBUG PrimaryStageWindow   - Scene size: 800.0 x 600.0
07:49:36.838 [JavaFX Application Thread] DEBUG PrimaryStageWindow   - Stage size: 816.0 x 639.0
07:49:36.843 [FXGL Background Thread 1 ] DEBUG Engine               - Initializing environment variables
07:49:36.875 [FXGL Background Thread 1 ] DEBUG FXGLAssetLoaderServi - User app class for loading assets: class game.spaceinvaders.SpaceInvadersApplication
07:49:36.875 [FXGL Background Thread 1 ] DEBUG GameApplicationServi - Applying CSS: fxgl_dark.css
07:49:36.876 [FXGL Background Thread 1 ] DEBUG FXGLAssetLoaderServi - Loading from file system: jar:file:///C:/Users/xdan1/.m2/repository/com/github/almasb/fxgl/17.2/fxgl-17.2.jar!/fxglassets/ui/css/fxgl_dark.css
07:49:36.906 [FXGL Background Thread 1 ] DEBUG GameApplicationServi - Initializing application scenes
07:49:36.928 [FXGL Background Thread 1 ] DEBUG GameWorld            - Game world initialized
07:49:36.979 [FXGL Background Thread 1 ] DEBUG PhysicsWorld         - Physics world initialized: appHeight=600, physics.ppm=50,0
07:49:36.979 [FXGL Background Thread 1 ] DEBUG PhysicsWorld         - Using strategy: BRUTE_FORCE
07:49:36.982 [FXGL Background Thread 1 ] DEBUG GameScene            - Game scene initialized: 800x600
07:49:36.989 [FXGL Background Thread 1 ] DEBUG FXGL.DefaultMenu     - createMenuBodyMainMenu()
07:49:36.998 [FXGL Background Thread 1 ] DEBUG FXGL.DefaultMenu     - createOptionsMenu()
07:49:37.004 [FXGL Background Thread 1 ] DEBUG FXGLAssetLoaderServi - Loading from file system: jar:file:///C:/Users/xdan1/.m2/repository/com/github/almasb/fxgl/17.2/fxgl-17.2.jar!/fxglassets/textures/particles/smoke.png
07:49:37.063 [FXGL Background Thread 1 ] DEBUG FXGLAssetLoaderServi - Loading from file system: jar:file:///C:/Users/xdan1/.m2/repository/com/github/almasb/fxgl/17.2/fxgl-17.2.jar!/fxglassets/textures/particles/trace_horizontal.png
07:49:37.083 [FXGL Background Thread 1 ] DEBUG FXGL.DefaultMenu     - createMenuBodyGameMenu()
07:49:37.084 [FXGL Background Thread 1 ] DEBUG FXGL.DefaultMenu     - createOptionsMenu()
07:49:37.092 [FXGL Background Thread 1 ] DEBUG GameApplicationServi - Application scenes initialized
07:49:37.099 [FXGL Background Thread 1 ] DEBUG SystemBundleService  - Loading FXGL system data
07:49:37.102 [FXGL Background Thread 1 ] DEBUG FileSystemAccess     - Reading from: C:\Users\xdan1\Documents\IdeaProjects\SpaceInvaders\system\fxgl.bundle
07:49:37.109 [FXGL Background Thread 1 ] DEBUG SystemBundleService  - Bundle FXGL: {}
07:49:37.109 [FXGL Background Thread 1 ] DEBUG UpdaterService       - Checking for updates
07:49:37.111 [FXGL Background Thread 4 ] DEBUG FXGLApplication      - Loading fonts
07:49:37.112 [FXGL Background Thread 1 ] DEBUG FXGLApplication      - Loading default localization
07:49:37.112 [FXGL Background Thread 4 ] DEBUG FXGLAssetLoaderServi - Loading from file system: jar:file:///C:/Users/xdan1/.m2/repository/com/github/almasb/fxgl/17.2/fxgl-17.2.jar!/fxglassets/ui/fonts/VarelaRound-Regular.ttf
07:49:37.112 [FXGL Background Thread 1 ] DEBUG FXGLAssetLoaderServi - Loading from file system: jar:file:///C:/Users/xdan1/.m2/repository/com/github/almasb/fxgl/17.2/fxgl-17.2.jar!/fxglassets/languages/english.lang
07:49:37.124 [FXGL Background Thread 1 ] INFO  FXGLApplication      - FXGL initialization took: 0,281 sec
07:49:37.127 [JavaFX Application Thread] DEBUG Input                - Registered new binding: action0 - LMB
07:49:37.131 [JavaFX Application Thread] DEBUG Input                - Registered new binding: action1 - D
07:49:37.131 [JavaFX Application Thread] DEBUG Input                - Registered new binding: action2 - A
07:49:37.131 [JavaFX Application Thread] DEBUG Input                - Registered new binding: action3 - W
07:49:37.131 [JavaFX Application Thread] DEBUG Input                - Registered new binding: action4 - S
07:49:37.132 [JavaFX Application Thread] DEBUG Input                - Registered new binding: action5 - Esc
07:49:37.132 [JavaFX Application Thread] WARN  FXGLAssetLoaderServi - Asset "/assets/textures/logo.png" was not found!
07:49:37.132 [JavaFX Application Thread] WARN  FXGLAssetLoaderServi - Failed to load IMAGE
07:49:37.138 [JavaFX Application Thread] DEBUG FXGLAssetLoaderServi - Loading from file system: jar:file:///C:/Users/xdan1/.m2/repository/com/github/almasb/fxgl/17.2/fxgl-17.2.jar!/fxglassets/textures/fxgl_default_cursor.png
07:49:37.140 [JavaFX Application Thread] DEBUG Input                - Registered new binding: Screenshot - CTRL+8
07:49:37.140 [JavaFX Application Thread] DEBUG Input                - Registered new binding: System info dump - CTRL+9
07:49:37.140 [JavaFX Application Thread] DEBUG Input                - Registered new binding: Restart - CTRL+R
07:49:37.140 [JavaFX Application Thread] DEBUG Input                - Registered new binding: Toggle Debug Camera - CTRL+7
07:49:37.142 [JavaFX Application Thread] DEBUG LoopRunner           - Starting loop
07:49:37.142 [JavaFX Application Thread] DEBUG LoopRunner           - Initializing JavaFX AnimationTimerLoop
07:49:37.144 [JavaFX Application Thread] DEBUG Input                - Clearing active input actions
07:49:37.148 [FXGL Background Thread 4 ] DEBUG FXGLAssetLoaderServi - Loading from file system: jar:file:///C:/Users/xdan1/.m2/repository/com/github/almasb/fxgl/17.2/fxgl-17.2.jar!/fxglassets/ui/fonts/Abel-Regular.ttf
07:49:37.149 [JavaFX Application Thread] DEBUG GameApplicationServi - Removing overlay from FXGLStartupScene and adding to FXGLMainMenuDummyScene
07:49:37.149 [JavaFX Application Thread] DEBUG PrimaryStageWindow   - FXGLStartupScene -> FXGLMainMenuDummyScene
07:49:37.149 [JavaFX Application Thread] DEBUG PrimaryStageWindow   - Push state: FXGLDefaultMenu
07:49:37.153 [JavaFX Application Thread] DEBUG Input                - Clearing active input actions
07:49:37.155 [FXGL Background Thread 4 ] DEBUG FXGLAssetLoaderServi - Loading from file system: jar:file:///C:/Users/xdan1/.m2/repository/com/github/almasb/fxgl/17.2/fxgl-17.2.jar!/fxglassets/ui/fonts/TerminalLandMono-Regular.otf
07:49:37.158 [JavaFX Application Thread] DEBUG GameApplicationServi - Removing overlay from FXGLMainMenuDummyScene and adding to FXGLDefaultMenu
07:49:37.158 [JavaFX Application Thread] DEBUG PrimaryStageWindow   - FXGLMainMenuDummyScene -> FXGLDefaultMenu
07:49:37.161 [FXGL Background Thread 4 ] DEBUG FXGLAssetLoaderServi - Loading from file system: jar:file:///C:/Users/xdan1/.m2/repository/com/github/almasb/fxgl/17.2/fxgl-17.2.jar!/fxglassets/ui/fonts/Courier-Prime.ttf
07:49:37.206 [JavaFX Application Thread] DEBUG FXGLApplication      - Registering font factories with UI factory
07:49:37.419 [FXGL Background Thread 2 ] INFO  UpdaterService       - Your current version:  17.2
07:49:37.419 [FXGL Background Thread 2 ] INFO  UpdaterService       - Latest stable version: 17.3
07:49:40.111 [FXGL Background Thread 3 ] DEBUG Engine               - Logging environment variables
07:49:40.111 [FXGL Background Thread 3 ] DEBUG Engine               - achievements: []
07:49:40.111 [FXGL Background Thread 3 ] DEBUG Engine               - actualHeight: 600.0
07:49:40.111 [FXGL Background Thread 3 ] DEBUG Engine               - actualHeightProperty: ReadOnlyDoubleProperty [value: 600.0]
07:49:40.111 [FXGL Background Thread 3 ] DEBUG Engine               - actualWidth: 800.0
07:49:40.111 [FXGL Background Thread 3 ] DEBUG Engine               - actualWidthProperty: ReadOnlyDoubleProperty [value: 800.0]
07:49:40.111 [FXGL Background Thread 3 ] DEBUG Engine               - appIcon: logo.png
07:49:40.111 [FXGL Background Thread 3 ] DEBUG Engine               - applicationMode: DEVELOPER
07:49:40.111 [FXGL Background Thread 3 ] DEBUG Engine               - cSSList: [fxgl_dark.css]
07:49:40.112 [FXGL Background Thread 3 ] DEBUG Engine               - collisionDetectionStrategy: BRUTE_FORCE
07:49:40.112 [FXGL Background Thread 3 ] DEBUG Engine               - configClass: Optional.empty
07:49:40.112 [FXGL Background Thread 3 ] DEBUG Engine               - credits: []
07:49:40.112 [FXGL Background Thread 3 ] DEBUG Engine               - defaultCursor: CursorInfo(imageName=fxgl_default_cursor.png, hotspotX=7.0, hotspotY=6.0)
07:49:40.112 [FXGL Background Thread 3 ] DEBUG Engine               - devBBoxColorProperty: ObjectProperty [value: 0xff0000ff]
07:49:40.112 [FXGL Background Thread 3 ] DEBUG Engine               - devEnableDebugCameraProperty: BooleanProperty [value: false]
07:49:40.112 [FXGL Background Thread 3 ] DEBUG Engine               - devSensorColorProperty: ObjectProperty [value: 0xffff00ff]
07:49:40.112 [FXGL Background Thread 3 ] DEBUG Engine               - devShowBBoxProperty: BooleanProperty [value: false]
07:49:40.112 [FXGL Background Thread 3 ] DEBUG Engine               - devShowPositionProperty: BooleanProperty [value: false]
07:49:40.112 [FXGL Background Thread 3 ] DEBUG Engine               - enabledMenuItems: []
07:49:40.112 [FXGL Background Thread 3 ] DEBUG Engine               - engineServices: [class com.almasb.fxgl.app.services.FXGLAssetLoaderService, class com.almasb.fxgl.app.FXGLApplication$GameApplicationService, class com.almasb.fxgl.app.services.FXGLDialogService, class com.almasb.fxgl.app.services.IOTaskExecutorService, class com.almasb.fxgl.io.FileSystemService, class com.almasb.fxgl.localization.LocalizationService, class com.almasb.fxgl.app.services.SystemBundleService, class com.almasb.fxgl.profile.SaveLoadService, class com.almasb.fxgl.ui.FXGLUIFactoryServiceProvider, class com.almasb.fxgl.ui.FXGLDialogFactoryServiceProvider, class com.almasb.fxgl.audio.AudioPlayer, class com.almasb.fxgl.notification.impl.NotificationServiceProvider, class com.almasb.fxgl.achievement.AchievementService, class com.almasb.fxgl.cutscene.CutsceneService, class com.almasb.fxgl.minigames.MiniGameService, class com.almasb.fxgl.net.NetService, class com.almasb.fxgl.app.services.UpdaterService, class com.almasb.fxgl.dev.DevService]
07:49:40.112 [FXGL Background Thread 3 ] DEBUG Engine               - fontGame: Abel-Regular.ttf
07:49:40.112 [FXGL Background Thread 3 ] DEBUG Engine               - fontMono: TerminalLandMono-Regular.otf
07:49:40.112 [FXGL Background Thread 3 ] DEBUG Engine               - fontText: Courier-Prime.ttf
07:49:40.112 [FXGL Background Thread 3 ] DEBUG Engine               - fontUI: VarelaRound-Regular.ttf
07:49:40.112 [FXGL Background Thread 3 ] DEBUG Engine               - fullScreen: BooleanProperty [value: false]
07:49:40.112 [FXGL Background Thread 3 ] DEBUG Engine               - gameDifficulty: MEDIUM
07:49:40.112 [FXGL Background Thread 3 ] DEBUG Engine               - gameDifficultyProperty: ObjectProperty [value: MEDIUM]
07:49:40.112 [FXGL Background Thread 3 ] DEBUG Engine               - globalMusicVolume: 0.5
07:49:40.112 [FXGL Background Thread 3 ] DEBUG Engine               - globalMusicVolumeProperty: DoubleProperty [value: 0.5]
07:49:40.112 [FXGL Background Thread 3 ] DEBUG Engine               - globalSoundVolume: 0.5
07:49:40.113 [FXGL Background Thread 3 ] DEBUG Engine               - globalSoundVolumeProperty: DoubleProperty [value: 0.5]
07:49:40.113 [FXGL Background Thread 3 ] DEBUG Engine               - height: 600
07:49:40.113 [FXGL Background Thread 3 ] DEBUG Engine               - is3D: false
07:49:40.113 [FXGL Background Thread 3 ] DEBUG Engine               - isAndroid: false
07:49:40.113 [FXGL Background Thread 3 ] DEBUG Engine               - isBrowser: false
07:49:40.113 [FXGL Background Thread 3 ] DEBUG Engine               - isClickFeedbackEnabled: false
07:49:40.113 [FXGL Background Thread 3 ] DEBUG Engine               - isCloseConfirmation: false
07:49:40.113 [FXGL Background Thread 3 ] DEBUG Engine               - isDesktop: true
07:49:40.113 [FXGL Background Thread 3 ] DEBUG Engine               - isDeveloperMenuEnabled: false
07:49:40.113 [FXGL Background Thread 3 ] DEBUG Engine               - isEmbedded: false
07:49:40.113 [FXGL Background Thread 3 ] DEBUG Engine               - isEntityPreloadEnabled: true
07:49:40.113 [FXGL Background Thread 3 ] DEBUG Engine               - isExperimentalTiledLargeMap: false
07:49:40.113 [FXGL Background Thread 3 ] DEBUG Engine               - isFileSystemWriteAllowed: true
07:49:40.113 [FXGL Background Thread 3 ] DEBUG Engine               - isFullScreenAllowed: false
07:49:40.113 [FXGL Background Thread 3 ] DEBUG Engine               - isFullScreenFromStart: false
07:49:40.113 [FXGL Background Thread 3 ] DEBUG Engine               - isGameMenuEnabled: true
07:49:40.113 [FXGL Background Thread 3 ] DEBUG Engine               - isIOS: false
07:49:40.113 [FXGL Background Thread 3 ] DEBUG Engine               - isIntroEnabled: false
07:49:40.113 [FXGL Background Thread 3 ] DEBUG Engine               - isLinux: false
07:49:40.113 [FXGL Background Thread 3 ] DEBUG Engine               - isMac: false
07:49:40.113 [FXGL Background Thread 3 ] DEBUG Engine               - isMainMenuEnabled: true
07:49:40.114 [FXGL Background Thread 3 ] DEBUG Engine               - isManualResizeEnabled: false
07:49:40.114 [FXGL Background Thread 3 ] DEBUG Engine               - isMobile: false
07:49:40.114 [FXGL Background Thread 3 ] DEBUG Engine               - isNative: false
07:49:40.114 [FXGL Background Thread 3 ] DEBUG Engine               - isPauseMusicWhenMinimized: true
07:49:40.114 [FXGL Background Thread 3 ] DEBUG Engine               - isPreserveResizeRatio: false
07:49:40.114 [FXGL Background Thread 3 ] DEBUG Engine               - isProfilingEnabled: false
07:49:40.114 [FXGL Background Thread 3 ] DEBUG Engine               - isScaleAffectedOnResize: true
07:49:40.114 [FXGL Background Thread 3 ] DEBUG Engine               - isSingleStep: false
07:49:40.114 [FXGL Background Thread 3 ] DEBUG Engine               - isUserProfileEnabled: false
07:49:40.115 [FXGL Background Thread 3 ] DEBUG Engine               - isWindows: true
07:49:40.115 [FXGL Background Thread 3 ] DEBUG Engine               - language: ObjectProperty [value: ENGLISH]
07:49:40.115 [FXGL Background Thread 3 ] DEBUG Engine               - menuKey: ESCAPE
07:49:40.115 [FXGL Background Thread 3 ] DEBUG Engine               - mouseSensitivity: 0.2
07:49:40.115 [FXGL Background Thread 3 ] DEBUG Engine               - notificationViewClass: class com.almasb.fxgl.notification.view.XboxNotificationView
07:49:40.115 [FXGL Background Thread 3 ] DEBUG Engine               - pixelsPerMeter: 50.0
07:49:40.115 [FXGL Background Thread 3 ] DEBUG Engine               - platform: WINDOWS
07:49:40.115 [FXGL Background Thread 3 ] DEBUG Engine               - prefHeightProperty: ReadOnlyDoubleProperty [value: 600.0]
07:49:40.115 [FXGL Background Thread 3 ] DEBUG Engine               - prefWidthProperty: ReadOnlyDoubleProperty [value: 800.0]
07:49:40.115 [FXGL Background Thread 3 ] DEBUG Engine               - profileDir: profiles/
07:49:40.115 [FXGL Background Thread 3 ] DEBUG Engine               - profileName: StringProperty [value: DEFAULT]
07:49:40.115 [FXGL Background Thread 3 ] DEBUG Engine               - randomSeed: -1
07:49:40.115 [FXGL Background Thread 3 ] DEBUG Engine               - runtimeInfo: RuntimeInfo(platform=WINDOWS, version=17.2, build=20.08.2022 16.50)
07:49:40.115 [FXGL Background Thread 3 ] DEBUG Engine               - saveFileExt: sav
07:49:40.115 [FXGL Background Thread 3 ] DEBUG Engine               - scaledHeightProp$fxgl: DoubleProperty [bound, value: 600.0]
07:49:40.115 [FXGL Background Thread 3 ] DEBUG Engine               - scaledWidthProp$fxgl: DoubleProperty [bound, value: 800.0]
07:49:40.115 [FXGL Background Thread 3 ] DEBUG Engine               - sceneFactory: com.almasb.fxgl.app.scene.SceneFactory@27a57220
07:49:40.115 [FXGL Background Thread 3 ] DEBUG Engine               - secondsIn24h: 60
07:49:40.115 [FXGL Background Thread 3 ] DEBUG Engine               - soundMenuBack: menu/back.wav
07:49:40.115 [FXGL Background Thread 3 ] DEBUG Engine               - soundMenuPress: menu/press.wav
07:49:40.115 [FXGL Background Thread 3 ] DEBUG Engine               - soundMenuSelect: menu/select.wav
07:49:40.115 [FXGL Background Thread 3 ] DEBUG Engine               - soundNotification: core/notification.wav
07:49:40.115 [FXGL Background Thread 3 ] DEBUG Engine               - stageStyle: DECORATED
07:49:40.115 [FXGL Background Thread 3 ] DEBUG Engine               - supportedLanguages: [ENGLISH, FRENCH, GERMAN, HUNGARIAN, RUSSIAN]
07:49:40.115 [FXGL Background Thread 3 ] DEBUG Engine               - ticksPerSecond: -1
07:49:40.115 [FXGL Background Thread 3 ] DEBUG Engine               - title: Bounce
07:49:40.115 [FXGL Background Thread 3 ] DEBUG Engine               - urlGithub: https://github.com/AlmasB/FXGL
07:49:40.115 [FXGL Background Thread 3 ] DEBUG Engine               - urlLeaderboard: http://fxgl-top.herokuapp.com/
07:49:40.115 [FXGL Background Thread 3 ] DEBUG Engine               - urlPOM: https://raw.githubusercontent.com/AlmasB/FXGL/release/README.md
07:49:40.115 [FXGL Background Thread 3 ] DEBUG Engine               - userAppClass: class game.spaceinvaders.SpaceInvadersApplication
07:49:40.115 [FXGL Background Thread 3 ] DEBUG Engine               - version: 0.2
07:49:40.115 [FXGL Background Thread 3 ] DEBUG Engine               - versionCheckDays: 7
07:49:40.115 [FXGL Background Thread 3 ] DEBUG Engine               - width: 800
07:49:40.116 [FXGL Background Thread 3 ] DEBUG Engine               - Logging services
07:49:40.116 [FXGL Background Thread 3 ] DEBUG Engine               - class com.almasb.fxgl.app.services.FXGLAssetLoaderService
07:49:40.116 [FXGL Background Thread 3 ] DEBUG Engine               - class com.almasb.fxgl.app.FXGLApplication$GameApplicationService
07:49:40.116 [FXGL Background Thread 3 ] DEBUG Engine               - class com.almasb.fxgl.app.services.FXGLDialogService
07:49:40.116 [FXGL Background Thread 3 ] DEBUG Engine               - class com.almasb.fxgl.app.services.IOTaskExecutorService
07:49:40.116 [FXGL Background Thread 3 ] DEBUG Engine               - class com.almasb.fxgl.io.FileSystemService
07:49:40.116 [FXGL Background Thread 3 ] DEBUG Engine               - class com.almasb.fxgl.localization.LocalizationService
07:49:40.116 [FXGL Background Thread 3 ] DEBUG Engine               - class com.almasb.fxgl.app.services.SystemBundleService
07:49:40.116 [FXGL Background Thread 3 ] DEBUG Engine               - class com.almasb.fxgl.profile.SaveLoadService
07:49:40.116 [FXGL Background Thread 3 ] DEBUG Engine               - class com.almasb.fxgl.ui.FXGLUIFactoryServiceProvider
07:49:40.116 [FXGL Background Thread 3 ] DEBUG Engine               - class com.almasb.fxgl.ui.FXGLDialogFactoryServiceProvider
07:49:40.116 [FXGL Background Thread 3 ] DEBUG Engine               - class com.almasb.fxgl.audio.AudioPlayer
07:49:40.116 [FXGL Background Thread 3 ] DEBUG Engine               - class com.almasb.fxgl.notification.impl.NotificationServiceProvider
07:49:40.116 [FXGL Background Thread 3 ] DEBUG Engine               - class com.almasb.fxgl.achievement.AchievementService
07:49:40.116 [FXGL Background Thread 3 ] DEBUG Engine               - class com.almasb.fxgl.cutscene.CutsceneService
07:49:40.116 [FXGL Background Thread 3 ] DEBUG Engine               - class com.almasb.fxgl.minigames.MiniGameService
07:49:40.116 [FXGL Background Thread 3 ] DEBUG Engine               - class com.almasb.fxgl.net.NetService
07:49:40.116 [FXGL Background Thread 3 ] DEBUG Engine               - class com.almasb.fxgl.app.services.UpdaterService
07:49:40.116 [FXGL Background Thread 3 ] DEBUG Engine               - class com.almasb.fxgl.dev.DevService
07:49:41.307 [JavaFX Application Thread] DEBUG Menu                 - fireNewGame()
07:49:41.307 [JavaFX Application Thread] DEBUG GameApplicationServi - Starting new game
07:49:41.308 [JavaFX Application Thread] DEBUG PrimaryStageWindow   - Pop state: FXGLDefaultMenu
07:49:41.308 [JavaFX Application Thread] DEBUG Input                - Clearing active input actions
07:49:41.309 [JavaFX Application Thread] DEBUG GameApplicationServi - Removing overlay from FXGLDefaultMenu and adding to FXGLMainMenuDummyScene
07:49:41.309 [JavaFX Application Thread] DEBUG PrimaryStageWindow   - FXGLMainMenuDummyScene <- FXGLDefaultMenu
07:49:41.309 [JavaFX Application Thread] DEBUG Input                - Clearing active input actions
07:49:41.315 [JavaFX Application Thread] DEBUG GameApplicationServi - Removing overlay from FXGLMainMenuDummyScene and adding to FXGLLoadingScene
07:49:41.315 [JavaFX Application Thread] DEBUG PrimaryStageWindow   - FXGLMainMenuDummyScene -> FXGLLoadingScene
07:49:41.315 [JavaFX Application Thread] DEBUG GameApplicationServi - Clearing previous game
07:49:41.315 [JavaFX Application Thread] DEBUG GameScene            - Clearing game scene
07:49:41.315 [JavaFX Application Thread] DEBUG GameWorld            - Clearing game world
07:49:41.315 [JavaFX Application Thread] DEBUG PhysicsWorld         - Clearing physics world
07:49:41.316 [FXGL Background Thread 2 ] DEBUG FXGLApplication      - Initializing game
07:49:41.326 [JavaFX Application Thread] DEBUG LoopRunner           - Stopping loop
07:49:41.327 [JavaFX Application Thread] FATAL FXGLApplication      - Uncaught Exception:
java.lang.RuntimeException: Initialization failed
	at com.almasb.fxgl.all@17.2/com.almasb.fxgl.app.FXGLApplication$InitAppTask.failed(FXGLApplication.kt:343)
	at javafx.graphics@20/javafx.concurrent.Task.setState(Task.java:710)
	at javafx.graphics@20/javafx.concurrent.Task$TaskCallable.lambda$call$2(Task.java:1456)
	at javafx.graphics@20/com.sun.javafx.application.PlatformImpl.lambda$runLater$10(PlatformImpl.java:456)
	at java.base/java.security.AccessController.doPrivileged(AccessController.java:400)
	at javafx.graphics@20/com.sun.javafx.application.PlatformImpl.lambda$runLater$11(PlatformImpl.java:455)
	at javafx.graphics@20/com.sun.glass.ui.InvokeLaterDispatcher$Future.run(InvokeLaterDispatcher.java:95)
	at javafx.graphics@20/com.sun.glass.ui.win.WinApplication._runLoop(Native Method)
	at javafx.graphics@20/com.sun.glass.ui.win.WinApplication.lambda$runLoop$3(WinApplication.java:185)
	at java.base/java.lang.Thread.run(Thread.java:1623)
Caused by: java.lang.NullPointerException: Cannot invoke "java.net.URL.toExternalForm()" because the return value of "java.lang.Class.getResource(String)" is null
	at game.spaceinvaders/game.spaceinvaders.SpaceInvadersApplication.initGame(SpaceInvadersApplication.java:39)
	at com.almasb.fxgl.all@17.2/com.almasb.fxgl.app.FXGLApplication$InitAppTask.initGame(FXGLApplication.kt:339)
	at com.almasb.fxgl.all@17.2/com.almasb.fxgl.app.FXGLApplication$InitAppTask.call(FXGLApplication.kt:319)
	at com.almasb.fxgl.all@17.2/com.almasb.fxgl.app.FXGLApplication$InitAppTask.call(FXGLApplication.kt:311)
	at javafx.graphics@20/javafx.concurrent.Task$TaskCallable.call(Task.java:1426)
	at java.base/java.util.concurrent.FutureTask.run(FutureTask.java:317)
	at java.base/java.util.concurrent.Executors$RunnableAdapter.call(Executors.java:577)
	at java.base/java.util.concurrent.FutureTask.run(FutureTask.java:317)
	at java.base/java.util.concurrent.ThreadPoolExecutor.runWorker(ThreadPoolExecutor.java:1144)
	at java.base/java.util.concurrent.ThreadPoolExecutor$Worker.run(ThreadPoolExecutor.java:642)
	... 1 more

07:49:41.327 [JavaFX Application Thread] FATAL FXGLApplication      - Application will now exit
07:49:41.337 [JavaFX Application Thread] DEBUG PrimaryStageWindow   - Push state: ErrorSubScene
07:49:41.337 [JavaFX Application Thread] DEBUG Input                - Clearing active input actions
07:49:41.338 [JavaFX Application Thread] DEBUG GameApplicationServi - Removing overlay from FXGLLoadingScene and adding to ErrorSubScene
07:49:41.338 [JavaFX Application Thread] DEBUG PrimaryStageWindow   - FXGLLoadingScene -> ErrorSubScene
07:49:48.804 [JavaFX Application Thread] DEBUG FXGLApplication      - Exiting FXGL
07:49:48.804 [JavaFX Application Thread] DEBUG Async                - Shutting down background threads
07:49:48.805 [JavaFX Application Thread] DEBUG PrimaryStageWindow   - Closing main window
07:49:48.813 [JavaFX Application Thread] DEBUG Logger               - Closing Logger
